<?xml version="1.0" encoding="UTF-8"?>
<testsuite xmlns:xsi="http://www.w3.org/2001/XMLSchema-instance" xsi:noNamespaceSchemaLocation="https://maven.apache.org/surefire/maven-surefire-plugin/xsd/surefire-test-report-3.0.xsd" version="3.0" name="TestSuite" time="119.687" tests="3" errors="0" skipped="0" failures="0">
  <properties>
    <property name="gopherProxySet" value="false"/>
    <property name="awt.toolkit" value="sun.lwawt.macosx.LWCToolkit"/>
    <property name="file.encoding.pkg" value="sun.io"/>
    <property name="java.specification.version" value="1.8"/>
    <property name="sun.cpu.isalist" value=""/>
    <property name="sun.jnu.encoding" value="UTF-8"/>
    <property name="java.class.path" value="/Users/kyialbekn/IdeaProjects/AppiumDemo/target/test-classes:/Users/kyialbekn/IdeaProjects/AppiumDemo/target/classes:/Users/kyialbekn/.m2/repository/org/testng/testng/6.14.3/testng-6.14.3.jar:/Users/kyialbekn/.m2/repository/com/beust/jcommander/1.72/jcommander-1.72.jar:/Users/kyialbekn/.m2/repository/org/apache-extras/beanshell/bsh/2.0b6/bsh-2.0b6.jar:/Users/kyialbekn/.m2/repository/org/apache/commons/commons-lang3/3.9/commons-lang3-3.9.jar:/Users/kyialbekn/.m2/repository/commons-io/commons-io/2.6/commons-io-2.6.jar:/Users/kyialbekn/.m2/repository/io/appium/java-client/7.0.0/java-client-7.0.0.jar:/Users/kyialbekn/.m2/repository/org/seleniumhq/selenium/selenium-support/3.141.59/selenium-support-3.141.59.jar:/Users/kyialbekn/.m2/repository/org/seleniumhq/selenium/selenium-api/3.141.59/selenium-api-3.141.59.jar:/Users/kyialbekn/.m2/repository/com/google/code/gson/gson/2.8.5/gson-2.8.5.jar:/Users/kyialbekn/.m2/repository/org/apache/httpcomponents/httpclient/4.5.6/httpclient-4.5.6.jar:/Users/kyialbekn/.m2/repository/org/apache/httpcomponents/httpcore/4.4.10/httpcore-4.4.10.jar:/Users/kyialbekn/.m2/repository/commons-codec/commons-codec/1.10/commons-codec-1.10.jar:/Users/kyialbekn/.m2/repository/cglib/cglib/3.2.8/cglib-3.2.8.jar:/Users/kyialbekn/.m2/repository/org/ow2/asm/asm/6.2.1/asm-6.2.1.jar:/Users/kyialbekn/.m2/repository/org/apache/ant/ant/1.10.3/ant-1.10.3.jar:/Users/kyialbekn/.m2/repository/org/apache/ant/ant-launcher/1.10.3/ant-launcher-1.10.3.jar:/Users/kyialbekn/.m2/repository/org/springframework/spring-context/5.1.0.RELEASE/spring-context-5.1.0.RELEASE.jar:/Users/kyialbekn/.m2/repository/org/springframework/spring-aop/5.1.0.RELEASE/spring-aop-5.1.0.RELEASE.jar:/Users/kyialbekn/.m2/repository/org/springframework/spring-beans/5.1.0.RELEASE/spring-beans-5.1.0.RELEASE.jar:/Users/kyialbekn/.m2/repository/org/springframework/spring-core/5.1.0.RELEASE/spring-core-5.1.0.RELEASE.jar:/Users/kyialbekn/.m2/repository/org/springframework/spring-jcl/5.1.0.RELEASE/spring-jcl-5.1.0.RELEASE.jar:/Users/kyialbekn/.m2/repository/org/springframework/spring-expression/5.1.0.RELEASE/spring-expression-5.1.0.RELEASE.jar:/Users/kyialbekn/.m2/repository/org/aspectj/aspectjweaver/1.9.1/aspectjweaver-1.9.1.jar:/Users/kyialbekn/.m2/repository/com/aventstack/extentreports/4.0.0/extentreports-4.0.0.jar:/Users/kyialbekn/.m2/repository/org/freemarker/freemarker/2.3.23/freemarker-2.3.23.jar:/Users/kyialbekn/.m2/repository/org/mongodb/mongodb-driver/3.3.0/mongodb-driver-3.3.0.jar:/Users/kyialbekn/.m2/repository/org/mongodb/mongodb-driver-core/3.3.0/mongodb-driver-core-3.3.0.jar:/Users/kyialbekn/.m2/repository/org/mongodb/bson/3.3.0/bson-3.3.0.jar:/Users/kyialbekn/.m2/repository/org/apache/httpcomponents/httpmime/4.5.2/httpmime-4.5.2.jar:/Users/kyialbekn/.m2/repository/commons-validator/commons-validator/1.6/commons-validator-1.6.jar:/Users/kyialbekn/.m2/repository/commons-beanutils/commons-beanutils/1.9.2/commons-beanutils-1.9.2.jar:/Users/kyialbekn/.m2/repository/commons-digester/commons-digester/1.8.1/commons-digester-1.8.1.jar:/Users/kyialbekn/.m2/repository/commons-logging/commons-logging/1.2/commons-logging-1.2.jar:/Users/kyialbekn/.m2/repository/commons-collections/commons-collections/3.2.2/commons-collections-3.2.2.jar:/Users/kyialbekn/.m2/repository/org/slf4j/slf4j-simple/1.7.26/slf4j-simple-1.7.26.jar:/Users/kyialbekn/.m2/repository/org/slf4j/slf4j-api/1.7.26/slf4j-api-1.7.26.jar:/Users/kyialbekn/.m2/repository/org/seleniumhq/selenium/selenium-java/3.141.59/selenium-java-3.141.59.jar:/Users/kyialbekn/.m2/repository/org/seleniumhq/selenium/selenium-chrome-driver/3.141.59/selenium-chrome-driver-3.141.59.jar:/Users/kyialbekn/.m2/repository/org/seleniumhq/selenium/selenium-edge-driver/3.141.59/selenium-edge-driver-3.141.59.jar:/Users/kyialbekn/.m2/repository/org/seleniumhq/selenium/selenium-firefox-driver/3.141.59/selenium-firefox-driver-3.141.59.jar:/Users/kyialbekn/.m2/repository/org/seleniumhq/selenium/selenium-ie-driver/3.141.59/selenium-ie-driver-3.141.59.jar:/Users/kyialbekn/.m2/repository/org/seleniumhq/selenium/selenium-opera-driver/3.141.59/selenium-opera-driver-3.141.59.jar:/Users/kyialbekn/.m2/repository/org/seleniumhq/selenium/selenium-remote-driver/3.141.59/selenium-remote-driver-3.141.59.jar:/Users/kyialbekn/.m2/repository/org/seleniumhq/selenium/selenium-safari-driver/3.141.59/selenium-safari-driver-3.141.59.jar:/Users/kyialbekn/.m2/repository/net/bytebuddy/byte-buddy/1.8.15/byte-buddy-1.8.15.jar:/Users/kyialbekn/.m2/repository/org/apache/commons/commons-exec/1.3/commons-exec-1.3.jar:/Users/kyialbekn/.m2/repository/com/google/guava/guava/25.0-jre/guava-25.0-jre.jar:/Users/kyialbekn/.m2/repository/com/google/code/findbugs/jsr305/1.3.9/jsr305-1.3.9.jar:/Users/kyialbekn/.m2/repository/org/checkerframework/checker-compat-qual/2.0.0/checker-compat-qual-2.0.0.jar:/Users/kyialbekn/.m2/repository/com/google/errorprone/error_prone_annotations/2.1.3/error_prone_annotations-2.1.3.jar:/Users/kyialbekn/.m2/repository/com/google/j2objc/j2objc-annotations/1.1/j2objc-annotations-1.1.jar:/Users/kyialbekn/.m2/repository/org/codehaus/mojo/animal-sniffer-annotations/1.14/animal-sniffer-annotations-1.14.jar:/Users/kyialbekn/.m2/repository/com/squareup/okhttp3/okhttp/3.11.0/okhttp-3.11.0.jar:/Users/kyialbekn/.m2/repository/com/squareup/okio/okio/1.14.0/okio-1.14.0.jar:"/>
    <property name="java.vm.vendor" value="Oracle Corporation"/>
    <property name="deviceName" value="Pixel2"/>
    <property name="sun.arch.data.model" value="64"/>
    <property name="java.vendor.url" value="http://java.oracle.com/"/>
    <property name="user.timezone" value="America/Chicago"/>
    <property name="java.vm.specification.version" value="1.8"/>
    <property name="os.name" value="Mac OS X"/>
    <property name="user.country" value="US"/>
    <property name="sun.java.launcher" value="SUN_STANDARD"/>
    <property name="sun.boot.library.path" value="/Library/Java/JavaVirtualMachines/jdk1.8.0_251.jdk/Contents/Home/jre/lib"/>
    <property name="sun.java.command" value="/Users/kyialbekn/IdeaProjects/AppiumDemo/target/surefire/surefirebooter7677915483341110899.jar /Users/kyialbekn/IdeaProjects/AppiumDemo/target/surefire 2020-08-27T20-34-17_737-jvmRun1 surefire9112636451996407273tmp surefire_04166234103122053340tmp"/>
    <property name="http.nonProxyHosts" value="local|*.local|169.254/16|*.169.254/16"/>
    <property name="surefire.test.class.path" value="/Users/kyialbekn/IdeaProjects/AppiumDemo/target/test-classes:/Users/kyialbekn/IdeaProjects/AppiumDemo/target/classes:/Users/kyialbekn/.m2/repository/org/testng/testng/6.14.3/testng-6.14.3.jar:/Users/kyialbekn/.m2/repository/com/beust/jcommander/1.72/jcommander-1.72.jar:/Users/kyialbekn/.m2/repository/org/apache-extras/beanshell/bsh/2.0b6/bsh-2.0b6.jar:/Users/kyialbekn/.m2/repository/org/apache/commons/commons-lang3/3.9/commons-lang3-3.9.jar:/Users/kyialbekn/.m2/repository/commons-io/commons-io/2.6/commons-io-2.6.jar:/Users/kyialbekn/.m2/repository/io/appium/java-client/7.0.0/java-client-7.0.0.jar:/Users/kyialbekn/.m2/repository/org/seleniumhq/selenium/selenium-support/3.141.59/selenium-support-3.141.59.jar:/Users/kyialbekn/.m2/repository/org/seleniumhq/selenium/selenium-api/3.141.59/selenium-api-3.141.59.jar:/Users/kyialbekn/.m2/repository/com/google/code/gson/gson/2.8.5/gson-2.8.5.jar:/Users/kyialbekn/.m2/repository/org/apache/httpcomponents/httpclient/4.5.6/httpclient-4.5.6.jar:/Users/kyialbekn/.m2/repository/org/apache/httpcomponents/httpcore/4.4.10/httpcore-4.4.10.jar:/Users/kyialbekn/.m2/repository/commons-codec/commons-codec/1.10/commons-codec-1.10.jar:/Users/kyialbekn/.m2/repository/cglib/cglib/3.2.8/cglib-3.2.8.jar:/Users/kyialbekn/.m2/repository/org/ow2/asm/asm/6.2.1/asm-6.2.1.jar:/Users/kyialbekn/.m2/repository/org/apache/ant/ant/1.10.3/ant-1.10.3.jar:/Users/kyialbekn/.m2/repository/org/apache/ant/ant-launcher/1.10.3/ant-launcher-1.10.3.jar:/Users/kyialbekn/.m2/repository/org/springframework/spring-context/5.1.0.RELEASE/spring-context-5.1.0.RELEASE.jar:/Users/kyialbekn/.m2/repository/org/springframework/spring-aop/5.1.0.RELEASE/spring-aop-5.1.0.RELEASE.jar:/Users/kyialbekn/.m2/repository/org/springframework/spring-beans/5.1.0.RELEASE/spring-beans-5.1.0.RELEASE.jar:/Users/kyialbekn/.m2/repository/org/springframework/spring-core/5.1.0.RELEASE/spring-core-5.1.0.RELEASE.jar:/Users/kyialbekn/.m2/repository/org/springframework/spring-jcl/5.1.0.RELEASE/spring-jcl-5.1.0.RELEASE.jar:/Users/kyialbekn/.m2/repository/org/springframework/spring-expression/5.1.0.RELEASE/spring-expression-5.1.0.RELEASE.jar:/Users/kyialbekn/.m2/repository/org/aspectj/aspectjweaver/1.9.1/aspectjweaver-1.9.1.jar:/Users/kyialbekn/.m2/repository/com/aventstack/extentreports/4.0.0/extentreports-4.0.0.jar:/Users/kyialbekn/.m2/repository/org/freemarker/freemarker/2.3.23/freemarker-2.3.23.jar:/Users/kyialbekn/.m2/repository/org/mongodb/mongodb-driver/3.3.0/mongodb-driver-3.3.0.jar:/Users/kyialbekn/.m2/repository/org/mongodb/mongodb-driver-core/3.3.0/mongodb-driver-core-3.3.0.jar:/Users/kyialbekn/.m2/repository/org/mongodb/bson/3.3.0/bson-3.3.0.jar:/Users/kyialbekn/.m2/repository/org/apache/httpcomponents/httpmime/4.5.2/httpmime-4.5.2.jar:/Users/kyialbekn/.m2/repository/commons-validator/commons-validator/1.6/commons-validator-1.6.jar:/Users/kyialbekn/.m2/repository/commons-beanutils/commons-beanutils/1.9.2/commons-beanutils-1.9.2.jar:/Users/kyialbekn/.m2/repository/commons-digester/commons-digester/1.8.1/commons-digester-1.8.1.jar:/Users/kyialbekn/.m2/repository/commons-logging/commons-logging/1.2/commons-logging-1.2.jar:/Users/kyialbekn/.m2/repository/commons-collections/commons-collections/3.2.2/commons-collections-3.2.2.jar:/Users/kyialbekn/.m2/repository/org/slf4j/slf4j-simple/1.7.26/slf4j-simple-1.7.26.jar:/Users/kyialbekn/.m2/repository/org/slf4j/slf4j-api/1.7.26/slf4j-api-1.7.26.jar:/Users/kyialbekn/.m2/repository/org/seleniumhq/selenium/selenium-java/3.141.59/selenium-java-3.141.59.jar:/Users/kyialbekn/.m2/repository/org/seleniumhq/selenium/selenium-chrome-driver/3.141.59/selenium-chrome-driver-3.141.59.jar:/Users/kyialbekn/.m2/repository/org/seleniumhq/selenium/selenium-edge-driver/3.141.59/selenium-edge-driver-3.141.59.jar:/Users/kyialbekn/.m2/repository/org/seleniumhq/selenium/selenium-firefox-driver/3.141.59/selenium-firefox-driver-3.141.59.jar:/Users/kyialbekn/.m2/repository/org/seleniumhq/selenium/selenium-ie-driver/3.141.59/selenium-ie-driver-3.141.59.jar:/Users/kyialbekn/.m2/repository/org/seleniumhq/selenium/selenium-opera-driver/3.141.59/selenium-opera-driver-3.141.59.jar:/Users/kyialbekn/.m2/repository/org/seleniumhq/selenium/selenium-remote-driver/3.141.59/selenium-remote-driver-3.141.59.jar:/Users/kyialbekn/.m2/repository/org/seleniumhq/selenium/selenium-safari-driver/3.141.59/selenium-safari-driver-3.141.59.jar:/Users/kyialbekn/.m2/repository/net/bytebuddy/byte-buddy/1.8.15/byte-buddy-1.8.15.jar:/Users/kyialbekn/.m2/repository/org/apache/commons/commons-exec/1.3/commons-exec-1.3.jar:/Users/kyialbekn/.m2/repository/com/google/guava/guava/25.0-jre/guava-25.0-jre.jar:/Users/kyialbekn/.m2/repository/com/google/code/findbugs/jsr305/1.3.9/jsr305-1.3.9.jar:/Users/kyialbekn/.m2/repository/org/checkerframework/checker-compat-qual/2.0.0/checker-compat-qual-2.0.0.jar:/Users/kyialbekn/.m2/repository/com/google/errorprone/error_prone_annotations/2.1.3/error_prone_annotations-2.1.3.jar:/Users/kyialbekn/.m2/repository/com/google/j2objc/j2objc-annotations/1.1/j2objc-annotations-1.1.jar:/Users/kyialbekn/.m2/repository/org/codehaus/mojo/animal-sniffer-annotations/1.14/animal-sniffer-annotations-1.14.jar:/Users/kyialbekn/.m2/repository/com/squareup/okhttp3/okhttp/3.11.0/okhttp-3.11.0.jar:/Users/kyialbekn/.m2/repository/com/squareup/okio/okio/1.14.0/okio-1.14.0.jar:"/>
    <property name="sun.cpu.endian" value="little"/>
    <property name="user.home" value="/Users/kyialbekn"/>
    <property name="user.language" value="en"/>
    <property name="java.specification.vendor" value="Oracle Corporation"/>
    <property name="java.home" value="/Library/Java/JavaVirtualMachines/jdk1.8.0_251.jdk/Contents/Home/jre"/>
    <property name="basedir" value="/Users/kyialbekn/IdeaProjects/AppiumDemo"/>
    <property name="file.separator" value="/"/>
    <property name="line.separator" value="&#10;"/>
    <property name="java.vm.specification.vendor" value="Oracle Corporation"/>
    <property name="java.specification.name" value="Java Platform API Specification"/>
    <property name="java.awt.graphicsenv" value="sun.awt.CGraphicsEnvironment"/>
    <property name="surefire.real.class.path" value="/Users/kyialbekn/IdeaProjects/AppiumDemo/target/surefire/surefirebooter7677915483341110899.jar"/>
    <property name="sun.boot.class.path" value="/Library/Java/JavaVirtualMachines/jdk1.8.0_251.jdk/Contents/Home/jre/lib/resources.jar:/Library/Java/JavaVirtualMachines/jdk1.8.0_251.jdk/Contents/Home/jre/lib/rt.jar:/Library/Java/JavaVirtualMachines/jdk1.8.0_251.jdk/Contents/Home/jre/lib/sunrsasign.jar:/Library/Java/JavaVirtualMachines/jdk1.8.0_251.jdk/Contents/Home/jre/lib/jsse.jar:/Library/Java/JavaVirtualMachines/jdk1.8.0_251.jdk/Contents/Home/jre/lib/jce.jar:/Library/Java/JavaVirtualMachines/jdk1.8.0_251.jdk/Contents/Home/jre/lib/charsets.jar:/Library/Java/JavaVirtualMachines/jdk1.8.0_251.jdk/Contents/Home/jre/lib/jfr.jar:/Library/Java/JavaVirtualMachines/jdk1.8.0_251.jdk/Contents/Home/jre/classes"/>
    <property name="sun.management.compiler" value="HotSpot 64-Bit Tiered Compilers"/>
    <property name="ftp.nonProxyHosts" value="local|*.local|169.254/16|*.169.254/16"/>
    <property name="java.runtime.version" value="1.8.0_251-b08"/>
    <property name="user.name" value="kyialbekn"/>
    <property name="path.separator" value=":"/>
    <property name="os.version" value="10.15.6"/>
    <property name="java.endorsed.dirs" value="/Library/Java/JavaVirtualMachines/jdk1.8.0_251.jdk/Contents/Home/jre/lib/endorsed"/>
    <property name="java.runtime.name" value="Java(TM) SE Runtime Environment"/>
    <property name="file.encoding" value="UTF-8"/>
    <property name="java.vm.name" value="Java HotSpot(TM) 64-Bit Server VM"/>
    <property name="localRepository" value="/Users/kyialbekn/.m2/repository"/>
    <property name="java.vendor.url.bug" value="http://bugreport.sun.com/bugreport/"/>
    <property name="java.io.tmpdir" value="/var/folders/nd/8vchw7rs00sdmbngxq90gcq40000gn/T/"/>
    <property name="java.version" value="1.8.0_251"/>
    <property name="user.dir" value="/Users/kyialbekn/IdeaProjects/AppiumDemo"/>
    <property name="os.arch" value="x86_64"/>
    <property name="java.vm.specification.name" value="Java Virtual Machine Specification"/>
    <property name="java.awt.printerjob" value="sun.lwawt.macosx.CPrinterJob"/>
    <property name="sun.os.patch.level" value="unknown"/>
    <property name="java.library.path" value="/Users/kyialbekn/Library/Java/Extensions:/Library/Java/Extensions:/Network/Library/Java/Extensions:/System/Library/Java/Extensions:/usr/lib/java:."/>
    <property name="java.vm.info" value="mixed mode"/>
    <property name="java.vendor" value="Oracle Corporation"/>
    <property name="java.vm.version" value="25.251-b08"/>
    <property name="java.ext.dirs" value="/Users/kyialbekn/Library/Java/Extensions:/Library/Java/JavaVirtualMachines/jdk1.8.0_251.jdk/Contents/Home/jre/lib/ext:/Library/Java/Extensions:/Network/Library/Java/Extensions:/System/Library/Java/Extensions:/usr/lib/java"/>
    <property name="sun.io.unicode.encoding" value="UnicodeBig"/>
    <property name="java.class.version" value="52.0"/>
    <property name="socksNonProxyHosts" value="local|*.local|169.254/16|*.169.254/16"/>
  </properties>
  <testcase name="totalValidation" classname="ecommerce.Ecommerce_tc_4" time="45.234">
    <system-out><![CDATA[&amp#27;[35m[Appium]&amp#27;[39m Welcome to Appium v1.17.1
&amp#27;[35m[Appium]&amp#27;[39m Appium REST http interface listener started on 0.0.0.0:4723
&amp#27;[35m[HTTP]&amp#27;[39m &amp#27;[37m-->&amp#27;[39m &amp#27;[37mGET&amp#27;[39m &amp#27;[37m/wd/hub/status&amp#27;[39m
&amp#27;[35m[HTTP]&amp#27;[39m &amp#27;[90m{}&amp#27;[39m
[debug] &amp#27;[35m[GENERIC]&amp#27;[39m Calling AppiumDriver.getStatus() with args: []
[debug] &amp#27;[35m[GENERIC]&amp#27;[39m Responding to client with driver.getStatus() result: {"build":{"version":"1.17.1"}}
&amp#27;[35m[HTTP]&amp#27;[39m &amp#27;[37m<-- GET /wd/hub/status &amp#27;[39m&amp#27;[32m200&amp#27;[39m &amp#27;[90m5 ms - 68&amp#27;[39m
&amp#27;[35m[HTTP]&amp#27;[39m &amp#27;[90m&amp#27;[39m
&amp#27;[35m[Appium]&amp#27;[39m Welcome to Appium v1.17.1
&amp#27;[35m[HTTP]&amp#27;[39m Could not start REST http interface listener. The requested port may already be in use. Please make sure there is no other instance of this server running already.
Fatal Error: listen EADDRINUSE: address already in use 0.0.0.0:4723
    at Server.setupListenHandle [as _listen2] (net.js:1313:16)
    at listenInCluster (net.js:1361:12)
    at doListen (net.js:1498:7)
    at processTicksAndRejections (internal/process/task_queues.js:85:21)
&amp#27;[35m[HTTP]&amp#27;[39m &amp#27;[37m-->&amp#27;[39m &amp#27;[37mGET&amp#27;[39m &amp#27;[37m/wd/hub/status&amp#27;[39m
&amp#27;[35m[HTTP]&amp#27;[39m &amp#27;[90m{}&amp#27;[39m
[debug] &amp#27;[35m[GENERIC]&amp#27;[39m Calling AppiumDriver.getStatus() with args: []
[debug] &amp#27;[35m[GENERIC]&amp#27;[39m Responding to client with driver.getStatus() result: {"build":{"version":"1.17.1"}}
&amp#27;[35m[HTTP]&amp#27;[39m &amp#27;[37m<-- GET /wd/hub/status &amp#27;[39m&amp#27;[32m200&amp#27;[39m &amp#27;[90m1 ms - 68&amp#27;[39m
&amp#27;[35m[HTTP]&amp#27;[39m &amp#27;[90m&amp#27;[39m
&amp#27;[35m[HTTP]&amp#27;[39m &amp#27;[37m-->&amp#27;[39m &amp#27;[37mGET&amp#27;[39m &amp#27;[37m/wd/hub/status&amp#27;[39m
&amp#27;[35m[HTTP]&amp#27;[39m &amp#27;[90m{}&amp#27;[39m
[debug] &amp#27;[35m[GENERIC]&amp#27;[39m Calling AppiumDriver.getStatus() with args: []
[debug] &amp#27;[35m[GENERIC]&amp#27;[39m Responding to client with driver.getStatus() result: {"build":{"version":"1.17.1"}}
&amp#27;[35m[HTTP]&amp#27;[39m &amp#27;[37m<-- GET /wd/hub/status &amp#27;[39m&amp#27;[32m200&amp#27;[39m &amp#27;[90m1 ms - 68&amp#27;[39m
&amp#27;[35m[HTTP]&amp#27;[39m &amp#27;[90m&amp#27;[39m
&amp#27;[35m[HTTP]&amp#27;[39m &amp#27;[37m-->&amp#27;[39m &amp#27;[37mPOST&amp#27;[39m &amp#27;[37m/wd/hub/session&amp#27;[39m
&amp#27;[35m[HTTP]&amp#27;[39m &amp#27;[90m{"desiredCapabilities":{"app":"/Users/kyialbekn/IdeaProjects/AppiumDemo/src/test/resources/General-Store.apk","automationName":"UIAutomator2","platformName":"Android","deviceName":"Pixel2","newCommandTimeout":600},"capabilities":{"firstMatch":[{"appium:app":"/Users/kyialbekn/IdeaProjects/AppiumDemo/src/test/resources/General-Store.apk","appium:automationName":"UIAutomator2","appium:deviceName":"Pixel2","appium:newCommandTimeout":600,"platformName":"android"}]}}&amp#27;[39m
[debug] &amp#27;[35m[W3C]&amp#27;[39m Calling AppiumDriver.createSession() with args: [{"app":"/Users/kyialbekn/IdeaProjects/AppiumDemo/src/test/resources/General-Store.apk","automationName":"UIAutomator2","platformName":"Android","deviceName":"Pixel2","newCommandTimeout":600},null,{"firstMatch":[{"appium:app":"/Users/kyialbekn/IdeaProjects/AppiumDemo/src/test/resources/General-Store.apk","appium:automationName":"UIAutomator2","appium:deviceName":"Pixel2","appium:newCommandTimeout":600,"platformName":"android"}]}]
[debug] &amp#27;[35m[BaseDriver]&amp#27;[39m Event 'newSessionRequested' logged at 1598578484994 (20:34:44 GMT-0500 (Central Daylight Time))
&amp#27;[35m[Appium]&amp#27;[39m Appium v1.17.1 creating new AndroidUiautomator2Driver (v1.44.2) session
[debug] &amp#27;[35m[BaseDriver]&amp#27;[39m W3C capabilities and MJSONWP desired capabilities were provided
[debug] &amp#27;[35m[BaseDriver]&amp#27;[39m Creating session with W3C capabilities: {
[debug] &amp#27;[35m[BaseDriver]&amp#27;[39m   "alwaysMatch": {
[debug] &amp#27;[35m[BaseDriver]&amp#27;[39m     "platformName": "android",
[debug] &amp#27;[35m[BaseDriver]&amp#27;[39m     "appium:app": "/Users/kyialbekn/IdeaProjects/AppiumDemo/src/test/resources/General-Store.apk",
[debug] &amp#27;[35m[BaseDriver]&amp#27;[39m     "appium:automationName": "UIAutomator2",
[debug] &amp#27;[35m[BaseDriver]&amp#27;[39m     "appium:deviceName": "Pixel2",
[debug] &amp#27;[35m[BaseDriver]&amp#27;[39m     "appium:newCommandTimeout": 600
[debug] &amp#27;[35m[BaseDriver]&amp#27;[39m   },
[debug] &amp#27;[35m[BaseDriver]&amp#27;[39m   "firstMatch": [
[debug] &amp#27;[35m[BaseDriver]&amp#27;[39m     {}
[debug] &amp#27;[35m[BaseDriver]&amp#27;[39m   ]
[debug] &amp#27;[35m[BaseDriver]&amp#27;[39m }
&amp#27;[35m[BaseDriver]&amp#27;[39m Session created with session id: 4a49ebf9-f511-4590-82b4-eea43983ed2d
&amp#27;[35m[BaseDriver]&amp#27;[39m Using local app '/Users/kyialbekn/IdeaProjects/AppiumDemo/src/test/resources/General-Store.apk'
[debug] &amp#27;[35m[UiAutomator2]&amp#27;[39m Checking whether app is actually present
&amp#27;[35m[ADB]&amp#27;[39m Found 2 'build-tools' folders under '/Users/kyialbekn/Library/Android/sdk' (newest first):
&amp#27;[35m[ADB]&amp#27;[39m     /Users/kyialbekn/Library/Android/sdk/build-tools/30.0.2
&amp#27;[35m[ADB]&amp#27;[39m     /Users/kyialbekn/Library/Android/sdk/build-tools/30.0.1
&amp#27;[35m[ADB]&amp#27;[39m Using 'adb' from '/Users/kyialbekn/Library/Android/sdk/platform-tools/adb'
&amp#27;[35m[AndroidDriver]&amp#27;[39m Retrieving device list
[debug] &amp#27;[35m[ADB]&amp#27;[39m Trying to find a connected android device
[debug] &amp#27;[35m[ADB]&amp#27;[39m Getting connected devices...
[debug] &amp#27;[35m[ADB]&amp#27;[39m Connected devices: [{"udid":"emulator-5554","state":"device"}]
&amp#27;[35m[AndroidDriver]&amp#27;[39m Using device: emulator-5554
&amp#27;[35m[ADB]&amp#27;[39m Using 'adb' from '/Users/kyialbekn/Library/Android/sdk/platform-tools/adb'
[debug] &amp#27;[35m[ADB]&amp#27;[39m Setting device id to emulator-5554
[debug] &amp#27;[35m[ADB]&amp#27;[39m Running '/Users/kyialbekn/Library/Android/sdk/platform-tools/adb -P 5037 -s emulator-5554 shell getprop ro.build.version.sdk'
[debug] &amp#27;[35m[ADB]&amp#27;[39m Current device property 'ro.build.version.sdk': 28
&amp#27;[35m[ADB]&amp#27;[39m Getting device platform version
[debug] &amp#27;[35m[ADB]&amp#27;[39m Running '/Users/kyialbekn/Library/Android/sdk/platform-tools/adb -P 5037 -s emulator-5554 shell getprop ro.build.version.release'
[debug] &amp#27;[35m[ADB]&amp#27;[39m Current device property 'ro.build.version.release': 9
[debug] &amp#27;[35m[ADB]&amp#27;[39m Device API level: 28
&amp#27;[35m[UiAutomator2]&amp#27;[39m Relaxing hidden api policy
[debug] &amp#27;[35m[ADB]&amp#27;[39m Running '/Users/kyialbekn/Library/Android/sdk/platform-tools/adb -P 5037 -s emulator-5554 shell settings put global hidden_api_policy_pre_p_apps 1'
[debug] &amp#27;[35m[ADB]&amp#27;[39m Running '/Users/kyialbekn/Library/Android/sdk/platform-tools/adb -P 5037 -s emulator-5554 shell settings put global hidden_api_policy_p_apps 1'
[debug] &amp#27;[35m[ADB]&amp#27;[39m Running '/Users/kyialbekn/Library/Android/sdk/platform-tools/adb -P 5037 -s emulator-5554 shell settings put global hidden_api_policy 1'
[debug] &amp#27;[35m[AndroidDriver]&amp#27;[39m Parsing package and activity from app manifest
&amp#27;[35m[ADB]&amp#27;[39m Package name: 'com.androidsample.generalstore'
&amp#27;[35m[ADB]&amp#27;[39m Main activity name: 'com.androidsample.generalstore.SplashActivity'
[debug] &amp#27;[35m[AndroidDriver]&amp#27;[39m Parsed package and activity are: com.androidsample.generalstore/com.androidsample.generalstore.SplashActivity
[debug] &amp#27;[35m[ADB]&amp#27;[39m Running '/Users/kyialbekn/Library/Android/sdk/platform-tools/adb -P 5037 -s emulator-5554 wait-for-device'
[debug] &amp#27;[35m[ADB]&amp#27;[39m Running '/Users/kyialbekn/Library/Android/sdk/platform-tools/adb -P 5037 -s emulator-5554 shell echo ping'
[debug] &amp#27;[35m[AndroidDriver]&amp#27;[39m Pushing settings apk to device...
[debug] &amp#27;[35m[ADB]&amp#27;[39m Getting install status for io.appium.settings
[debug] &amp#27;[35m[ADB]&amp#27;[39m Running '/Users/kyialbekn/Library/Android/sdk/platform-tools/adb -P 5037 -s emulator-5554 shell dumpsys package io.appium.settings'
[debug] &amp#27;[35m[ADB]&amp#27;[39m 'io.appium.settings' is installed
[debug] &amp#27;[35m[ADB]&amp#27;[39m Getting package info for 'io.appium.settings'
[debug] &amp#27;[35m[ADB]&amp#27;[39m Running '/Users/kyialbekn/Library/Android/sdk/platform-tools/adb -P 5037 -s emulator-5554 shell dumpsys package io.appium.settings'
[debug] &amp#27;[35m[ADB]&amp#27;[39m The version name of the installed 'io.appium.settings' is greater or equal to the application version name ('3.1.0' >= '3.1.0')
[debug] &amp#27;[35m[ADB]&amp#27;[39m There is no need to install/upgrade '/usr/local/lib/node_modules/appium/node_modules/io.appium.settings/apks/settings_apk-debug.apk'
[debug] &amp#27;[35m[ADB]&amp#27;[39m Getting IDs of all 'io.appium.settings' processes
[debug] &amp#27;[35m[ADB]&amp#27;[39m Running '/Users/kyialbekn/Library/Android/sdk/platform-tools/adb -P 5037 -s emulator-5554 shell 'pgrep --help; echo $?''
[debug] &amp#27;[35m[ADB]&amp#27;[39m Running '/Users/kyialbekn/Library/Android/sdk/platform-tools/adb -P 5037 -s emulator-5554 shell pgrep -f io\\.appium\\.settings'
[debug] &amp#27;[35m[AndroidDriver]&amp#27;[39m io.appium.settings is already running. There is no need to reset its permissions.
[debug] &amp#27;[35m[ADB]&amp#27;[39m Running '/Users/kyialbekn/Library/Android/sdk/platform-tools/adb -P 5037 -s emulator-5554 shell appops set io.appium.settings android\:mock_location allow'
[debug] &amp#27;[35m[Logcat]&amp#27;[39m Starting logcat capture
[debug] &amp#27;[35m[UiAutomator2]&amp#27;[39m Forwarding UiAutomator2 Server port 6790 to 8200
[debug] &amp#27;[35m[ADB]&amp#27;[39m Forwarding system: 8200 to device: 6790
[debug] &amp#27;[35m[ADB]&amp#27;[39m Running '/Users/kyialbekn/Library/Android/sdk/platform-tools/adb -P 5037 -s emulator-5554 forward tcp\:8200 tcp\:6790'
[debug] &amp#27;[35m[ADB]&amp#27;[39m Getting install status for io.appium.uiautomator2.server
[debug] &amp#27;[35m[ADB]&amp#27;[39m Running '/Users/kyialbekn/Library/Android/sdk/platform-tools/adb -P 5037 -s emulator-5554 shell dumpsys package io.appium.uiautomator2.server'
[debug] &amp#27;[35m[ADB]&amp#27;[39m 'io.appium.uiautomator2.server' is installed
[debug] &amp#27;[35m[ADB]&amp#27;[39m Getting package info for 'io.appium.uiautomator2.server'
[debug] &amp#27;[35m[ADB]&amp#27;[39m Running '/Users/kyialbekn/Library/Android/sdk/platform-tools/adb -P 5037 -s emulator-5554 shell dumpsys package io.appium.uiautomator2.server'
[debug] &amp#27;[35m[ADB]&amp#27;[39m The version name of the installed 'io.appium.uiautomator2.server' is greater or equal to the application version name ('4.5.5' >= '4.5.5')
[debug] &amp#27;[35m[UiAutomator2]&amp#27;[39m io.appium.uiautomator2.server installation state: sameVersionInstalled
[debug] &amp#27;[35m[ADB]&amp#27;[39m Checking app cert for /usr/local/lib/node_modules/appium/node_modules/appium-uiautomator2-server/apks/appium-uiautomator2-server-v4.5.5.apk
&amp#27;[35m[ADB]&amp#27;[39m Using 'apksigner.jar' from '/Users/kyialbekn/Library/Android/sdk/build-tools/30.0.2/lib/apksigner.jar'
[debug] &amp#27;[35m[ADB]&amp#27;[39m Starting apksigner: /Library/Java/JavaVirtualMachines/jdk1.8.0_251.jdk/Contents/Home/bin/java -Xmx1024M -Xss1m -jar /Users/kyialbekn/Library/Android/sdk/build-tools/30.0.2/lib/apksigner.jar verify --print-certs /usr/local/lib/node_modules/appium/node_modules/appium-uiautomator2-server/apks/appium-uiautomator2-server-v4.5.5.apk
[debug] &amp#27;[35m[ADB]&amp#27;[39m apksigner stdout: Signer #1 certificate DN: EMAILADDRESS=android@android.com, CN=Android, OU=Android, O=Android, L=Mountain View, ST=California, C=US
[debug] &amp#27;[35m[ADB]&amp#27;[39m Signer #1 certificate SHA-256 digest: a40da80a59d170caa950cf15c18c454d47a39b26989d8b640ecd745ba71bf5dc
[debug] &amp#27;[35m[ADB]&amp#27;[39m Signer #1 certificate SHA-1 digest: 61ed377e85d386a8dfee6b864bd85b0bfaa5af81
[debug] &amp#27;[35m[ADB]&amp#27;[39m Signer #1 certificate MD5 digest: e89b158e4bcf988ebd09eb83f5378e87
[debug] &amp#27;[35m[ADB]&amp#27;[39m 
[debug] &amp#27;[35m[ADB]&amp#27;[39m '/usr/local/lib/node_modules/appium/node_modules/appium-uiautomator2-server/apks/appium-uiautomator2-server-v4.5.5.apk' is signed with the default certificate
[debug] &amp#27;[35m[ADB]&amp#27;[39m Getting install status for io.appium.uiautomator2.server.test
[debug] &amp#27;[35m[ADB]&amp#27;[39m Running '/Users/kyialbekn/Library/Android/sdk/platform-tools/adb -P 5037 -s emulator-5554 shell dumpsys package io.appium.uiautomator2.server.test'
[debug] &amp#27;[35m[ADB]&amp#27;[39m 'io.appium.uiautomator2.server.test' is installed
[debug] &amp#27;[35m[ADB]&amp#27;[39m Checking app cert for /usr/local/lib/node_modules/appium/node_modules/appium-uiautomator2-server/apks/appium-uiautomator2-server-debug-androidTest.apk
[debug] &amp#27;[35m[ADB]&amp#27;[39m Starting apksigner: /Library/Java/JavaVirtualMachines/jdk1.8.0_251.jdk/Contents/Home/bin/java -Xmx1024M -Xss1m -jar /Users/kyialbekn/Library/Android/sdk/build-tools/30.0.2/lib/apksigner.jar verify --print-certs /usr/local/lib/node_modules/appium/node_modules/appium-uiautomator2-server/apks/appium-uiautomator2-server-debug-androidTest.apk
[debug] &amp#27;[35m[ADB]&amp#27;[39m apksigner stdout: Signer #1 certificate DN: EMAILADDRESS=android@android.com, CN=Android, OU=Android, O=Android, L=Mountain View, ST=California, C=US
[debug] &amp#27;[35m[ADB]&amp#27;[39m Signer #1 certificate SHA-256 digest: a40da80a59d170caa950cf15c18c454d47a39b26989d8b640ecd745ba71bf5dc
[debug] &amp#27;[35m[ADB]&amp#27;[39m Signer #1 certificate SHA-1 digest: 61ed377e85d386a8dfee6b864bd85b0bfaa5af81
[debug] &amp#27;[35m[ADB]&amp#27;[39m Signer #1 certificate MD5 digest: e89b158e4bcf988ebd09eb83f5378e87
[debug] &amp#27;[35m[ADB]&amp#27;[39m 
[debug] &amp#27;[35m[ADB]&amp#27;[39m '/usr/local/lib/node_modules/appium/node_modules/appium-uiautomator2-server/apks/appium-uiautomator2-server-debug-androidTest.apk' is signed with the default certificate
&amp#27;[35m[UiAutomator2]&amp#27;[39m Server packages are not going to be (re)installed
[debug] &amp#27;[35m[UiAutomator2]&amp#27;[39m Waiting up to 30000ms for services to be available
[debug] &amp#27;[35m[ADB]&amp#27;[39m Running '/Users/kyialbekn/Library/Android/sdk/platform-tools/adb -P 5037 -s emulator-5554 shell pm list instrumentation'
[debug] &amp#27;[35m[UiAutomator2]&amp#27;[39m Instrumentation target 'io.appium.uiautomator2.server.test/androidx.test.runner.AndroidJUnitRunner' is available
[debug] &amp#27;[35m[ADB]&amp#27;[39m Checking app cert for /Users/kyialbekn/IdeaProjects/AppiumDemo/src/test/resources/General-Store.apk
[debug] &amp#27;[35m[ADB]&amp#27;[39m Starting apksigner: /Library/Java/JavaVirtualMachines/jdk1.8.0_251.jdk/Contents/Home/bin/java -Xmx1024M -Xss1m -jar /Users/kyialbekn/Library/Android/sdk/build-tools/30.0.2/lib/apksigner.jar verify --print-certs /Users/kyialbekn/IdeaProjects/AppiumDemo/src/test/resources/General-Store.apk
[debug] &amp#27;[35m[ADB]&amp#27;[39m apksigner stdout: Signer #1 certificate DN: EMAILADDRESS=android@android.com, CN=Android, OU=Android, O=Android, L=Mountain View, ST=California, C=US
[debug] &amp#27;[35m[ADB]&amp#27;[39m Signer #1 certificate SHA-256 digest: a40da80a59d170caa950cf15c18c454d47a39b26989d8b640ecd745ba71bf5dc
[debug] &amp#27;[35m[ADB]&amp#27;[39m Signer #1 certificate SHA-1 digest: 61ed377e85d386a8dfee6b864bd85b0bfaa5af81
[debug] &amp#27;[35m[ADB]&amp#27;[39m Signer #1 certificate MD5 digest: e89b158e4bcf988ebd09eb83f5378e87
[debug] &amp#27;[35m[ADB]&amp#27;[39m 
[debug] &amp#27;[35m[ADB]&amp#27;[39m '/Users/kyialbekn/IdeaProjects/AppiumDemo/src/test/resources/General-Store.apk' is signed with the default certificate
[debug] &amp#27;[35m[ADB]&amp#27;[39m Getting install status for com.androidsample.generalstore
[debug] &amp#27;[35m[ADB]&amp#27;[39m Running '/Users/kyialbekn/Library/Android/sdk/platform-tools/adb -P 5037 -s emulator-5554 shell dumpsys package com.androidsample.generalstore'
[debug] &amp#27;[35m[ADB]&amp#27;[39m 'com.androidsample.generalstore' is installed
[debug] &amp#27;[35m[ADB]&amp#27;[39m Getting package info for 'com.androidsample.generalstore'
[debug] &amp#27;[35m[ADB]&amp#27;[39m Running '/Users/kyialbekn/Library/Android/sdk/platform-tools/adb -P 5037 -s emulator-5554 shell dumpsys package com.androidsample.generalstore'
[debug] &amp#27;[35m[ADB]&amp#27;[39m The version name of the installed 'com.androidsample.generalstore' is greater or equal to the application version name ('1.0.0' >= '1.0.0')
[debug] &amp#27;[35m[ADB]&amp#27;[39m There is no need to install/upgrade '/Users/kyialbekn/IdeaProjects/AppiumDemo/src/test/resources/General-Store.apk'
&amp#27;[35m[AndroidDriver]&amp#27;[39m Performing fast reset on 'com.androidsample.generalstore'
[debug] &amp#27;[35m[ADB]&amp#27;[39m Getting install status for com.androidsample.generalstore
[debug] &amp#27;[35m[ADB]&amp#27;[39m Running '/Users/kyialbekn/Library/Android/sdk/platform-tools/adb -P 5037 -s emulator-5554 shell dumpsys package com.androidsample.generalstore'
[debug] &amp#27;[35m[ADB]&amp#27;[39m 'com.androidsample.generalstore' is installed
[debug] &amp#27;[35m[ADB]&amp#27;[39m Running '/Users/kyialbekn/Library/Android/sdk/platform-tools/adb -P 5037 -s emulator-5554 shell am force-stop com.androidsample.generalstore'
[debug] &amp#27;[35m[ADB]&amp#27;[39m Running '/Users/kyialbekn/Library/Android/sdk/platform-tools/adb -P 5037 -s emulator-5554 shell pm clear com.androidsample.generalstore'
[debug] &amp#27;[35m[AndroidDriver]&amp#27;[39m Performed fast reset on the installed 'com.androidsample.generalstore' application (stop and clear)
[debug] &amp#27;[35m[UiAutomator2]&amp#27;[39m Performing shallow cleanup of automation leftovers
[debug] &amp#27;[35m[UiAutomator2]&amp#27;[39m The following obsolete sessions are still running: ["f6dfc899-6060-4bc0-bf46-1a6ea0589747"]
[debug] &amp#27;[35m[UiAutomator2]&amp#27;[39m Cleaning up the obsolete sessions
[debug] &amp#27;[35m[ADB]&amp#27;[39m Running '/Users/kyialbekn/Library/Android/sdk/platform-tools/adb -P 5037 -s emulator-5554 shell am force-stop io.appium.uiautomator2.server.test'
&amp#27;[35m[UiAutomator2]&amp#27;[39m Starting UIAutomator2 server 4.5.5
&amp#27;[35m[UiAutomator2]&amp#27;[39m Using UIAutomator2 server from '/usr/local/lib/node_modules/appium/node_modules/appium-uiautomator2-server/apks/appium-uiautomator2-server-v4.5.5.apk' and test from '/usr/local/lib/node_modules/appium/node_modules/appium-uiautomator2-server/apks/appium-uiautomator2-server-debug-androidTest.apk'
&amp#27;[35m[UiAutomator2]&amp#27;[39m Waiting up to 30000ms for UiAutomator2 to be online...
[debug] &amp#27;[35m[ADB]&amp#27;[39m Creating ADB subprocess with args: ["-P",5037,"-s","emulator-5554","shell","am","instrument","-w","io.appium.uiautomator2.server.test/androidx.test.runner.AndroidJUnitRunner"]
[debug] &amp#27;[35m[WD Proxy]&amp#27;[39m Matched '/status' to command name 'getStatus'
[debug] &amp#27;[35m[WD Proxy]&amp#27;[39m Proxying [GET /status] to [GET http://127.0.0.1:8200/wd/hub/status] with no body
&amp#27;[35m[WD Proxy]&amp#27;[39m Got response with unknown status: {"code":"ECONNRESET"}
[debug] &amp#27;[35m[WD Proxy]&amp#27;[39m Matched '/status' to command name 'getStatus'
[debug] &amp#27;[35m[WD Proxy]&amp#27;[39m Proxying [GET /status] to [GET http://127.0.0.1:8200/wd/hub/status] with no body
&amp#27;[35m[WD Proxy]&amp#27;[39m Got response with unknown status: {"code":"ECONNRESET"}
[debug] &amp#27;[35m[Instrumentation]&amp#27;[39m io.appium.uiautomator2.server.test.AppiumUiAutomator2Server:
[debug] &amp#27;[35m[WD Proxy]&amp#27;[39m Matched '/status' to command name 'getStatus'
[debug] &amp#27;[35m[WD Proxy]&amp#27;[39m Proxying [GET /status] to [GET http://127.0.0.1:8200/wd/hub/status] with no body
&amp#27;[35m[WD Proxy]&amp#27;[39m Got response with unknown status: {"code":"ECONNRESET"}
[debug] &amp#27;[35m[WD Proxy]&amp#27;[39m Matched '/status' to command name 'getStatus'
[debug] &amp#27;[35m[WD Proxy]&amp#27;[39m Proxying [GET /status] to [GET http://127.0.0.1:8200/wd/hub/status] with no body
[debug] &amp#27;[35m[WD Proxy]&amp#27;[39m Got response with status 200: {"sessionId":"None","value":{"ready":true,"message":"UiAutomator2 Server is ready to accept commands"}}
[debug] &amp#27;[35m[UiAutomator2]&amp#27;[39m The initialization of the instrumentation process took 4121ms
[debug] &amp#27;[35m[WD Proxy]&amp#27;[39m Matched '/session' to command name 'createSession'
[debug] &amp#27;[35m[WD Proxy]&amp#27;[39m Proxying [POST /session] to [POST http://127.0.0.1:8200/wd/hub/session] with body: {"capabilities":{"firstMatch":[{"platform":"LINUX","webStorageEnabled":false,"takesScreenshot":true,"javascriptEnabled":true,"databaseEnabled":false,"networkConnectionEnabled":true,"locationContextEnabled":false,"warnings":{},"desired":{"platformName":"android","app":"/Users/kyialbekn/IdeaProjects/AppiumDemo/src/test/resources/General-Store.apk","automationName":"UIAutomator2","deviceName":"Pixel2","newCommandTimeout":600},"platformName":"android","app":"/Users/kyialbekn/IdeaProjects/AppiumDemo/src/test/resources/General-Store.apk","automationName":"UIAutomator2","deviceName":"emulator-5554","newCommandTimeout":600,"deviceUDID":"emulator-5554","appPackage":"com.androidsample.generalstore"}],"alwaysMatch":{}}}
[debug] &amp#27;[35m[WD Proxy]&amp#27;[39m Got response with status 200: {"sessionId":"2de36614-59d0-4281-8ae4-51a0e8d87207","value":{"sessionId":"2de36614-59d0-4281-8ae4-51a0e8d87207","capabilities":{"firstMatch":[{"platform":"LINUX","webStorageEnabled":false,"takesScreenshot":true,"javascriptEnabled":true,"databaseEnabled":false,"networkConnectionEnabled":true,"locationContextEnabled":false,"warnings":{},"desired":{"platformName":"android","app":"/Users/kyialbekn/IdeaProjects/AppiumDemo/src/test/resources/General-Store.apk","automationName":"UIAutomator2","deviceName":"Pixel2","newCommandTimeout":600},"platformName":"android","app":"/Users/kyialbekn/IdeaProjects/AppiumDemo/src/test/resources/General-Store.apk","automationName":"UIAutomator2","deviceName":"emulator-5554","newCommandTimeout":600,"deviceUDID":"emulator-5554","appPackage":"com.androidsample.generalstore"}],"alwaysMatch":{}}}}
&amp#27;[35m[WD Proxy]&amp#27;[39m Determined the downstream protocol as 'W3C'
[debug] &amp#27;[35m[WD Proxy]&amp#27;[39m Proxying [GET /appium/device/info] to [GET http://127.0.0.1:8200/wd/hub/session/2de36614-59d0-4281-8ae4-51a0e8d87207/appium/device/info] with no body
[debug] &amp#27;[35m[WD Proxy]&amp#27;[39m Got response with status 200: {"sessionId":"2de36614-59d0-4281-8ae4-51a0e8d87207","value":{"androidId":"17deb2603187413a","manufacturer":"Google","model":"AOSP on IA Emulator","brand":"google","apiVersion":"28","platformVersion":"9","carrierName":"Android","realDisplaySize":"1080x1920","displayDensity":420,"networks":[{"type":0,"typeName":"MOBILE","subtype":13,"subtypeName":"LTE","isConnected":true,"detailedState":"CONNECTED","state":"CONNECTED","extraInfo":"epc.tmobile.com","isAvailable":true,"isFailover":false,"isRoaming":false,"capabilities":{"transportTypes":"TRANSPORT_CELLULAR","networkCapabilities":"NET_CAPABILITY_MMS,NET_CAPABILITY_SUPL,NET_CAPABILITY_DUN,NET_CAPABILITY_FOTA,NET_CAPABILITY_IMS,NET_CAPABILITY_CBS,NET_CAPABILITY_IA,NET_CAPABILITY_INTERNET,NET_CAPABILITY_NOT_RESTRICTED,NET_CAPABILITY_TRUSTED,NET_CAPABILITY_NOT_VPN,NET_CAPABILITY_VALIDATED,NET_CAPABILITY_NOT_ROAMING,NET_CAPABILITY_NOT_CONGESTED,NET_CAPABILITY_NOT_SUSPENDED","linkUpstreamBandwidthKbps":51200,"linkDownBandwidthKbps":102400,"signalStrength":-2147483648...
[debug] &amp#27;[35m[ADB]&amp#27;[39m Running '/Users/kyialbekn/Library/Android/sdk/platform-tools/adb -P 5037 -s emulator-5554 shell dumpsys window'
&amp#27;[35m[AndroidDriver]&amp#27;[39m Screen already unlocked, doing nothing
&amp#27;[35m[UiAutomator2]&amp#27;[39m Starting 'com.androidsample.generalstore/com.androidsample.generalstore.SplashActivity and waiting for 'com.androidsample.generalstore/com.androidsample.generalstore.SplashActivity'
[debug] &amp#27;[35m[ADB]&amp#27;[39m Running '/Users/kyialbekn/Library/Android/sdk/platform-tools/adb -P 5037 -s emulator-5554 shell am start -W -n com.androidsample.generalstore/com.androidsample.generalstore.SplashActivity -S -a android.intent.action.MAIN -c android.intent.category.LAUNCHER -f 0x10200000'
[debug] &amp#27;[35m[ADB]&amp#27;[39m Waiting up to 20000ms for activity matching pkg: 'com.androidsample.generalstore' and activity: 'com.androidsample.generalstore.SplashActivity' to be focused
[debug] &amp#27;[35m[ADB]&amp#27;[39m Possible activities, to be checked: 'com.androidsample.generalstore.SplashActivity', 'com.androidsample.generalstore.com.androidsample.generalstore.SplashActivity'
[debug] &amp#27;[35m[ADB]&amp#27;[39m Getting focused package and activity
[debug] &amp#27;[35m[ADB]&amp#27;[39m Running '/Users/kyialbekn/Library/Android/sdk/platform-tools/adb -P 5037 -s emulator-5554 shell dumpsys window windows'
[debug] &amp#27;[35m[ADB]&amp#27;[39m Found package: 'com.androidsample.generalstore' and fully qualified activity name : 'com.androidsample.generalstore.SplashActivity'
[debug] &amp#27;[35m[WD Proxy]&amp#27;[39m Proxying [GET /appium/device/pixel_ratio] to [GET http://127.0.0.1:8200/wd/hub/session/2de36614-59d0-4281-8ae4-51a0e8d87207/appium/device/pixel_ratio] with body: {}
[debug] &amp#27;[35m[WD Proxy]&amp#27;[39m Got response with status 200: {"sessionId":"2de36614-59d0-4281-8ae4-51a0e8d87207","value":2.625}
[debug] &amp#27;[35m[WD Proxy]&amp#27;[39m Matched '/appium/device/system_bars' to command name 'getSystemBars'
[debug] &amp#27;[35m[WD Proxy]&amp#27;[39m Proxying [GET /appium/device/system_bars] to [GET http://127.0.0.1:8200/wd/hub/session/2de36614-59d0-4281-8ae4-51a0e8d87207/appium/device/system_bars] with body: {}
[debug] &amp#27;[35m[WD Proxy]&amp#27;[39m Got response with status 200: {"sessionId":"2de36614-59d0-4281-8ae4-51a0e8d87207","value":{"statusBar":63}}
[debug] &amp#27;[35m[WD Proxy]&amp#27;[39m Matched '/window/current/size' to command name 'getWindowSize'
[debug] &amp#27;[35m[WD Proxy]&amp#27;[39m Proxying [GET /window/current/size] to [GET http://127.0.0.1:8200/wd/hub/session/2de36614-59d0-4281-8ae4-51a0e8d87207/window/current/size] with body: {}
[debug] &amp#27;[35m[WD Proxy]&amp#27;[39m Got response with status 200: {"sessionId":"2de36614-59d0-4281-8ae4-51a0e8d87207","value":{"height":1794,"width":1080}}
&amp#27;[35m[Appium]&amp#27;[39m New AndroidUiautomator2Driver session created successfully, session 4a49ebf9-f511-4590-82b4-eea43983ed2d added to master session list
[debug] &amp#27;[35m[BaseDriver]&amp#27;[39m Event 'newSessionStarted' logged at 1598578494385 (20:34:54 GMT-0500 (Central Daylight Time))
[debug] &amp#27;[35m[W3C (4a49ebf9)]&amp#27;[39m Cached the protocol value 'W3C' for the new session 4a49ebf9-f511-4590-82b4-eea43983ed2d
[debug] &amp#27;[35m[W3C (4a49ebf9)]&amp#27;[39m Responding to client with driver.createSession() result: {"capabilities":{"platform":"LINUX","webStorageEnabled":false,"takesScreenshot":true,"javascriptEnabled":true,"databaseEnabled":false,"networkConnectionEnabled":true,"locationContextEnabled":false,"warnings":{},"desired":{"platformName":"android","app":"/Users/kyialbekn/IdeaProjects/AppiumDemo/src/test/resources/General-Store.apk","automationName":"UIAutomator2","deviceName":"Pixel2","newCommandTimeout":600},"platformName":"android","app":"/Users/kyialbekn/IdeaProjects/AppiumDemo/src/test/resources/General-Store.apk","automationName":"UIAutomator2","deviceName":"emulator-5554","newCommandTimeout":600,"deviceUDID":"emulator-5554","appPackage":"com.androidsample.generalstore","deviceApiLevel":28,"platformVersion":"9","deviceScreenSize":"1080x1920","deviceScreenDensity":420,"deviceModel":"AOSP on IA Emulator","deviceManufacturer":"Google","pixelRatio":2.625,"statBarHeight":63,"viewportRect":{"left":0,"top":63,"width":1080,"height":1731}}}
&amp#27;[35m[HTTP]&amp#27;[39m &amp#27;[37m<-- POST /wd/hub/session &amp#27;[39m&amp#27;[32m200&amp#27;[39m &amp#27;[90m9394 ms - 1010&amp#27;[39m
&amp#27;[35m[HTTP]&amp#27;[39m &amp#27;[90m&amp#27;[39m
&amp#27;[35m[HTTP]&amp#27;[39m &amp#27;[37m-->&amp#27;[39m &amp#27;[37mGET&amp#27;[39m &amp#27;[37m/wd/hub/session/4a49ebf9-f511-4590-82b4-eea43983ed2d&amp#27;[39m
&amp#27;[35m[HTTP]&amp#27;[39m &amp#27;[90m{}&amp#27;[39m
[debug] &amp#27;[35m[W3C (4a49ebf9)]&amp#27;[39m Calling AppiumDriver.getSession() with args: ["4a49ebf9-f511-4590-82b4-eea43983ed2d"]
[debug] &amp#27;[35m[UiAutomator2]&amp#27;[39m Getting session details from server to mix in
[debug] &amp#27;[35m[WD Proxy]&amp#27;[39m Matched '/' to command name 'getSession'
[debug] &amp#27;[35m[WD Proxy]&amp#27;[39m Proxying [GET /] to [GET http://127.0.0.1:8200/wd/hub/session/2de36614-59d0-4281-8ae4-51a0e8d87207] with body: {}
[debug] &amp#27;[35m[WD Proxy]&amp#27;[39m Got response with status 200: {"sessionId":"2de36614-59d0-4281-8ae4-51a0e8d87207","value":{}}
[debug] &amp#27;[35m[W3C (4a49ebf9)]&amp#27;[39m Responding to client with driver.getSession() result: {"platform":"LINUX","webStorageEnabled":false,"takesScreenshot":true,"javascriptEnabled":true,"databaseEnabled":false,"networkConnectionEnabled":true,"locationContextEnabled":false,"warnings":{},"desired":{"platformName":"android","app":"/Users/kyialbekn/IdeaProjects/AppiumDemo/src/test/resources/General-Store.apk","automationName":"UIAutomator2","deviceName":"Pixel2","newCommandTimeout":600},"platformName":"android","app":"/Users/kyialbekn/IdeaProjects/AppiumDemo/src/test/resources/General-Store.apk","automationName":"UIAutomator2","deviceName":"emulator-5554","newCommandTimeout":600,"deviceUDID":"emulator-5554","appPackage":"com.androidsample.generalstore","deviceApiLevel":28,"platformVersion":"9","deviceScreenSize":"1080x1920","deviceScreenDensity":420,"deviceModel":"AOSP on IA Emulator","deviceManufacturer":"Google","pixelRatio":2.625,"statBarHeight":63,"viewportRect":{"left":0,"top":63,"width":1080,"height":1731}}
&amp#27;[35m[HTTP]&amp#27;[39m &amp#27;[37m<-- GET /wd/hub/session/4a49ebf9-f511-4590-82b4-eea43983ed2d &amp#27;[39m&amp#27;[32m200&amp#27;[39m &amp#27;[90m10 ms - 942&amp#27;[39m
&amp#27;[35m[HTTP]&amp#27;[39m &amp#27;[90m&amp#27;[39m
&amp#27;[35m[HTTP]&amp#27;[39m &amp#27;[37m-->&amp#27;[39m &amp#27;[37mGET&amp#27;[39m &amp#27;[37m/wd/hub/session/4a49ebf9-f511-4590-82b4-eea43983ed2d&amp#27;[39m
&amp#27;[35m[HTTP]&amp#27;[39m &amp#27;[90m{}&amp#27;[39m
[debug] &amp#27;[35m[W3C (4a49ebf9)]&amp#27;[39m Calling AppiumDriver.getSession() with args: ["4a49ebf9-f511-4590-82b4-eea43983ed2d"]
[debug] &amp#27;[35m[UiAutomator2]&amp#27;[39m Getting session details from server to mix in
[debug] &amp#27;[35m[WD Proxy]&amp#27;[39m Matched '/' to command name 'getSession'
[debug] &amp#27;[35m[WD Proxy]&amp#27;[39m Proxying [GET /] to [GET http://127.0.0.1:8200/wd/hub/session/2de36614-59d0-4281-8ae4-51a0e8d87207] with body: {}
[debug] &amp#27;[35m[WD Proxy]&amp#27;[39m Got response with status 200: {"sessionId":"2de36614-59d0-4281-8ae4-51a0e8d87207","value":{}}
[debug] &amp#27;[35m[W3C (4a49ebf9)]&amp#27;[39m Responding to client with driver.getSession() result: {"platform":"LINUX","webStorageEnabled":false,"takesScreenshot":true,"javascriptEnabled":true,"databaseEnabled":false,"networkConnectionEnabled":true,"locationContextEnabled":false,"warnings":{},"desired":{"platformName":"android","app":"/Users/kyialbekn/IdeaProjects/AppiumDemo/src/test/resources/General-Store.apk","automationName":"UIAutomator2","deviceName":"Pixel2","newCommandTimeout":600},"platformName":"android","app":"/Users/kyialbekn/IdeaProjects/AppiumDemo/src/test/resources/General-Store.apk","automationName":"UIAutomator2","deviceName":"emulator-5554","newCommandTimeout":600,"deviceUDID":"emulator-5554","appPackage":"com.androidsample.generalstore","deviceApiLevel":28,"platformVersion":"9","deviceScreenSize":"1080x1920","deviceScreenDensity":420,"deviceModel":"AOSP on IA Emulator","deviceManufacturer":"Google","pixelRatio":2.625,"statBarHeight":63,"viewportRect":{"left":0,"top":63,"width":1080,"height":1731}}
&amp#27;[35m[HTTP]&amp#27;[39m &amp#27;[37m<-- GET /wd/hub/session/4a49ebf9-f511-4590-82b4-eea43983ed2d &amp#27;[39m&amp#27;[32m200&amp#27;[39m &amp#27;[90m8 ms - 942&amp#27;[39m
&amp#27;[35m[HTTP]&amp#27;[39m &amp#27;[90m&amp#27;[39m
&amp#27;[35m[HTTP]&amp#27;[39m &amp#27;[37m-->&amp#27;[39m &amp#27;[37mPOST&amp#27;[39m &amp#27;[37m/wd/hub/session/4a49ebf9-f511-4590-82b4-eea43983ed2d/timeouts&amp#27;[39m
&amp#27;[35m[HTTP]&amp#27;[39m &amp#27;[90m{"implicit":5000}&amp#27;[39m
[debug] &amp#27;[35m[W3C (4a49ebf9)]&amp#27;[39m Calling AppiumDriver.timeouts() with args: [null,null,null,null,5000,"4a49ebf9-f511-4590-82b4-eea43983ed2d"]
[debug] &amp#27;[35m[BaseDriver]&amp#27;[39m W3C timeout argument: {"implicit":5000}}
[debug] &amp#27;[35m[BaseDriver]&amp#27;[39m Set implicit wait to 5000ms
[debug] &amp#27;[35m[W3C (4a49ebf9)]&amp#27;[39m Responding to client with driver.timeouts() result: null
&amp#27;[35m[HTTP]&amp#27;[39m &amp#27;[37m<-- POST /wd/hub/session/4a49ebf9-f511-4590-82b4-eea43983ed2d/timeouts &amp#27;[39m&amp#27;[32m200&amp#27;[39m &amp#27;[90m3 ms - 14&amp#27;[39m
&amp#27;[35m[HTTP]&amp#27;[39m &amp#27;[90m&amp#27;[39m
&amp#27;[35m[HTTP]&amp#27;[39m &amp#27;[37m-->&amp#27;[39m &amp#27;[37mGET&amp#27;[39m &amp#27;[37m/wd/hub/session/4a49ebf9-f511-4590-82b4-eea43983ed2d&amp#27;[39m
&amp#27;[35m[HTTP]&amp#27;[39m &amp#27;[90m{}&amp#27;[39m
[debug] &amp#27;[35m[W3C (4a49ebf9)]&amp#27;[39m Calling AppiumDriver.getSession() with args: ["4a49ebf9-f511-4590-82b4-eea43983ed2d"]
[debug] &amp#27;[35m[UiAutomator2]&amp#27;[39m Getting session details from server to mix in
[debug] &amp#27;[35m[WD Proxy]&amp#27;[39m Matched '/' to command name 'getSession'
[debug] &amp#27;[35m[WD Proxy]&amp#27;[39m Proxying [GET /] to [GET http://127.0.0.1:8200/wd/hub/session/2de36614-59d0-4281-8ae4-51a0e8d87207] with body: {}
[debug] &amp#27;[35m[WD Proxy]&amp#27;[39m Got response with status 200: {"sessionId":"2de36614-59d0-4281-8ae4-51a0e8d87207","value":{}}
[debug] &amp#27;[35m[W3C (4a49ebf9)]&amp#27;[39m Responding to client with driver.getSession() result: {"platform":"LINUX","webStorageEnabled":false,"takesScreenshot":true,"javascriptEnabled":true,"databaseEnabled":false,"networkConnectionEnabled":true,"locationContextEnabled":false,"warnings":{},"desired":{"platformName":"android","app":"/Users/kyialbekn/IdeaProjects/AppiumDemo/src/test/resources/General-Store.apk","automationName":"UIAutomator2","deviceName":"Pixel2","newCommandTimeout":600},"platformName":"android","app":"/Users/kyialbekn/IdeaProjects/AppiumDemo/src/test/resources/General-Store.apk","automationName":"UIAutomator2","deviceName":"emulator-5554","newCommandTimeout":600,"deviceUDID":"emulator-5554","appPackage":"com.androidsample.generalstore","deviceApiLevel":28,"platformVersion":"9","deviceScreenSize":"1080x1920","deviceScreenDensity":420,"deviceModel":"AOSP on IA Emulator","deviceManufacturer":"Google","pixelRatio":2.625,"statBarHeight":63,"viewportRect":{"left":0,"top":63,"width":1080,"height":1731}}
&amp#27;[35m[HTTP]&amp#27;[39m &amp#27;[37m<-- GET /wd/hub/session/4a49ebf9-f511-4590-82b4-eea43983ed2d &amp#27;[39m&amp#27;[32m200&amp#27;[39m &amp#27;[90m7 ms - 942&amp#27;[39m
&amp#27;[35m[HTTP]&amp#27;[39m &amp#27;[90m&amp#27;[39m
&amp#27;[35m[HTTP]&amp#27;[39m &amp#27;[37m-->&amp#27;[39m &amp#27;[37mGET&amp#27;[39m &amp#27;[37m/wd/hub/session/4a49ebf9-f511-4590-82b4-eea43983ed2d&amp#27;[39m
&amp#27;[35m[HTTP]&amp#27;[39m &amp#27;[90m{}&amp#27;[39m
[debug] &amp#27;[35m[W3C (4a49ebf9)]&amp#27;[39m Calling AppiumDriver.getSession() with args: ["4a49ebf9-f511-4590-82b4-eea43983ed2d"]
[debug] &amp#27;[35m[UiAutomator2]&amp#27;[39m Getting session details from server to mix in
[debug] &amp#27;[35m[WD Proxy]&amp#27;[39m Matched '/' to command name 'getSession'
[debug] &amp#27;[35m[WD Proxy]&amp#27;[39m Proxying [GET /] to [GET http://127.0.0.1:8200/wd/hub/session/2de36614-59d0-4281-8ae4-51a0e8d87207] with body: {}
[debug] &amp#27;[35m[WD Proxy]&amp#27;[39m Got response with status 200: {"sessionId":"2de36614-59d0-4281-8ae4-51a0e8d87207","value":{}}
[debug] &amp#27;[35m[W3C (4a49ebf9)]&amp#27;[39m Responding to client with driver.getSession() result: {"platform":"LINUX","webStorageEnabled":false,"takesScreenshot":true,"javascriptEnabled":true,"databaseEnabled":false,"networkConnectionEnabled":true,"locationContextEnabled":false,"warnings":{},"desired":{"platformName":"android","app":"/Users/kyialbekn/IdeaProjects/AppiumDemo/src/test/resources/General-Store.apk","automationName":"UIAutomator2","deviceName":"Pixel2","newCommandTimeout":600},"platformName":"android","app":"/Users/kyialbekn/IdeaProjects/AppiumDemo/src/test/resources/General-Store.apk","automationName":"UIAutomator2","deviceName":"emulator-5554","newCommandTimeout":600,"deviceUDID":"emulator-5554","appPackage":"com.androidsample.generalstore","deviceApiLevel":28,"platformVersion":"9","deviceScreenSize":"1080x1920","deviceScreenDensity":420,"deviceModel":"AOSP on IA Emulator","deviceManufacturer":"Google","pixelRatio":2.625,"statBarHeight":63,"viewportRect":{"left":0,"top":63,"width":1080,"height":1731}}
&amp#27;[35m[HTTP]&amp#27;[39m &amp#27;[37m<-- GET /wd/hub/session/4a49ebf9-f511-4590-82b4-eea43983ed2d &amp#27;[39m&amp#27;[32m200&amp#27;[39m &amp#27;[90m9 ms - 942&amp#27;[39m
&amp#27;[35m[HTTP]&amp#27;[39m &amp#27;[90m&amp#27;[39m
&amp#27;[35m[HTTP]&amp#27;[39m &amp#27;[37m-->&amp#27;[39m &amp#27;[37mGET&amp#27;[39m &amp#27;[37m/wd/hub/session/4a49ebf9-f511-4590-82b4-eea43983ed2d&amp#27;[39m
&amp#27;[35m[HTTP]&amp#27;[39m &amp#27;[90m{}&amp#27;[39m
[debug] &amp#27;[35m[W3C (4a49ebf9)]&amp#27;[39m Calling AppiumDriver.getSession() with args: ["4a49ebf9-f511-4590-82b4-eea43983ed2d"]
[debug] &amp#27;[35m[UiAutomator2]&amp#27;[39m Getting session details from server to mix in
[debug] &amp#27;[35m[WD Proxy]&amp#27;[39m Matched '/' to command name 'getSession'
[debug] &amp#27;[35m[WD Proxy]&amp#27;[39m Proxying [GET /] to [GET http://127.0.0.1:8200/wd/hub/session/2de36614-59d0-4281-8ae4-51a0e8d87207] with body: {}
[debug] &amp#27;[35m[WD Proxy]&amp#27;[39m Got response with status 200: {"sessionId":"2de36614-59d0-4281-8ae4-51a0e8d87207","value":{}}
[debug] &amp#27;[35m[W3C (4a49ebf9)]&amp#27;[39m Responding to client with driver.getSession() result: {"platform":"LINUX","webStorageEnabled":false,"takesScreenshot":true,"javascriptEnabled":true,"databaseEnabled":false,"networkConnectionEnabled":true,"locationContextEnabled":false,"warnings":{},"desired":{"platformName":"android","app":"/Users/kyialbekn/IdeaProjects/AppiumDemo/src/test/resources/General-Store.apk","automationName":"UIAutomator2","deviceName":"Pixel2","newCommandTimeout":600},"platformName":"android","app":"/Users/kyialbekn/IdeaProjects/AppiumDemo/src/test/resources/General-Store.apk","automationName":"UIAutomator2","deviceName":"emulator-5554","newCommandTimeout":600,"deviceUDID":"emulator-5554","appPackage":"com.androidsample.generalstore","deviceApiLevel":28,"platformVersion":"9","deviceScreenSize":"1080x1920","deviceScreenDensity":420,"deviceModel":"AOSP on IA Emulator","deviceManufacturer":"Google","pixelRatio":2.625,"statBarHeight":63,"viewportRect":{"left":0,"top":63,"width":1080,"height":1731}}
&amp#27;[35m[HTTP]&amp#27;[39m &amp#27;[37m<-- GET /wd/hub/session/4a49ebf9-f511-4590-82b4-eea43983ed2d &amp#27;[39m&amp#27;[32m200&amp#27;[39m &amp#27;[90m11 ms - 942&amp#27;[39m
&amp#27;[35m[HTTP]&amp#27;[39m &amp#27;[90m&amp#27;[39m
&amp#27;[35m[HTTP]&amp#27;[39m &amp#27;[37m-->&amp#27;[39m &amp#27;[37mPOST&amp#27;[39m &amp#27;[37m/wd/hub/session/4a49ebf9-f511-4590-82b4-eea43983ed2d/element&amp#27;[39m
&amp#27;[35m[HTTP]&amp#27;[39m &amp#27;[90m{"using":"id","value":"com.androidsample.generalstore:id/nameField"}&amp#27;[39m
[debug] &amp#27;[35m[W3C (4a49ebf9)]&amp#27;[39m Calling AppiumDriver.findElement() with args: ["id","com.androidsample.generalstore:id/nameField","4a49ebf9-f511-4590-82b4-eea43983ed2d"]
[debug] &amp#27;[35m[BaseDriver]&amp#27;[39m Valid locator strategies for this request: xpath, id, class name, accessibility id, -android uiautomator
[debug] &amp#27;[35m[BaseDriver]&amp#27;[39m Waiting up to 5000 ms for condition
[debug] &amp#27;[35m[WD Proxy]&amp#27;[39m Matched '/element' to command name 'findElement'
[debug] &amp#27;[35m[WD Proxy]&amp#27;[39m Proxying [POST /element] to [POST http://127.0.0.1:8200/wd/hub/session/2de36614-59d0-4281-8ae4-51a0e8d87207/element] with body: {"strategy":"id","selector":"com.androidsample.generalstore:id/nameField","context":"","multiple":false}
&amp#27;[35m[WD Proxy]&amp#27;[39m Got response with status 404: {"sessionId":"2de36614-59d0-4281-8ae4-51a0e8d87207","value":{"error":"no such element","message":"An element could not be located on the page using the given search parameters","stacktrace":"io.appium.uiautomator2.common.exceptions.ElementNotFoundException: An element could not be located on the page using the given search parameters\n\tat io.appium.uiautomator2.handler.FindElement.safeHandle(FindElement.java:78)\n\tat io.appium.uiautomator2.handler.request.SafeRequestHandler.handle(SafeRequestHandler.java:38)\n\tat io.appium.uiautomator2.server.AppiumServlet.handleRequest(AppiumServlet.java:252)\n\tat io.appium.uiautomator2.server.AppiumServlet.handleHttpRequest(AppiumServlet.java:242)\n\tat io.appium.uiautomator2.http.ServerHandler.channelRead(ServerHandler.java:51)\n\tat io.netty.channel.AbstractChannelHandlerContext.invokeChannelRead(AbstractChannelHandlerContext.java:366)\n\tat io.netty.channel.AbstractChannelHandlerContext.invokeChannelRead(AbstractChannelHandlerContext.java:352)\n\tat io.netty.chann...
[debug] &amp#27;[35m[W3C]&amp#27;[39m Matched W3C error code 'no such element' to NoSuchElementError
[debug] &amp#27;[35m[BaseDriver]&amp#27;[39m Waited for 45 ms so far
[debug] &amp#27;[35m[WD Proxy]&amp#27;[39m Matched '/element' to command name 'findElement'
[debug] &amp#27;[35m[WD Proxy]&amp#27;[39m Proxying [POST /element] to [POST http://127.0.0.1:8200/wd/hub/session/2de36614-59d0-4281-8ae4-51a0e8d87207/element] with body: {"strategy":"id","selector":"com.androidsample.generalstore:id/nameField","context":"","multiple":false}
&amp#27;[35m[WD Proxy]&amp#27;[39m Got response with status 404: {"sessionId":"2de36614-59d0-4281-8ae4-51a0e8d87207","value":{"error":"no such element","message":"An element could not be located on the page using the given search parameters","stacktrace":"io.appium.uiautomator2.common.exceptions.ElementNotFoundException: An element could not be located on the page using the given search parameters\n\tat io.appium.uiautomator2.handler.FindElement.safeHandle(FindElement.java:78)\n\tat io.appium.uiautomator2.handler.request.SafeRequestHandler.handle(SafeRequestHandler.java:38)\n\tat io.appium.uiautomator2.server.AppiumServlet.handleRequest(AppiumServlet.java:252)\n\tat io.appium.uiautomator2.server.AppiumServlet.handleHttpRequest(AppiumServlet.java:242)\n\tat io.appium.uiautomator2.http.ServerHandler.channelRead(ServerHandler.java:51)\n\tat io.netty.channel.AbstractChannelHandlerContext.invokeChannelRead(AbstractChannelHandlerContext.java:366)\n\tat io.netty.channel.AbstractChannelHandlerContext.invokeChannelRead(AbstractChannelHandlerContext.java:352)\n\tat io.netty.chann...
[debug] &amp#27;[35m[W3C]&amp#27;[39m Matched W3C error code 'no such element' to NoSuchElementError
[debug] &amp#27;[35m[BaseDriver]&amp#27;[39m Waited for 613 ms so far
[debug] &amp#27;[35m[WD Proxy]&amp#27;[39m Matched '/element' to command name 'findElement'
[debug] &amp#27;[35m[WD Proxy]&amp#27;[39m Proxying [POST /element] to [POST http://127.0.0.1:8200/wd/hub/session/2de36614-59d0-4281-8ae4-51a0e8d87207/element] with body: {"strategy":"id","selector":"com.androidsample.generalstore:id/nameField","context":"","multiple":false}
&amp#27;[35m[WD Proxy]&amp#27;[39m Got response with status 404: {"sessionId":"2de36614-59d0-4281-8ae4-51a0e8d87207","value":{"error":"no such element","message":"An element could not be located on the page using the given search parameters","stacktrace":"io.appium.uiautomator2.common.exceptions.ElementNotFoundException: An element could not be located on the page using the given search parameters\n\tat io.appium.uiautomator2.handler.FindElement.safeHandle(FindElement.java:78)\n\tat io.appium.uiautomator2.handler.request.SafeRequestHandler.handle(SafeRequestHandler.java:38)\n\tat io.appium.uiautomator2.server.AppiumServlet.handleRequest(AppiumServlet.java:252)\n\tat io.appium.uiautomator2.server.AppiumServlet.handleHttpRequest(AppiumServlet.java:242)\n\tat io.appium.uiautomator2.http.ServerHandler.channelRead(ServerHandler.java:51)\n\tat io.netty.channel.AbstractChannelHandlerContext.invokeChannelRead(AbstractChannelHandlerContext.java:366)\n\tat io.netty.channel.AbstractChannelHandlerContext.invokeChannelRead(AbstractChannelHandlerContext.java:352)\n\tat io.netty.chann...
[debug] &amp#27;[35m[W3C]&amp#27;[39m Matched W3C error code 'no such element' to NoSuchElementError
[debug] &amp#27;[35m[BaseDriver]&amp#27;[39m Waited for 1134 ms so far
[debug] &amp#27;[35m[WD Proxy]&amp#27;[39m Matched '/element' to command name 'findElement'
[debug] &amp#27;[35m[WD Proxy]&amp#27;[39m Proxying [POST /element] to [POST http://127.0.0.1:8200/wd/hub/session/2de36614-59d0-4281-8ae4-51a0e8d87207/element] with body: {"strategy":"id","selector":"com.androidsample.generalstore:id/nameField","context":"","multiple":false}
&amp#27;[35m[WD Proxy]&amp#27;[39m Got response with status 404: {"sessionId":"2de36614-59d0-4281-8ae4-51a0e8d87207","value":{"error":"no such element","message":"An element could not be located on the page using the given search parameters","stacktrace":"io.appium.uiautomator2.common.exceptions.ElementNotFoundException: An element could not be located on the page using the given search parameters\n\tat io.appium.uiautomator2.handler.FindElement.safeHandle(FindElement.java:78)\n\tat io.appium.uiautomator2.handler.request.SafeRequestHandler.handle(SafeRequestHandler.java:38)\n\tat io.appium.uiautomator2.server.AppiumServlet.handleRequest(AppiumServlet.java:252)\n\tat io.appium.uiautomator2.server.AppiumServlet.handleHttpRequest(AppiumServlet.java:242)\n\tat io.appium.uiautomator2.http.ServerHandler.channelRead(ServerHandler.java:51)\n\tat io.netty.channel.AbstractChannelHandlerContext.invokeChannelRead(AbstractChannelHandlerContext.java:366)\n\tat io.netty.channel.AbstractChannelHandlerContext.invokeChannelRead(AbstractChannelHandlerContext.java:352)\n\tat io.netty.chann...
[debug] &amp#27;[35m[W3C]&amp#27;[39m Matched W3C error code 'no such element' to NoSuchElementError
[debug] &amp#27;[35m[BaseDriver]&amp#27;[39m Waited for 1659 ms so far
[debug] &amp#27;[35m[WD Proxy]&amp#27;[39m Matched '/element' to command name 'findElement'
[debug] &amp#27;[35m[WD Proxy]&amp#27;[39m Proxying [POST /element] to [POST http://127.0.0.1:8200/wd/hub/session/2de36614-59d0-4281-8ae4-51a0e8d87207/element] with body: {"strategy":"id","selector":"com.androidsample.generalstore:id/nameField","context":"","multiple":false}
&amp#27;[35m[WD Proxy]&amp#27;[39m Got response with status 404: {"sessionId":"2de36614-59d0-4281-8ae4-51a0e8d87207","value":{"error":"no such element","message":"An element could not be located on the page using the given search parameters","stacktrace":"io.appium.uiautomator2.common.exceptions.ElementNotFoundException: An element could not be located on the page using the given search parameters\n\tat io.appium.uiautomator2.handler.FindElement.safeHandle(FindElement.java:78)\n\tat io.appium.uiautomator2.handler.request.SafeRequestHandler.handle(SafeRequestHandler.java:38)\n\tat io.appium.uiautomator2.server.AppiumServlet.handleRequest(AppiumServlet.java:252)\n\tat io.appium.uiautomator2.server.AppiumServlet.handleHttpRequest(AppiumServlet.java:242)\n\tat io.appium.uiautomator2.http.ServerHandler.channelRead(ServerHandler.java:51)\n\tat io.netty.channel.AbstractChannelHandlerContext.invokeChannelRead(AbstractChannelHandlerContext.java:366)\n\tat io.netty.channel.AbstractChannelHandlerContext.invokeChannelRead(AbstractChannelHandlerContext.java:352)\n\tat io.netty.chann...
[debug] &amp#27;[35m[W3C]&amp#27;[39m Matched W3C error code 'no such element' to NoSuchElementError
[debug] &amp#27;[35m[BaseDriver]&amp#27;[39m Waited for 2177 ms so far
[debug] &amp#27;[35m[WD Proxy]&amp#27;[39m Matched '/element' to command name 'findElement'
[debug] &amp#27;[35m[WD Proxy]&amp#27;[39m Proxying [POST /element] to [POST http://127.0.0.1:8200/wd/hub/session/2de36614-59d0-4281-8ae4-51a0e8d87207/element] with body: {"strategy":"id","selector":"com.androidsample.generalstore:id/nameField","context":"","multiple":false}
[debug] &amp#27;[35m[WD Proxy]&amp#27;[39m Got response with status 200: {"sessionId":"2de36614-59d0-4281-8ae4-51a0e8d87207","value":{"ELEMENT":"f8a2b9c5-1c83-41c8-b082-75ff124d8da7","element-6066-11e4-a52e-4f735466cecf":"f8a2b9c5-1c83-41c8-b082-75ff124d8da7"}}
[debug] &amp#27;[35m[W3C (4a49ebf9)]&amp#27;[39m Responding to client with driver.findElement() result: {"element-6066-11e4-a52e-4f735466cecf":"f8a2b9c5-1c83-41c8-b082-75ff124d8da7","ELEMENT":"f8a2b9c5-1c83-41c8-b082-75ff124d8da7"}
&amp#27;[35m[HTTP]&amp#27;[39m &amp#27;[37m<-- POST /wd/hub/session/4a49ebf9-f511-4590-82b4-eea43983ed2d/element &amp#27;[39m&amp#27;[32m200&amp#27;[39m &amp#27;[90m3257 ms - 137&amp#27;[39m
&amp#27;[35m[HTTP]&amp#27;[39m &amp#27;[90m&amp#27;[39m
&amp#27;[35m[HTTP]&amp#27;[39m &amp#27;[37m-->&amp#27;[39m &amp#27;[37mPOST&amp#27;[39m &amp#27;[37m/wd/hub/session/4a49ebf9-f511-4590-82b4-eea43983ed2d/element/f8a2b9c5-1c83-41c8-b082-75ff124d8da7/value&amp#27;[39m
&amp#27;[35m[HTTP]&amp#27;[39m &amp#27;[90m{"id":"f8a2b9c5-1c83-41c8-b082-75ff124d8da7","text":"Rahul","value":["R","a","h","u","l"]}&amp#27;[39m
[debug] &amp#27;[35m[W3C (4a49ebf9)]&amp#27;[39m Calling AppiumDriver.setValue() with args: [["R","a","h","u","l"],"f8a2b9c5-1c83-41c8-b082-75ff124d8da7","4a49ebf9-f511-4590-82b4-eea43983ed2d"]
[debug] &amp#27;[35m[WD Proxy]&amp#27;[39m Matched '/element/f8a2b9c5-1c83-41c8-b082-75ff124d8da7/value' to command name 'setValue'
[debug] &amp#27;[35m[Protocol Converter]&amp#27;[39m Added 'value' property ["R","a","h","u","l"] to 'setValue' request body
[debug] &amp#27;[35m[WD Proxy]&amp#27;[39m Proxying [POST /element/f8a2b9c5-1c83-41c8-b082-75ff124d8da7/value] to [POST http://127.0.0.1:8200/wd/hub/session/2de36614-59d0-4281-8ae4-51a0e8d87207/element/f8a2b9c5-1c83-41c8-b082-75ff124d8da7/value] with body: {"elementId":"f8a2b9c5-1c83-41c8-b082-75ff124d8da7","text":"Rahul","replace":false,"value":["R","a","h","u","l"]}
[debug] &amp#27;[35m[WD Proxy]&amp#27;[39m Got response with status 200: {"sessionId":"2de36614-59d0-4281-8ae4-51a0e8d87207","value":null}
[debug] &amp#27;[35m[W3C (4a49ebf9)]&amp#27;[39m Responding to client with driver.setValue() result: null
&amp#27;[35m[HTTP]&amp#27;[39m &amp#27;[37m<-- POST /wd/hub/session/4a49ebf9-f511-4590-82b4-eea43983ed2d/element/f8a2b9c5-1c83-41c8-b082-75ff124d8da7/value &amp#27;[39m&amp#27;[32m200&amp#27;[39m &amp#27;[90m567 ms - 14&amp#27;[39m
&amp#27;[35m[HTTP]&amp#27;[39m &amp#27;[90m&amp#27;[39m
&amp#27;[35m[HTTP]&amp#27;[39m &amp#27;[37m-->&amp#27;[39m &amp#27;[37mPOST&amp#27;[39m &amp#27;[37m/wd/hub/session/4a49ebf9-f511-4590-82b4-eea43983ed2d/appium/device/hide_keyboard&amp#27;[39m
&amp#27;[35m[HTTP]&amp#27;[39m &amp#27;[90m{}&amp#27;[39m
[debug] &amp#27;[35m[W3C (4a49ebf9)]&amp#27;[39m Calling AppiumDriver.hideKeyboard() with args: [null,null,null,null,"4a49ebf9-f511-4590-82b4-eea43983ed2d"]
[debug] &amp#27;[35m[ADB]&amp#27;[39m Running '/Users/kyialbekn/Library/Android/sdk/platform-tools/adb -P 5037 -s emulator-5554 shell dumpsys input_method'
&amp#27;[35m[AndroidDriver]&amp#27;[39m Keyboard has no UI; no closing necessary
[debug] &amp#27;[35m[W3C (4a49ebf9)]&amp#27;[39m Responding to client with driver.hideKeyboard() result: null
&amp#27;[35m[HTTP]&amp#27;[39m &amp#27;[37m<-- POST /wd/hub/session/4a49ebf9-f511-4590-82b4-eea43983ed2d/appium/device/hide_keyboard &amp#27;[39m&amp#27;[32m200&amp#27;[39m &amp#27;[90m203 ms - 14&amp#27;[39m
&amp#27;[35m[HTTP]&amp#27;[39m &amp#27;[90m&amp#27;[39m
&amp#27;[35m[HTTP]&amp#27;[39m &amp#27;[37m-->&amp#27;[39m &amp#27;[37mGET&amp#27;[39m &amp#27;[37m/wd/hub/session/4a49ebf9-f511-4590-82b4-eea43983ed2d&amp#27;[39m
&amp#27;[35m[HTTP]&amp#27;[39m &amp#27;[90m{}&amp#27;[39m
[debug] &amp#27;[35m[W3C (4a49ebf9)]&amp#27;[39m Calling AppiumDriver.getSession() with args: ["4a49ebf9-f511-4590-82b4-eea43983ed2d"]
[debug] &amp#27;[35m[UiAutomator2]&amp#27;[39m Getting session details from server to mix in
[debug] &amp#27;[35m[WD Proxy]&amp#27;[39m Matched '/' to command name 'getSession'
[debug] &amp#27;[35m[WD Proxy]&amp#27;[39m Proxying [GET /] to [GET http://127.0.0.1:8200/wd/hub/session/2de36614-59d0-4281-8ae4-51a0e8d87207] with body: {}
[debug] &amp#27;[35m[WD Proxy]&amp#27;[39m Got response with status 200: {"sessionId":"2de36614-59d0-4281-8ae4-51a0e8d87207","value":{}}
[debug] &amp#27;[35m[W3C (4a49ebf9)]&amp#27;[39m Responding to client with driver.getSession() result: {"platform":"LINUX","webStorageEnabled":false,"takesScreenshot":true,"javascriptEnabled":true,"databaseEnabled":false,"networkConnectionEnabled":true,"locationContextEnabled":false,"warnings":{},"desired":{"platformName":"android","app":"/Users/kyialbekn/IdeaProjects/AppiumDemo/src/test/resources/General-Store.apk","automationName":"UIAutomator2","deviceName":"Pixel2","newCommandTimeout":600},"platformName":"android","app":"/Users/kyialbekn/IdeaProjects/AppiumDemo/src/test/resources/General-Store.apk","automationName":"UIAutomator2","deviceName":"emulator-5554","newCommandTimeout":600,"deviceUDID":"emulator-5554","appPackage":"com.androidsample.generalstore","deviceApiLevel":28,"platformVersion":"9","deviceScreenSize":"1080x1920","deviceScreenDensity":420,"deviceModel":"AOSP on IA Emulator","deviceManufacturer":"Google","pixelRatio":2.625,"statBarHeight":63,"viewportRect":{"left":0,"top":63,"width":1080,"height":1731}}
&amp#27;[35m[HTTP]&amp#27;[39m &amp#27;[37m<-- GET /wd/hub/session/4a49ebf9-f511-4590-82b4-eea43983ed2d &amp#27;[39m&amp#27;[32m200&amp#27;[39m &amp#27;[90m10 ms - 942&amp#27;[39m
&amp#27;[35m[HTTP]&amp#27;[39m &amp#27;[90m&amp#27;[39m
&amp#27;[35m[HTTP]&amp#27;[39m &amp#27;[37m-->&amp#27;[39m &amp#27;[37mPOST&amp#27;[39m &amp#27;[37m/wd/hub/session/4a49ebf9-f511-4590-82b4-eea43983ed2d/element&amp#27;[39m
&amp#27;[35m[HTTP]&amp#27;[39m &amp#27;[90m{"using":"xpath","value":"//*[@text='Female']"}&amp#27;[39m
[debug] &amp#27;[35m[W3C (4a49ebf9)]&amp#27;[39m Calling AppiumDriver.findElement() with args: ["xpath","//*[@text='Female']","4a49ebf9-f511-4590-82b4-eea43983ed2d"]
[debug] &amp#27;[35m[BaseDriver]&amp#27;[39m Valid locator strategies for this request: xpath, id, class name, accessibility id, -android uiautomator
[debug] &amp#27;[35m[BaseDriver]&amp#27;[39m Waiting up to 5000 ms for condition
[debug] &amp#27;[35m[WD Proxy]&amp#27;[39m Matched '/element' to command name 'findElement'
[debug] &amp#27;[35m[WD Proxy]&amp#27;[39m Proxying [POST /element] to [POST http://127.0.0.1:8200/wd/hub/session/2de36614-59d0-4281-8ae4-51a0e8d87207/element] with body: {"strategy":"xpath","selector":"//*[@text='Female']","context":"","multiple":false}
[debug] &amp#27;[35m[WD Proxy]&amp#27;[39m Got response with status 200: {"sessionId":"2de36614-59d0-4281-8ae4-51a0e8d87207","value":{"ELEMENT":"d6220459-dec2-4434-bba9-08b5e5b60254","element-6066-11e4-a52e-4f735466cecf":"d6220459-dec2-4434-bba9-08b5e5b60254"}}
[debug] &amp#27;[35m[W3C (4a49ebf9)]&amp#27;[39m Responding to client with driver.findElement() result: {"element-6066-11e4-a52e-4f735466cecf":"d6220459-dec2-4434-bba9-08b5e5b60254","ELEMENT":"d6220459-dec2-4434-bba9-08b5e5b60254"}
&amp#27;[35m[HTTP]&amp#27;[39m &amp#27;[37m<-- POST /wd/hub/session/4a49ebf9-f511-4590-82b4-eea43983ed2d/element &amp#27;[39m&amp#27;[32m200&amp#27;[39m &amp#27;[90m439 ms - 137&amp#27;[39m
&amp#27;[35m[HTTP]&amp#27;[39m &amp#27;[90m&amp#27;[39m
&amp#27;[35m[HTTP]&amp#27;[39m &amp#27;[37m-->&amp#27;[39m &amp#27;[37mPOST&amp#27;[39m &amp#27;[37m/wd/hub/session/4a49ebf9-f511-4590-82b4-eea43983ed2d/element/d6220459-dec2-4434-bba9-08b5e5b60254/click&amp#27;[39m
&amp#27;[35m[HTTP]&amp#27;[39m &amp#27;[90m{"id":"d6220459-dec2-4434-bba9-08b5e5b60254"}&amp#27;[39m
[debug] &amp#27;[35m[W3C (4a49ebf9)]&amp#27;[39m Calling AppiumDriver.click() with args: ["d6220459-dec2-4434-bba9-08b5e5b60254","4a49ebf9-f511-4590-82b4-eea43983ed2d"]
[debug] &amp#27;[35m[WD Proxy]&amp#27;[39m Matched '/element/d6220459-dec2-4434-bba9-08b5e5b60254/click' to command name 'click'
[debug] &amp#27;[35m[WD Proxy]&amp#27;[39m Proxying [POST /element/d6220459-dec2-4434-bba9-08b5e5b60254/click] to [POST http://127.0.0.1:8200/wd/hub/session/2de36614-59d0-4281-8ae4-51a0e8d87207/element/d6220459-dec2-4434-bba9-08b5e5b60254/click] with body: {"element":"d6220459-dec2-4434-bba9-08b5e5b60254"}
[debug] &amp#27;[35m[WD Proxy]&amp#27;[39m Got response with status 200: {"sessionId":"2de36614-59d0-4281-8ae4-51a0e8d87207","value":null}
[debug] &amp#27;[35m[W3C (4a49ebf9)]&amp#27;[39m Responding to client with driver.click() result: null
&amp#27;[35m[HTTP]&amp#27;[39m &amp#27;[37m<-- POST /wd/hub/session/4a49ebf9-f511-4590-82b4-eea43983ed2d/element/d6220459-dec2-4434-bba9-08b5e5b60254/click &amp#27;[39m&amp#27;[32m200&amp#27;[39m &amp#27;[90m32 ms - 14&amp#27;[39m
&amp#27;[35m[HTTP]&amp#27;[39m &amp#27;[90m&amp#27;[39m
&amp#27;[35m[HTTP]&amp#27;[39m &amp#27;[37m-->&amp#27;[39m &amp#27;[37mGET&amp#27;[39m &amp#27;[37m/wd/hub/session/4a49ebf9-f511-4590-82b4-eea43983ed2d&amp#27;[39m
&amp#27;[35m[HTTP]&amp#27;[39m &amp#27;[90m{}&amp#27;[39m
[debug] &amp#27;[35m[W3C (4a49ebf9)]&amp#27;[39m Calling AppiumDriver.getSession() with args: ["4a49ebf9-f511-4590-82b4-eea43983ed2d"]
[debug] &amp#27;[35m[UiAutomator2]&amp#27;[39m Getting session details from server to mix in
[debug] &amp#27;[35m[WD Proxy]&amp#27;[39m Matched '/' to command name 'getSession'
[debug] &amp#27;[35m[WD Proxy]&amp#27;[39m Proxying [GET /] to [GET http://127.0.0.1:8200/wd/hub/session/2de36614-59d0-4281-8ae4-51a0e8d87207] with body: {}
[debug] &amp#27;[35m[WD Proxy]&amp#27;[39m Got response with status 200: {"sessionId":"2de36614-59d0-4281-8ae4-51a0e8d87207","value":{}}
[debug] &amp#27;[35m[W3C (4a49ebf9)]&amp#27;[39m Responding to client with driver.getSession() result: {"platform":"LINUX","webStorageEnabled":false,"takesScreenshot":true,"javascriptEnabled":true,"databaseEnabled":false,"networkConnectionEnabled":true,"locationContextEnabled":false,"warnings":{},"desired":{"platformName":"android","app":"/Users/kyialbekn/IdeaProjects/AppiumDemo/src/test/resources/General-Store.apk","automationName":"UIAutomator2","deviceName":"Pixel2","newCommandTimeout":600},"platformName":"android","app":"/Users/kyialbekn/IdeaProjects/AppiumDemo/src/test/resources/General-Store.apk","automationName":"UIAutomator2","deviceName":"emulator-5554","newCommandTimeout":600,"deviceUDID":"emulator-5554","appPackage":"com.androidsample.generalstore","deviceApiLevel":28,"platformVersion":"9","deviceScreenSize":"1080x1920","deviceScreenDensity":420,"deviceModel":"AOSP on IA Emulator","deviceManufacturer":"Google","pixelRatio":2.625,"statBarHeight":63,"viewportRect":{"left":0,"top":63,"width":1080,"height":1731}}
&amp#27;[35m[HTTP]&amp#27;[39m &amp#27;[37m<-- GET /wd/hub/session/4a49ebf9-f511-4590-82b4-eea43983ed2d &amp#27;[39m&amp#27;[32m200&amp#27;[39m &amp#27;[90m8 ms - 942&amp#27;[39m
&amp#27;[35m[HTTP]&amp#27;[39m &amp#27;[90m&amp#27;[39m
&amp#27;[35m[HTTP]&amp#27;[39m &amp#27;[37m-->&amp#27;[39m &amp#27;[37mPOST&amp#27;[39m &amp#27;[37m/wd/hub/session/4a49ebf9-f511-4590-82b4-eea43983ed2d/element&amp#27;[39m
&amp#27;[35m[HTTP]&amp#27;[39m &amp#27;[90m{"using":"id","value":"android:id/text1"}&amp#27;[39m
[debug] &amp#27;[35m[W3C (4a49ebf9)]&amp#27;[39m Calling AppiumDriver.findElement() with args: ["id","android:id/text1","4a49ebf9-f511-4590-82b4-eea43983ed2d"]
[debug] &amp#27;[35m[BaseDriver]&amp#27;[39m Valid locator strategies for this request: xpath, id, class name, accessibility id, -android uiautomator
[debug] &amp#27;[35m[BaseDriver]&amp#27;[39m Waiting up to 5000 ms for condition
[debug] &amp#27;[35m[WD Proxy]&amp#27;[39m Matched '/element' to command name 'findElement'
[debug] &amp#27;[35m[WD Proxy]&amp#27;[39m Proxying [POST /element] to [POST http://127.0.0.1:8200/wd/hub/session/2de36614-59d0-4281-8ae4-51a0e8d87207/element] with body: {"strategy":"id","selector":"android:id/text1","context":"","multiple":false}
[debug] &amp#27;[35m[WD Proxy]&amp#27;[39m Got response with status 200: {"sessionId":"2de36614-59d0-4281-8ae4-51a0e8d87207","value":{"ELEMENT":"2f5f0982-af64-4018-905c-053077ddfaf0","element-6066-11e4-a52e-4f735466cecf":"2f5f0982-af64-4018-905c-053077ddfaf0"}}
[debug] &amp#27;[35m[W3C (4a49ebf9)]&amp#27;[39m Responding to client with driver.findElement() result: {"element-6066-11e4-a52e-4f735466cecf":"2f5f0982-af64-4018-905c-053077ddfaf0","ELEMENT":"2f5f0982-af64-4018-905c-053077ddfaf0"}
&amp#27;[35m[HTTP]&amp#27;[39m &amp#27;[37m<-- POST /wd/hub/session/4a49ebf9-f511-4590-82b4-eea43983ed2d/element &amp#27;[39m&amp#27;[32m200&amp#27;[39m &amp#27;[90m64 ms - 137&amp#27;[39m
&amp#27;[35m[HTTP]&amp#27;[39m &amp#27;[90m&amp#27;[39m
&amp#27;[35m[HTTP]&amp#27;[39m &amp#27;[37m-->&amp#27;[39m &amp#27;[37mPOST&amp#27;[39m &amp#27;[37m/wd/hub/session/4a49ebf9-f511-4590-82b4-eea43983ed2d/element/2f5f0982-af64-4018-905c-053077ddfaf0/click&amp#27;[39m
&amp#27;[35m[HTTP]&amp#27;[39m &amp#27;[90m{"id":"2f5f0982-af64-4018-905c-053077ddfaf0"}&amp#27;[39m
[debug] &amp#27;[35m[W3C (4a49ebf9)]&amp#27;[39m Calling AppiumDriver.click() with args: ["2f5f0982-af64-4018-905c-053077ddfaf0","4a49ebf9-f511-4590-82b4-eea43983ed2d"]
[debug] &amp#27;[35m[WD Proxy]&amp#27;[39m Matched '/element/2f5f0982-af64-4018-905c-053077ddfaf0/click' to command name 'click'
[debug] &amp#27;[35m[WD Proxy]&amp#27;[39m Proxying [POST /element/2f5f0982-af64-4018-905c-053077ddfaf0/click] to [POST http://127.0.0.1:8200/wd/hub/session/2de36614-59d0-4281-8ae4-51a0e8d87207/element/2f5f0982-af64-4018-905c-053077ddfaf0/click] with body: {"element":"2f5f0982-af64-4018-905c-053077ddfaf0"}
[debug] &amp#27;[35m[WD Proxy]&amp#27;[39m Got response with status 200: {"sessionId":"2de36614-59d0-4281-8ae4-51a0e8d87207","value":null}
[debug] &amp#27;[35m[W3C (4a49ebf9)]&amp#27;[39m Responding to client with driver.click() result: null
&amp#27;[35m[HTTP]&amp#27;[39m &amp#27;[37m<-- POST /wd/hub/session/4a49ebf9-f511-4590-82b4-eea43983ed2d/element/2f5f0982-af64-4018-905c-053077ddfaf0/click &amp#27;[39m&amp#27;[32m200&amp#27;[39m &amp#27;[90m453 ms - 14&amp#27;[39m
&amp#27;[35m[HTTP]&amp#27;[39m &amp#27;[90m&amp#27;[39m
&amp#27;[35m[HTTP]&amp#27;[39m &amp#27;[37m-->&amp#27;[39m &amp#27;[37mPOST&amp#27;[39m &amp#27;[37m/wd/hub/session/4a49ebf9-f511-4590-82b4-eea43983ed2d/element&amp#27;[39m
&amp#27;[35m[HTTP]&amp#27;[39m &amp#27;[90m{"using":"-android uiautomator","value":"new UiScrollable(new UiSelector()).scrollIntoView(text(\"Argentina\"));"}&amp#27;[39m
[debug] &amp#27;[35m[W3C (4a49ebf9)]&amp#27;[39m Calling AppiumDriver.findElement() with args: ["-android uiautomator","new UiScrollable(new UiSelector()).scrollIntoView(text(\"Argentina\"));","4a49ebf9-f511-4590-82b4-eea43983ed2d"]
[debug] &amp#27;[35m[BaseDriver]&amp#27;[39m Valid locator strategies for this request: xpath, id, class name, accessibility id, -android uiautomator
[debug] &amp#27;[35m[BaseDriver]&amp#27;[39m Waiting up to 5000 ms for condition
[debug] &amp#27;[35m[WD Proxy]&amp#27;[39m Matched '/element' to command name 'findElement'
[debug] &amp#27;[35m[WD Proxy]&amp#27;[39m Proxying [POST /element] to [POST http://127.0.0.1:8200/wd/hub/session/2de36614-59d0-4281-8ae4-51a0e8d87207/element] with body: {"strategy":"-android uiautomator","selector":"new UiScrollable(new UiSelector()).scrollIntoView(text(\"Argentina\"));","context":"","multiple":false}
[debug] &amp#27;[35m[WD Proxy]&amp#27;[39m Got response with status 200: {"sessionId":"2de36614-59d0-4281-8ae4-51a0e8d87207","value":{"ELEMENT":"dc60f755-d6f3-469a-a0f0-319eebb135e2","element-6066-11e4-a52e-4f735466cecf":"dc60f755-d6f3-469a-a0f0-319eebb135e2"}}
[debug] &amp#27;[35m[W3C (4a49ebf9)]&amp#27;[39m Responding to client with driver.findElement() result: {"element-6066-11e4-a52e-4f735466cecf":"dc60f755-d6f3-469a-a0f0-319eebb135e2","ELEMENT":"dc60f755-d6f3-469a-a0f0-319eebb135e2"}
&amp#27;[35m[HTTP]&amp#27;[39m &amp#27;[37m<-- POST /wd/hub/session/4a49ebf9-f511-4590-82b4-eea43983ed2d/element &amp#27;[39m&amp#27;[32m200&amp#27;[39m &amp#27;[90m4429 ms - 137&amp#27;[39m
&amp#27;[35m[HTTP]&amp#27;[39m &amp#27;[90m&amp#27;[39m
&amp#27;[35m[HTTP]&amp#27;[39m &amp#27;[37m-->&amp#27;[39m &amp#27;[37mPOST&amp#27;[39m &amp#27;[37m/wd/hub/session/4a49ebf9-f511-4590-82b4-eea43983ed2d/element&amp#27;[39m
&amp#27;[35m[HTTP]&amp#27;[39m &amp#27;[90m{"using":"xpath","value":"//*[@text='Argentina']"}&amp#27;[39m
[debug] &amp#27;[35m[W3C (4a49ebf9)]&amp#27;[39m Calling AppiumDriver.findElement() with args: ["xpath","//*[@text='Argentina']","4a49ebf9-f511-4590-82b4-eea43983ed2d"]
[debug] &amp#27;[35m[BaseDriver]&amp#27;[39m Valid locator strategies for this request: xpath, id, class name, accessibility id, -android uiautomator
[debug] &amp#27;[35m[BaseDriver]&amp#27;[39m Waiting up to 5000 ms for condition
[debug] &amp#27;[35m[WD Proxy]&amp#27;[39m Matched '/element' to command name 'findElement'
[debug] &amp#27;[35m[WD Proxy]&amp#27;[39m Proxying [POST /element] to [POST http://127.0.0.1:8200/wd/hub/session/2de36614-59d0-4281-8ae4-51a0e8d87207/element] with body: {"strategy":"xpath","selector":"//*[@text='Argentina']","context":"","multiple":false}
[debug] &amp#27;[35m[WD Proxy]&amp#27;[39m Got response with status 200: {"sessionId":"2de36614-59d0-4281-8ae4-51a0e8d87207","value":{"ELEMENT":"e34a52da-0cbe-45ff-8098-3f9990c56d79","element-6066-11e4-a52e-4f735466cecf":"e34a52da-0cbe-45ff-8098-3f9990c56d79"}}
[debug] &amp#27;[35m[W3C (4a49ebf9)]&amp#27;[39m Responding to client with driver.findElement() result: {"element-6066-11e4-a52e-4f735466cecf":"e34a52da-0cbe-45ff-8098-3f9990c56d79","ELEMENT":"e34a52da-0cbe-45ff-8098-3f9990c56d79"}
&amp#27;[35m[HTTP]&amp#27;[39m &amp#27;[37m<-- POST /wd/hub/session/4a49ebf9-f511-4590-82b4-eea43983ed2d/element &amp#27;[39m&amp#27;[32m200&amp#27;[39m &amp#27;[90m132 ms - 137&amp#27;[39m
&amp#27;[35m[HTTP]&amp#27;[39m &amp#27;[90m&amp#27;[39m
&amp#27;[35m[HTTP]&amp#27;[39m &amp#27;[37m-->&amp#27;[39m &amp#27;[37mPOST&amp#27;[39m &amp#27;[37m/wd/hub/session/4a49ebf9-f511-4590-82b4-eea43983ed2d/element/e34a52da-0cbe-45ff-8098-3f9990c56d79/click&amp#27;[39m
&amp#27;[35m[HTTP]&amp#27;[39m &amp#27;[90m{"id":"e34a52da-0cbe-45ff-8098-3f9990c56d79"}&amp#27;[39m
[debug] &amp#27;[35m[W3C (4a49ebf9)]&amp#27;[39m Calling AppiumDriver.click() with args: ["e34a52da-0cbe-45ff-8098-3f9990c56d79","4a49ebf9-f511-4590-82b4-eea43983ed2d"]
[debug] &amp#27;[35m[WD Proxy]&amp#27;[39m Matched '/element/e34a52da-0cbe-45ff-8098-3f9990c56d79/click' to command name 'click'
[debug] &amp#27;[35m[WD Proxy]&amp#27;[39m Proxying [POST /element/e34a52da-0cbe-45ff-8098-3f9990c56d79/click] to [POST http://127.0.0.1:8200/wd/hub/session/2de36614-59d0-4281-8ae4-51a0e8d87207/element/e34a52da-0cbe-45ff-8098-3f9990c56d79/click] with body: {"element":"e34a52da-0cbe-45ff-8098-3f9990c56d79"}
[debug] &amp#27;[35m[WD Proxy]&amp#27;[39m Got response with status 200: {"sessionId":"2de36614-59d0-4281-8ae4-51a0e8d87207","value":null}
[debug] &amp#27;[35m[W3C (4a49ebf9)]&amp#27;[39m Responding to client with driver.click() result: null
&amp#27;[35m[HTTP]&amp#27;[39m &amp#27;[37m<-- POST /wd/hub/session/4a49ebf9-f511-4590-82b4-eea43983ed2d/element/e34a52da-0cbe-45ff-8098-3f9990c56d79/click &amp#27;[39m&amp#27;[32m200&amp#27;[39m &amp#27;[90m652 ms - 14&amp#27;[39m
&amp#27;[35m[HTTP]&amp#27;[39m &amp#27;[90m&amp#27;[39m
&amp#27;[35m[HTTP]&amp#27;[39m &amp#27;[37m-->&amp#27;[39m &amp#27;[37mGET&amp#27;[39m &amp#27;[37m/wd/hub/session/4a49ebf9-f511-4590-82b4-eea43983ed2d&amp#27;[39m
&amp#27;[35m[HTTP]&amp#27;[39m &amp#27;[90m{}&amp#27;[39m
[debug] &amp#27;[35m[W3C (4a49ebf9)]&amp#27;[39m Calling AppiumDriver.getSession() with args: ["4a49ebf9-f511-4590-82b4-eea43983ed2d"]
[debug] &amp#27;[35m[UiAutomator2]&amp#27;[39m Getting session details from server to mix in
[debug] &amp#27;[35m[WD Proxy]&amp#27;[39m Matched '/' to command name 'getSession'
[debug] &amp#27;[35m[WD Proxy]&amp#27;[39m Proxying [GET /] to [GET http://127.0.0.1:8200/wd/hub/session/2de36614-59d0-4281-8ae4-51a0e8d87207] with body: {}
[debug] &amp#27;[35m[WD Proxy]&amp#27;[39m Got response with status 200: {"sessionId":"2de36614-59d0-4281-8ae4-51a0e8d87207","value":{}}
[debug] &amp#27;[35m[W3C (4a49ebf9)]&amp#27;[39m Responding to client with driver.getSession() result: {"platform":"LINUX","webStorageEnabled":false,"takesScreenshot":true,"javascriptEnabled":true,"databaseEnabled":false,"networkConnectionEnabled":true,"locationContextEnabled":false,"warnings":{},"desired":{"platformName":"android","app":"/Users/kyialbekn/IdeaProjects/AppiumDemo/src/test/resources/General-Store.apk","automationName":"UIAutomator2","deviceName":"Pixel2","newCommandTimeout":600},"platformName":"android","app":"/Users/kyialbekn/IdeaProjects/AppiumDemo/src/test/resources/General-Store.apk","automationName":"UIAutomator2","deviceName":"emulator-5554","newCommandTimeout":600,"deviceUDID":"emulator-5554","appPackage":"com.androidsample.generalstore","deviceApiLevel":28,"platformVersion":"9","deviceScreenSize":"1080x1920","deviceScreenDensity":420,"deviceModel":"AOSP on IA Emulator","deviceManufacturer":"Google","pixelRatio":2.625,"statBarHeight":63,"viewportRect":{"left":0,"top":63,"width":1080,"height":1731}}
&amp#27;[35m[HTTP]&amp#27;[39m &amp#27;[37m<-- GET /wd/hub/session/4a49ebf9-f511-4590-82b4-eea43983ed2d &amp#27;[39m&amp#27;[32m200&amp#27;[39m &amp#27;[90m9 ms - 942&amp#27;[39m
&amp#27;[35m[HTTP]&amp#27;[39m &amp#27;[90m&amp#27;[39m
&amp#27;[35m[HTTP]&amp#27;[39m &amp#27;[37m-->&amp#27;[39m &amp#27;[37mPOST&amp#27;[39m &amp#27;[37m/wd/hub/session/4a49ebf9-f511-4590-82b4-eea43983ed2d/element&amp#27;[39m
&amp#27;[35m[HTTP]&amp#27;[39m &amp#27;[90m{"using":"id","value":"com.androidsample.generalstore:id/btnLetsShop"}&amp#27;[39m
[debug] &amp#27;[35m[W3C (4a49ebf9)]&amp#27;[39m Calling AppiumDriver.findElement() with args: ["id","com.androidsample.generalstore:id/btnLetsShop","4a49ebf9-f511-4590-82b4-eea43983ed2d"]
[debug] &amp#27;[35m[BaseDriver]&amp#27;[39m Valid locator strategies for this request: xpath, id, class name, accessibility id, -android uiautomator
[debug] &amp#27;[35m[BaseDriver]&amp#27;[39m Waiting up to 5000 ms for condition
[debug] &amp#27;[35m[WD Proxy]&amp#27;[39m Matched '/element' to command name 'findElement'
[debug] &amp#27;[35m[WD Proxy]&amp#27;[39m Proxying [POST /element] to [POST http://127.0.0.1:8200/wd/hub/session/2de36614-59d0-4281-8ae4-51a0e8d87207/element] with body: {"strategy":"id","selector":"com.androidsample.generalstore:id/btnLetsShop","context":"","multiple":false}
[debug] &amp#27;[35m[WD Proxy]&amp#27;[39m Got response with status 200: {"sessionId":"2de36614-59d0-4281-8ae4-51a0e8d87207","value":{"ELEMENT":"61d03eef-0e78-46ae-a33a-ea03c3a7f2c2","element-6066-11e4-a52e-4f735466cecf":"61d03eef-0e78-46ae-a33a-ea03c3a7f2c2"}}
[debug] &amp#27;[35m[W3C (4a49ebf9)]&amp#27;[39m Responding to client with driver.findElement() result: {"element-6066-11e4-a52e-4f735466cecf":"61d03eef-0e78-46ae-a33a-ea03c3a7f2c2","ELEMENT":"61d03eef-0e78-46ae-a33a-ea03c3a7f2c2"}
&amp#27;[35m[HTTP]&amp#27;[39m &amp#27;[37m<-- POST /wd/hub/session/4a49ebf9-f511-4590-82b4-eea43983ed2d/element &amp#27;[39m&amp#27;[32m200&amp#27;[39m &amp#27;[90m24 ms - 137&amp#27;[39m
&amp#27;[35m[HTTP]&amp#27;[39m &amp#27;[90m&amp#27;[39m
&amp#27;[35m[HTTP]&amp#27;[39m &amp#27;[37m-->&amp#27;[39m &amp#27;[37mPOST&amp#27;[39m &amp#27;[37m/wd/hub/session/4a49ebf9-f511-4590-82b4-eea43983ed2d/element/61d03eef-0e78-46ae-a33a-ea03c3a7f2c2/click&amp#27;[39m
&amp#27;[35m[HTTP]&amp#27;[39m &amp#27;[90m{"id":"61d03eef-0e78-46ae-a33a-ea03c3a7f2c2"}&amp#27;[39m
[debug] &amp#27;[35m[W3C (4a49ebf9)]&amp#27;[39m Calling AppiumDriver.click() with args: ["61d03eef-0e78-46ae-a33a-ea03c3a7f2c2","4a49ebf9-f511-4590-82b4-eea43983ed2d"]
[debug] &amp#27;[35m[WD Proxy]&amp#27;[39m Matched '/element/61d03eef-0e78-46ae-a33a-ea03c3a7f2c2/click' to command name 'click'
[debug] &amp#27;[35m[WD Proxy]&amp#27;[39m Proxying [POST /element/61d03eef-0e78-46ae-a33a-ea03c3a7f2c2/click] to [POST http://127.0.0.1:8200/wd/hub/session/2de36614-59d0-4281-8ae4-51a0e8d87207/element/61d03eef-0e78-46ae-a33a-ea03c3a7f2c2/click] with body: {"element":"61d03eef-0e78-46ae-a33a-ea03c3a7f2c2"}
[debug] &amp#27;[35m[WD Proxy]&amp#27;[39m Got response with status 200: {"sessionId":"2de36614-59d0-4281-8ae4-51a0e8d87207","value":null}
[debug] &amp#27;[35m[W3C (4a49ebf9)]&amp#27;[39m Responding to client with driver.click() result: null
&amp#27;[35m[HTTP]&amp#27;[39m &amp#27;[37m<-- POST /wd/hub/session/4a49ebf9-f511-4590-82b4-eea43983ed2d/element/61d03eef-0e78-46ae-a33a-ea03c3a7f2c2/click &amp#27;[39m&amp#27;[32m200&amp#27;[39m &amp#27;[90m42 ms - 14&amp#27;[39m
&amp#27;[35m[HTTP]&amp#27;[39m &amp#27;[90m&amp#27;[39m
&amp#27;[35m[HTTP]&amp#27;[39m &amp#27;[37m-->&amp#27;[39m &amp#27;[37mPOST&amp#27;[39m &amp#27;[37m/wd/hub/session/4a49ebf9-f511-4590-82b4-eea43983ed2d/elements&amp#27;[39m
&amp#27;[35m[HTTP]&amp#27;[39m &amp#27;[90m{"using":"xpath","value":"//*[@text='ADD TO CART']"}&amp#27;[39m
[debug] &amp#27;[35m[W3C (4a49ebf9)]&amp#27;[39m Calling AppiumDriver.findElements() with args: ["xpath","//*[@text='ADD TO CART']","4a49ebf9-f511-4590-82b4-eea43983ed2d"]
[debug] &amp#27;[35m[BaseDriver]&amp#27;[39m Valid locator strategies for this request: xpath, id, class name, accessibility id, -android uiautomator
[debug] &amp#27;[35m[BaseDriver]&amp#27;[39m Waiting up to 5000 ms for condition
[debug] &amp#27;[35m[WD Proxy]&amp#27;[39m Matched '/elements' to command name 'findElements'
[debug] &amp#27;[35m[WD Proxy]&amp#27;[39m Proxying [POST /elements] to [POST http://127.0.0.1:8200/wd/hub/session/2de36614-59d0-4281-8ae4-51a0e8d87207/elements] with body: {"strategy":"xpath","selector":"//*[@text='ADD TO CART']","context":"","multiple":true}
[debug] &amp#27;[35m[WD Proxy]&amp#27;[39m Got response with status 200: {"sessionId":"2de36614-59d0-4281-8ae4-51a0e8d87207","value":[]}
[debug] &amp#27;[35m[BaseDriver]&amp#27;[39m Waited for 154 ms so far
[debug] &amp#27;[35m[WD Proxy]&amp#27;[39m Matched '/elements' to command name 'findElements'
[debug] &amp#27;[35m[WD Proxy]&amp#27;[39m Proxying [POST /elements] to [POST http://127.0.0.1:8200/wd/hub/session/2de36614-59d0-4281-8ae4-51a0e8d87207/elements] with body: {"strategy":"xpath","selector":"//*[@text='ADD TO CART']","context":"","multiple":true}
[debug] &amp#27;[35m[WD Proxy]&amp#27;[39m Got response with status 200: {"sessionId":"2de36614-59d0-4281-8ae4-51a0e8d87207","value":[{"ELEMENT":"070db867-d795-4251-9bfc-59ecb824cb32","element-6066-11e4-a52e-4f735466cecf":"070db867-d795-4251-9bfc-59ecb824cb32"},{"ELEMENT":"53a14839-e607-49ef-8dc1-fde30670f539","element-6066-11e4-a52e-4f735466cecf":"53a14839-e607-49ef-8dc1-fde30670f539"}]}
[debug] &amp#27;[35m[W3C (4a49ebf9)]&amp#27;[39m Responding to client with driver.findElements() result: [{"element-6066-11e4-a52e-4f735466cecf":"070db867-d795-4251-9bfc-59ecb824cb32","ELEMENT":"070db867-d795-4251-9bfc-59ecb824cb32"},{"element-6066-11e4-a52e-4f735466cecf":"53a14839-e607-49ef-8dc1-fde30670f539","ELEMENT":"53a14839-e607-49ef-8dc1-fde30670f539"}]
&amp#27;[35m[HTTP]&amp#27;[39m &amp#27;[37m<-- POST /wd/hub/session/4a49ebf9-f511-4590-82b4-eea43983ed2d/elements &amp#27;[39m&amp#27;[32m200&amp#27;[39m &amp#27;[90m987 ms - 267&amp#27;[39m
&amp#27;[35m[HTTP]&amp#27;[39m &amp#27;[90m&amp#27;[39m
&amp#27;[35m[HTTP]&amp#27;[39m &amp#27;[37m-->&amp#27;[39m &amp#27;[37mPOST&amp#27;[39m &amp#27;[37m/wd/hub/session/4a49ebf9-f511-4590-82b4-eea43983ed2d/element/070db867-d795-4251-9bfc-59ecb824cb32/click&amp#27;[39m
&amp#27;[35m[HTTP]&amp#27;[39m &amp#27;[90m{"id":"070db867-d795-4251-9bfc-59ecb824cb32"}&amp#27;[39m
[debug] &amp#27;[35m[W3C (4a49ebf9)]&amp#27;[39m Calling AppiumDriver.click() with args: ["070db867-d795-4251-9bfc-59ecb824cb32","4a49ebf9-f511-4590-82b4-eea43983ed2d"]
[debug] &amp#27;[35m[WD Proxy]&amp#27;[39m Matched '/element/070db867-d795-4251-9bfc-59ecb824cb32/click' to command name 'click'
[debug] &amp#27;[35m[WD Proxy]&amp#27;[39m Proxying [POST /element/070db867-d795-4251-9bfc-59ecb824cb32/click] to [POST http://127.0.0.1:8200/wd/hub/session/2de36614-59d0-4281-8ae4-51a0e8d87207/element/070db867-d795-4251-9bfc-59ecb824cb32/click] with body: {"element":"070db867-d795-4251-9bfc-59ecb824cb32"}
[debug] &amp#27;[35m[WD Proxy]&amp#27;[39m Got response with status 200: {"sessionId":"2de36614-59d0-4281-8ae4-51a0e8d87207","value":null}
[debug] &amp#27;[35m[W3C (4a49ebf9)]&amp#27;[39m Responding to client with driver.click() result: null
&amp#27;[35m[HTTP]&amp#27;[39m &amp#27;[37m<-- POST /wd/hub/session/4a49ebf9-f511-4590-82b4-eea43983ed2d/element/070db867-d795-4251-9bfc-59ecb824cb32/click &amp#27;[39m&amp#27;[32m200&amp#27;[39m &amp#27;[90m33 ms - 14&amp#27;[39m
&amp#27;[35m[HTTP]&amp#27;[39m &amp#27;[90m&amp#27;[39m
&amp#27;[35m[HTTP]&amp#27;[39m &amp#27;[37m-->&amp#27;[39m &amp#27;[37mPOST&amp#27;[39m &amp#27;[37m/wd/hub/session/4a49ebf9-f511-4590-82b4-eea43983ed2d/elements&amp#27;[39m
&amp#27;[35m[HTTP]&amp#27;[39m &amp#27;[90m{"using":"xpath","value":"//*[@text='ADD TO CART']"}&amp#27;[39m
[debug] &amp#27;[35m[W3C (4a49ebf9)]&amp#27;[39m Calling AppiumDriver.findElements() with args: ["xpath","//*[@text='ADD TO CART']","4a49ebf9-f511-4590-82b4-eea43983ed2d"]
[debug] &amp#27;[35m[BaseDriver]&amp#27;[39m Valid locator strategies for this request: xpath, id, class name, accessibility id, -android uiautomator
[debug] &amp#27;[35m[BaseDriver]&amp#27;[39m Waiting up to 5000 ms for condition
[debug] &amp#27;[35m[WD Proxy]&amp#27;[39m Matched '/elements' to command name 'findElements'
[debug] &amp#27;[35m[WD Proxy]&amp#27;[39m Proxying [POST /elements] to [POST http://127.0.0.1:8200/wd/hub/session/2de36614-59d0-4281-8ae4-51a0e8d87207/elements] with body: {"strategy":"xpath","selector":"//*[@text='ADD TO CART']","context":"","multiple":true}
[debug] &amp#27;[35m[WD Proxy]&amp#27;[39m Got response with status 200: {"sessionId":"2de36614-59d0-4281-8ae4-51a0e8d87207","value":[{"ELEMENT":"0f32f305-5aa1-4436-8249-4ee9d37a4ff4","element-6066-11e4-a52e-4f735466cecf":"0f32f305-5aa1-4436-8249-4ee9d37a4ff4"}]}
[debug] &amp#27;[35m[W3C (4a49ebf9)]&amp#27;[39m Responding to client with driver.findElements() result: [{"element-6066-11e4-a52e-4f735466cecf":"0f32f305-5aa1-4436-8249-4ee9d37a4ff4","ELEMENT":"0f32f305-5aa1-4436-8249-4ee9d37a4ff4"}]
&amp#27;[35m[HTTP]&amp#27;[39m &amp#27;[37m<-- POST /wd/hub/session/4a49ebf9-f511-4590-82b4-eea43983ed2d/elements &amp#27;[39m&amp#27;[32m200&amp#27;[39m &amp#27;[90m629 ms - 139&amp#27;[39m
&amp#27;[35m[HTTP]&amp#27;[39m &amp#27;[90m&amp#27;[39m
&amp#27;[35m[HTTP]&amp#27;[39m &amp#27;[37m-->&amp#27;[39m &amp#27;[37mPOST&amp#27;[39m &amp#27;[37m/wd/hub/session/4a49ebf9-f511-4590-82b4-eea43983ed2d/element/0f32f305-5aa1-4436-8249-4ee9d37a4ff4/click&amp#27;[39m
&amp#27;[35m[HTTP]&amp#27;[39m &amp#27;[90m{"id":"0f32f305-5aa1-4436-8249-4ee9d37a4ff4"}&amp#27;[39m
[debug] &amp#27;[35m[W3C (4a49ebf9)]&amp#27;[39m Calling AppiumDriver.click() with args: ["0f32f305-5aa1-4436-8249-4ee9d37a4ff4","4a49ebf9-f511-4590-82b4-eea43983ed2d"]
[debug] &amp#27;[35m[WD Proxy]&amp#27;[39m Matched '/element/0f32f305-5aa1-4436-8249-4ee9d37a4ff4/click' to command name 'click'
[debug] &amp#27;[35m[WD Proxy]&amp#27;[39m Proxying [POST /element/0f32f305-5aa1-4436-8249-4ee9d37a4ff4/click] to [POST http://127.0.0.1:8200/wd/hub/session/2de36614-59d0-4281-8ae4-51a0e8d87207/element/0f32f305-5aa1-4436-8249-4ee9d37a4ff4/click] with body: {"element":"0f32f305-5aa1-4436-8249-4ee9d37a4ff4"}
[debug] &amp#27;[35m[WD Proxy]&amp#27;[39m Got response with status 200: {"sessionId":"2de36614-59d0-4281-8ae4-51a0e8d87207","value":null}
[debug] &amp#27;[35m[W3C (4a49ebf9)]&amp#27;[39m Responding to client with driver.click() result: null
&amp#27;[35m[HTTP]&amp#27;[39m &amp#27;[37m<-- POST /wd/hub/session/4a49ebf9-f511-4590-82b4-eea43983ed2d/element/0f32f305-5aa1-4436-8249-4ee9d37a4ff4/click &amp#27;[39m&amp#27;[32m200&amp#27;[39m &amp#27;[90m22 ms - 14&amp#27;[39m
&amp#27;[35m[HTTP]&amp#27;[39m &amp#27;[90m&amp#27;[39m
&amp#27;[35m[HTTP]&amp#27;[39m &amp#27;[37m-->&amp#27;[39m &amp#27;[37mPOST&amp#27;[39m &amp#27;[37m/wd/hub/session/4a49ebf9-f511-4590-82b4-eea43983ed2d/element&amp#27;[39m
&amp#27;[35m[HTTP]&amp#27;[39m &amp#27;[90m{"using":"id","value":"com.androidsample.generalstore:id/appbar_btn_cart"}&amp#27;[39m
[debug] &amp#27;[35m[W3C (4a49ebf9)]&amp#27;[39m Calling AppiumDriver.findElement() with args: ["id","com.androidsample.generalstore:id/appbar_btn_cart","4a49ebf9-f511-4590-82b4-eea43983ed2d"]
[debug] &amp#27;[35m[BaseDriver]&amp#27;[39m Valid locator strategies for this request: xpath, id, class name, accessibility id, -android uiautomator
[debug] &amp#27;[35m[BaseDriver]&amp#27;[39m Waiting up to 5000 ms for condition
[debug] &amp#27;[35m[WD Proxy]&amp#27;[39m Matched '/element' to command name 'findElement'
[debug] &amp#27;[35m[WD Proxy]&amp#27;[39m Proxying [POST /element] to [POST http://127.0.0.1:8200/wd/hub/session/2de36614-59d0-4281-8ae4-51a0e8d87207/element] with body: {"strategy":"id","selector":"com.androidsample.generalstore:id/appbar_btn_cart","context":"","multiple":false}
[debug] &amp#27;[35m[WD Proxy]&amp#27;[39m Got response with status 200: {"sessionId":"2de36614-59d0-4281-8ae4-51a0e8d87207","value":{"ELEMENT":"50f34a5a-161d-45fa-a2e1-1d51ce27b300","element-6066-11e4-a52e-4f735466cecf":"50f34a5a-161d-45fa-a2e1-1d51ce27b300"}}
[debug] &amp#27;[35m[W3C (4a49ebf9)]&amp#27;[39m Responding to client with driver.findElement() result: {"element-6066-11e4-a52e-4f735466cecf":"50f34a5a-161d-45fa-a2e1-1d51ce27b300","ELEMENT":"50f34a5a-161d-45fa-a2e1-1d51ce27b300"}
&amp#27;[35m[HTTP]&amp#27;[39m &amp#27;[37m<-- POST /wd/hub/session/4a49ebf9-f511-4590-82b4-eea43983ed2d/element &amp#27;[39m&amp#27;[32m200&amp#27;[39m &amp#27;[90m509 ms - 137&amp#27;[39m
&amp#27;[35m[HTTP]&amp#27;[39m &amp#27;[90m&amp#27;[39m
&amp#27;[35m[HTTP]&amp#27;[39m &amp#27;[37m-->&amp#27;[39m &amp#27;[37mPOST&amp#27;[39m &amp#27;[37m/wd/hub/session/4a49ebf9-f511-4590-82b4-eea43983ed2d/element/50f34a5a-161d-45fa-a2e1-1d51ce27b300/click&amp#27;[39m
&amp#27;[35m[HTTP]&amp#27;[39m &amp#27;[90m{"id":"50f34a5a-161d-45fa-a2e1-1d51ce27b300"}&amp#27;[39m
[debug] &amp#27;[35m[W3C (4a49ebf9)]&amp#27;[39m Calling AppiumDriver.click() with args: ["50f34a5a-161d-45fa-a2e1-1d51ce27b300","4a49ebf9-f511-4590-82b4-eea43983ed2d"]
[debug] &amp#27;[35m[WD Proxy]&amp#27;[39m Matched '/element/50f34a5a-161d-45fa-a2e1-1d51ce27b300/click' to command name 'click'
[debug] &amp#27;[35m[WD Proxy]&amp#27;[39m Proxying [POST /element/50f34a5a-161d-45fa-a2e1-1d51ce27b300/click] to [POST http://127.0.0.1:8200/wd/hub/session/2de36614-59d0-4281-8ae4-51a0e8d87207/element/50f34a5a-161d-45fa-a2e1-1d51ce27b300/click] with body: {"element":"50f34a5a-161d-45fa-a2e1-1d51ce27b300"}
[debug] &amp#27;[35m[WD Proxy]&amp#27;[39m Got response with status 200: {"sessionId":"2de36614-59d0-4281-8ae4-51a0e8d87207","value":null}
[debug] &amp#27;[35m[W3C (4a49ebf9)]&amp#27;[39m Responding to client with driver.click() result: null
&amp#27;[35m[HTTP]&amp#27;[39m &amp#27;[37m<-- POST /wd/hub/session/4a49ebf9-f511-4590-82b4-eea43983ed2d/element/50f34a5a-161d-45fa-a2e1-1d51ce27b300/click &amp#27;[39m&amp#27;[32m200&amp#27;[39m &amp#27;[90m18 ms - 14&amp#27;[39m
&amp#27;[35m[HTTP]&amp#27;[39m &amp#27;[90m&amp#27;[39m
&amp#27;[35m[HTTP]&amp#27;[39m &amp#27;[37m-->&amp#27;[39m &amp#27;[37mGET&amp#27;[39m &amp#27;[37m/wd/hub/session/4a49ebf9-f511-4590-82b4-eea43983ed2d&amp#27;[39m
&amp#27;[35m[HTTP]&amp#27;[39m &amp#27;[90m{}&amp#27;[39m
[debug] &amp#27;[35m[W3C (4a49ebf9)]&amp#27;[39m Calling AppiumDriver.getSession() with args: ["4a49ebf9-f511-4590-82b4-eea43983ed2d"]
[debug] &amp#27;[35m[UiAutomator2]&amp#27;[39m Getting session details from server to mix in
[debug] &amp#27;[35m[WD Proxy]&amp#27;[39m Matched '/' to command name 'getSession'
[debug] &amp#27;[35m[WD Proxy]&amp#27;[39m Proxying [GET /] to [GET http://127.0.0.1:8200/wd/hub/session/2de36614-59d0-4281-8ae4-51a0e8d87207] with body: {}
[debug] &amp#27;[35m[WD Proxy]&amp#27;[39m Got response with status 200: {"sessionId":"2de36614-59d0-4281-8ae4-51a0e8d87207","value":{}}
[debug] &amp#27;[35m[W3C (4a49ebf9)]&amp#27;[39m Responding to client with driver.getSession() result: {"platform":"LINUX","webStorageEnabled":false,"takesScreenshot":true,"javascriptEnabled":true,"databaseEnabled":false,"networkConnectionEnabled":true,"locationContextEnabled":false,"warnings":{},"desired":{"platformName":"android","app":"/Users/kyialbekn/IdeaProjects/AppiumDemo/src/test/resources/General-Store.apk","automationName":"UIAutomator2","deviceName":"Pixel2","newCommandTimeout":600},"platformName":"android","app":"/Users/kyialbekn/IdeaProjects/AppiumDemo/src/test/resources/General-Store.apk","automationName":"UIAutomator2","deviceName":"emulator-5554","newCommandTimeout":600,"deviceUDID":"emulator-5554","appPackage":"com.androidsample.generalstore","deviceApiLevel":28,"platformVersion":"9","deviceScreenSize":"1080x1920","deviceScreenDensity":420,"deviceModel":"AOSP on IA Emulator","deviceManufacturer":"Google","pixelRatio":2.625,"statBarHeight":63,"viewportRect":{"left":0,"top":63,"width":1080,"height":1731}}
&amp#27;[35m[HTTP]&amp#27;[39m &amp#27;[37m<-- GET /wd/hub/session/4a49ebf9-f511-4590-82b4-eea43983ed2d &amp#27;[39m&amp#27;[32m200&amp#27;[39m &amp#27;[90m7 ms - 942&amp#27;[39m
&amp#27;[35m[HTTP]&amp#27;[39m &amp#27;[90m&amp#27;[39m
&amp#27;[35m[HTTP]&amp#27;[39m &amp#27;[37m-->&amp#27;[39m &amp#27;[37mGET&amp#27;[39m &amp#27;[37m/wd/hub/session/4a49ebf9-f511-4590-82b4-eea43983ed2d&amp#27;[39m
&amp#27;[35m[HTTP]&amp#27;[39m &amp#27;[90m{}&amp#27;[39m
[debug] &amp#27;[35m[W3C (4a49ebf9)]&amp#27;[39m Calling AppiumDriver.getSession() with args: ["4a49ebf9-f511-4590-82b4-eea43983ed2d"]
[debug] &amp#27;[35m[UiAutomator2]&amp#27;[39m Getting session details from server to mix in
[debug] &amp#27;[35m[WD Proxy]&amp#27;[39m Matched '/' to command name 'getSession'
[debug] &amp#27;[35m[WD Proxy]&amp#27;[39m Proxying [GET /] to [GET http://127.0.0.1:8200/wd/hub/session/2de36614-59d0-4281-8ae4-51a0e8d87207] with body: {}
[debug] &amp#27;[35m[WD Proxy]&amp#27;[39m Got response with status 200: {"sessionId":"2de36614-59d0-4281-8ae4-51a0e8d87207","value":{}}
[debug] &amp#27;[35m[W3C (4a49ebf9)]&amp#27;[39m Responding to client with driver.getSession() result: {"platform":"LINUX","webStorageEnabled":false,"takesScreenshot":true,"javascriptEnabled":true,"databaseEnabled":false,"networkConnectionEnabled":true,"locationContextEnabled":false,"warnings":{},"desired":{"platformName":"android","app":"/Users/kyialbekn/IdeaProjects/AppiumDemo/src/test/resources/General-Store.apk","automationName":"UIAutomator2","deviceName":"Pixel2","newCommandTimeout":600},"platformName":"android","app":"/Users/kyialbekn/IdeaProjects/AppiumDemo/src/test/resources/General-Store.apk","automationName":"UIAutomator2","deviceName":"emulator-5554","newCommandTimeout":600,"deviceUDID":"emulator-5554","appPackage":"com.androidsample.generalstore","deviceApiLevel":28,"platformVersion":"9","deviceScreenSize":"1080x1920","deviceScreenDensity":420,"deviceModel":"AOSP on IA Emulator","deviceManufacturer":"Google","pixelRatio":2.625,"statBarHeight":63,"viewportRect":{"left":0,"top":63,"width":1080,"height":1731}}
&amp#27;[35m[HTTP]&amp#27;[39m &amp#27;[37m<-- GET /wd/hub/session/4a49ebf9-f511-4590-82b4-eea43983ed2d &amp#27;[39m&amp#27;[32m200&amp#27;[39m &amp#27;[90m6 ms - 942&amp#27;[39m
&amp#27;[35m[HTTP]&amp#27;[39m &amp#27;[90m&amp#27;[39m
&amp#27;[35m[HTTP]&amp#27;[39m &amp#27;[37m-->&amp#27;[39m &amp#27;[37mPOST&amp#27;[39m &amp#27;[37m/wd/hub/session/4a49ebf9-f511-4590-82b4-eea43983ed2d/elements&amp#27;[39m
&amp#27;[35m[HTTP]&amp#27;[39m &amp#27;[90m{"using":"id","value":"com.androidsample.generalstore:id/productPrice"}&amp#27;[39m
[debug] &amp#27;[35m[W3C (4a49ebf9)]&amp#27;[39m Calling AppiumDriver.findElements() with args: ["id","com.androidsample.generalstore:id/productPrice","4a49ebf9-f511-4590-82b4-eea43983ed2d"]
[debug] &amp#27;[35m[BaseDriver]&amp#27;[39m Valid locator strategies for this request: xpath, id, class name, accessibility id, -android uiautomator
[debug] &amp#27;[35m[BaseDriver]&amp#27;[39m Waiting up to 5000 ms for condition
[debug] &amp#27;[35m[WD Proxy]&amp#27;[39m Matched '/elements' to command name 'findElements'
[debug] &amp#27;[35m[WD Proxy]&amp#27;[39m Proxying [POST /elements] to [POST http://127.0.0.1:8200/wd/hub/session/2de36614-59d0-4281-8ae4-51a0e8d87207/elements] with body: {"strategy":"id","selector":"com.androidsample.generalstore:id/productPrice","context":"","multiple":true}
[debug] &amp#27;[35m[WD Proxy]&amp#27;[39m Got response with status 200: {"sessionId":"2de36614-59d0-4281-8ae4-51a0e8d87207","value":[{"ELEMENT":"b9b23b6c-6852-4620-8e28-c8e6603036ad","element-6066-11e4-a52e-4f735466cecf":"b9b23b6c-6852-4620-8e28-c8e6603036ad"},{"ELEMENT":"35cc09bd-bf77-40e0-af96-fc882ce6cf81","element-6066-11e4-a52e-4f735466cecf":"35cc09bd-bf77-40e0-af96-fc882ce6cf81"}]}
[debug] &amp#27;[35m[W3C (4a49ebf9)]&amp#27;[39m Responding to client with driver.findElements() result: [{"element-6066-11e4-a52e-4f735466cecf":"b9b23b6c-6852-4620-8e28-c8e6603036ad","ELEMENT":"b9b23b6c-6852-4620-8e28-c8e6603036ad"},{"element-6066-11e4-a52e-4f735466cecf":"35cc09bd-bf77-40e0-af96-fc882ce6cf81","ELEMENT":"35cc09bd-bf77-40e0-af96-fc882ce6cf81"}]
&amp#27;[35m[HTTP]&amp#27;[39m &amp#27;[37m<-- POST /wd/hub/session/4a49ebf9-f511-4590-82b4-eea43983ed2d/elements &amp#27;[39m&amp#27;[32m200&amp#27;[39m &amp#27;[90m19 ms - 267&amp#27;[39m
&amp#27;[35m[HTTP]&amp#27;[39m &amp#27;[90m&amp#27;[39m
&amp#27;[35m[HTTP]&amp#27;[39m &amp#27;[37m-->&amp#27;[39m &amp#27;[37mGET&amp#27;[39m &amp#27;[37m/wd/hub/session/4a49ebf9-f511-4590-82b4-eea43983ed2d&amp#27;[39m
&amp#27;[35m[HTTP]&amp#27;[39m &amp#27;[90m{}&amp#27;[39m
[debug] &amp#27;[35m[W3C (4a49ebf9)]&amp#27;[39m Calling AppiumDriver.getSession() with args: ["4a49ebf9-f511-4590-82b4-eea43983ed2d"]
[debug] &amp#27;[35m[UiAutomator2]&amp#27;[39m Getting session details from server to mix in
[debug] &amp#27;[35m[WD Proxy]&amp#27;[39m Matched '/' to command name 'getSession'
[debug] &amp#27;[35m[WD Proxy]&amp#27;[39m Proxying [GET /] to [GET http://127.0.0.1:8200/wd/hub/session/2de36614-59d0-4281-8ae4-51a0e8d87207] with body: {}
[debug] &amp#27;[35m[WD Proxy]&amp#27;[39m Got response with status 200: {"sessionId":"2de36614-59d0-4281-8ae4-51a0e8d87207","value":{}}
[debug] &amp#27;[35m[W3C (4a49ebf9)]&amp#27;[39m Responding to client with driver.getSession() result: {"platform":"LINUX","webStorageEnabled":false,"takesScreenshot":true,"javascriptEnabled":true,"databaseEnabled":false,"networkConnectionEnabled":true,"locationContextEnabled":false,"warnings":{},"desired":{"platformName":"android","app":"/Users/kyialbekn/IdeaProjects/AppiumDemo/src/test/resources/General-Store.apk","automationName":"UIAutomator2","deviceName":"Pixel2","newCommandTimeout":600},"platformName":"android","app":"/Users/kyialbekn/IdeaProjects/AppiumDemo/src/test/resources/General-Store.apk","automationName":"UIAutomator2","deviceName":"emulator-5554","newCommandTimeout":600,"deviceUDID":"emulator-5554","appPackage":"com.androidsample.generalstore","deviceApiLevel":28,"platformVersion":"9","deviceScreenSize":"1080x1920","deviceScreenDensity":420,"deviceModel":"AOSP on IA Emulator","deviceManufacturer":"Google","pixelRatio":2.625,"statBarHeight":63,"viewportRect":{"left":0,"top":63,"width":1080,"height":1731}}
&amp#27;[35m[HTTP]&amp#27;[39m &amp#27;[37m<-- GET /wd/hub/session/4a49ebf9-f511-4590-82b4-eea43983ed2d &amp#27;[39m&amp#27;[32m200&amp#27;[39m &amp#27;[90m6 ms - 942&amp#27;[39m
&amp#27;[35m[HTTP]&amp#27;[39m &amp#27;[90m&amp#27;[39m
&amp#27;[35m[HTTP]&amp#27;[39m &amp#27;[37m-->&amp#27;[39m &amp#27;[37mPOST&amp#27;[39m &amp#27;[37m/wd/hub/session/4a49ebf9-f511-4590-82b4-eea43983ed2d/elements&amp#27;[39m
&amp#27;[35m[HTTP]&amp#27;[39m &amp#27;[90m{"using":"id","value":"com.androidsample.generalstore:id/productPrice"}&amp#27;[39m
[debug] &amp#27;[35m[W3C (4a49ebf9)]&amp#27;[39m Calling AppiumDriver.findElements() with args: ["id","com.androidsample.generalstore:id/productPrice","4a49ebf9-f511-4590-82b4-eea43983ed2d"]
[debug] &amp#27;[35m[BaseDriver]&amp#27;[39m Valid locator strategies for this request: xpath, id, class name, accessibility id, -android uiautomator
[debug] &amp#27;[35m[BaseDriver]&amp#27;[39m Waiting up to 5000 ms for condition
[debug] &amp#27;[35m[WD Proxy]&amp#27;[39m Matched '/elements' to command name 'findElements'
[debug] &amp#27;[35m[WD Proxy]&amp#27;[39m Proxying [POST /elements] to [POST http://127.0.0.1:8200/wd/hub/session/2de36614-59d0-4281-8ae4-51a0e8d87207/elements] with body: {"strategy":"id","selector":"com.androidsample.generalstore:id/productPrice","context":"","multiple":true}
[debug] &amp#27;[35m[WD Proxy]&amp#27;[39m Got response with status 200: {"sessionId":"2de36614-59d0-4281-8ae4-51a0e8d87207","value":[{"ELEMENT":"63efd136-6d78-4c56-b628-82c72ce9f170","element-6066-11e4-a52e-4f735466cecf":"63efd136-6d78-4c56-b628-82c72ce9f170"},{"ELEMENT":"c46eca40-f439-4f2a-95ee-b6437f20091a","element-6066-11e4-a52e-4f735466cecf":"c46eca40-f439-4f2a-95ee-b6437f20091a"}]}
[debug] &amp#27;[35m[W3C (4a49ebf9)]&amp#27;[39m Responding to client with driver.findElements() result: [{"element-6066-11e4-a52e-4f735466cecf":"63efd136-6d78-4c56-b628-82c72ce9f170","ELEMENT":"63efd136-6d78-4c56-b628-82c72ce9f170"},{"element-6066-11e4-a52e-4f735466cecf":"c46eca40-f439-4f2a-95ee-b6437f20091a","ELEMENT":"c46eca40-f439-4f2a-95ee-b6437f20091a"}]
&amp#27;[35m[HTTP]&amp#27;[39m &amp#27;[37m<-- POST /wd/hub/session/4a49ebf9-f511-4590-82b4-eea43983ed2d/elements &amp#27;[39m&amp#27;[32m200&amp#27;[39m &amp#27;[90m17 ms - 267&amp#27;[39m
&amp#27;[35m[HTTP]&amp#27;[39m &amp#27;[90m&amp#27;[39m
&amp#27;[35m[HTTP]&amp#27;[39m &amp#27;[37m-->&amp#27;[39m &amp#27;[37mGET&amp#27;[39m &amp#27;[37m/wd/hub/session/4a49ebf9-f511-4590-82b4-eea43983ed2d/element/63efd136-6d78-4c56-b628-82c72ce9f170/text&amp#27;[39m
&amp#27;[35m[HTTP]&amp#27;[39m &amp#27;[90m{}&amp#27;[39m
&amp#27;[35m[W3C (4a49ebf9)]&amp#27;[39m Driver proxy active, passing request on via HTTP proxy
[debug] &amp#27;[35m[WD Proxy]&amp#27;[39m Matched '/wd/hub/session/4a49ebf9-f511-4590-82b4-eea43983ed2d/element/63efd136-6d78-4c56-b628-82c72ce9f170/text' to command name 'getText'
[debug] &amp#27;[35m[WD Proxy]&amp#27;[39m Proxying [GET /wd/hub/session/4a49ebf9-f511-4590-82b4-eea43983ed2d/element/63efd136-6d78-4c56-b628-82c72ce9f170/text] to [GET http://127.0.0.1:8200/wd/hub/session/2de36614-59d0-4281-8ae4-51a0e8d87207/element/63efd136-6d78-4c56-b628-82c72ce9f170/text] with body: {}
[debug] &amp#27;[35m[WD Proxy]&amp#27;[39m Got response with status 200: {"sessionId":"2de36614-59d0-4281-8ae4-51a0e8d87207","value":"$160.97"}
&amp#27;[35m[WD Proxy]&amp#27;[39m Replacing sessionId 2de36614-59d0-4281-8ae4-51a0e8d87207 with 4a49ebf9-f511-4590-82b4-eea43983ed2d
&amp#27;[35m[HTTP]&amp#27;[39m &amp#27;[37m<-- GET /wd/hub/session/4a49ebf9-f511-4590-82b4-eea43983ed2d/element/63efd136-6d78-4c56-b628-82c72ce9f170/text &amp#27;[39m&amp#27;[32m200&amp#27;[39m &amp#27;[90m11 ms - 70&amp#27;[39m
&amp#27;[35m[HTTP]&amp#27;[39m &amp#27;[90m&amp#27;[39m
160.97
&amp#27;[35m[HTTP]&amp#27;[39m &amp#27;[37m-->&amp#27;[39m &amp#27;[37mGET&amp#27;[39m &amp#27;[37m/wd/hub/session/4a49ebf9-f511-4590-82b4-eea43983ed2d&amp#27;[39m
&amp#27;[35m[HTTP]&amp#27;[39m &amp#27;[90m{}&amp#27;[39m
[debug] &amp#27;[35m[W3C (4a49ebf9)]&amp#27;[39m Calling AppiumDriver.getSession() with args: ["4a49ebf9-f511-4590-82b4-eea43983ed2d"]
[debug] &amp#27;[35m[UiAutomator2]&amp#27;[39m Getting session details from server to mix in
[debug] &amp#27;[35m[WD Proxy]&amp#27;[39m Matched '/' to command name 'getSession'
[debug] &amp#27;[35m[WD Proxy]&amp#27;[39m Proxying [GET /] to [GET http://127.0.0.1:8200/wd/hub/session/2de36614-59d0-4281-8ae4-51a0e8d87207] with body: {}
[debug] &amp#27;[35m[WD Proxy]&amp#27;[39m Got response with status 200: {"sessionId":"2de36614-59d0-4281-8ae4-51a0e8d87207","value":{}}
[debug] &amp#27;[35m[W3C (4a49ebf9)]&amp#27;[39m Responding to client with driver.getSession() result: {"platform":"LINUX","webStorageEnabled":false,"takesScreenshot":true,"javascriptEnabled":true,"databaseEnabled":false,"networkConnectionEnabled":true,"locationContextEnabled":false,"warnings":{},"desired":{"platformName":"android","app":"/Users/kyialbekn/IdeaProjects/AppiumDemo/src/test/resources/General-Store.apk","automationName":"UIAutomator2","deviceName":"Pixel2","newCommandTimeout":600},"platformName":"android","app":"/Users/kyialbekn/IdeaProjects/AppiumDemo/src/test/resources/General-Store.apk","automationName":"UIAutomator2","deviceName":"emulator-5554","newCommandTimeout":600,"deviceUDID":"emulator-5554","appPackage":"com.androidsample.generalstore","deviceApiLevel":28,"platformVersion":"9","deviceScreenSize":"1080x1920","deviceScreenDensity":420,"deviceModel":"AOSP on IA Emulator","deviceManufacturer":"Google","pixelRatio":2.625,"statBarHeight":63,"viewportRect":{"left":0,"top":63,"width":1080,"height":1731}}
&amp#27;[35m[HTTP]&amp#27;[39m &amp#27;[37m<-- GET /wd/hub/session/4a49ebf9-f511-4590-82b4-eea43983ed2d &amp#27;[39m&amp#27;[32m200&amp#27;[39m &amp#27;[90m7 ms - 942&amp#27;[39m
&amp#27;[35m[HTTP]&amp#27;[39m &amp#27;[90m&amp#27;[39m
&amp#27;[35m[HTTP]&amp#27;[39m &amp#27;[37m-->&amp#27;[39m &amp#27;[37mPOST&amp#27;[39m &amp#27;[37m/wd/hub/session/4a49ebf9-f511-4590-82b4-eea43983ed2d/elements&amp#27;[39m
&amp#27;[35m[HTTP]&amp#27;[39m &amp#27;[90m{"using":"id","value":"com.androidsample.generalstore:id/productPrice"}&amp#27;[39m
[debug] &amp#27;[35m[W3C (4a49ebf9)]&amp#27;[39m Calling AppiumDriver.findElements() with args: ["id","com.androidsample.generalstore:id/productPrice","4a49ebf9-f511-4590-82b4-eea43983ed2d"]
[debug] &amp#27;[35m[BaseDriver]&amp#27;[39m Valid locator strategies for this request: xpath, id, class name, accessibility id, -android uiautomator
[debug] &amp#27;[35m[BaseDriver]&amp#27;[39m Waiting up to 5000 ms for condition
[debug] &amp#27;[35m[WD Proxy]&amp#27;[39m Matched '/elements' to command name 'findElements'
[debug] &amp#27;[35m[WD Proxy]&amp#27;[39m Proxying [POST /elements] to [POST http://127.0.0.1:8200/wd/hub/session/2de36614-59d0-4281-8ae4-51a0e8d87207/elements] with body: {"strategy":"id","selector":"com.androidsample.generalstore:id/productPrice","context":"","multiple":true}
[debug] &amp#27;[35m[WD Proxy]&amp#27;[39m Got response with status 200: {"sessionId":"2de36614-59d0-4281-8ae4-51a0e8d87207","value":[{"ELEMENT":"d2956938-53cb-4a26-b393-6c3fea7b5001","element-6066-11e4-a52e-4f735466cecf":"d2956938-53cb-4a26-b393-6c3fea7b5001"},{"ELEMENT":"0d1b86ab-37d9-4ff3-a5e3-36b5c4bc286a","element-6066-11e4-a52e-4f735466cecf":"0d1b86ab-37d9-4ff3-a5e3-36b5c4bc286a"}]}
[debug] &amp#27;[35m[W3C (4a49ebf9)]&amp#27;[39m Responding to client with driver.findElements() result: [{"element-6066-11e4-a52e-4f735466cecf":"d2956938-53cb-4a26-b393-6c3fea7b5001","ELEMENT":"d2956938-53cb-4a26-b393-6c3fea7b5001"},{"element-6066-11e4-a52e-4f735466cecf":"0d1b86ab-37d9-4ff3-a5e3-36b5c4bc286a","ELEMENT":"0d1b86ab-37d9-4ff3-a5e3-36b5c4bc286a"}]
&amp#27;[35m[HTTP]&amp#27;[39m &amp#27;[37m<-- POST /wd/hub/session/4a49ebf9-f511-4590-82b4-eea43983ed2d/elements &amp#27;[39m&amp#27;[32m200&amp#27;[39m &amp#27;[90m16 ms - 267&amp#27;[39m
&amp#27;[35m[HTTP]&amp#27;[39m &amp#27;[90m&amp#27;[39m
&amp#27;[35m[HTTP]&amp#27;[39m &amp#27;[37m-->&amp#27;[39m &amp#27;[37mGET&amp#27;[39m &amp#27;[37m/wd/hub/session/4a49ebf9-f511-4590-82b4-eea43983ed2d/element/0d1b86ab-37d9-4ff3-a5e3-36b5c4bc286a/text&amp#27;[39m
&amp#27;[35m[HTTP]&amp#27;[39m &amp#27;[90m{}&amp#27;[39m
&amp#27;[35m[W3C (4a49ebf9)]&amp#27;[39m Driver proxy active, passing request on via HTTP proxy
[debug] &amp#27;[35m[WD Proxy]&amp#27;[39m Matched '/wd/hub/session/4a49ebf9-f511-4590-82b4-eea43983ed2d/element/0d1b86ab-37d9-4ff3-a5e3-36b5c4bc286a/text' to command name 'getText'
[debug] &amp#27;[35m[WD Proxy]&amp#27;[39m Proxying [GET /wd/hub/session/4a49ebf9-f511-4590-82b4-eea43983ed2d/element/0d1b86ab-37d9-4ff3-a5e3-36b5c4bc286a/text] to [GET http://127.0.0.1:8200/wd/hub/session/2de36614-59d0-4281-8ae4-51a0e8d87207/element/0d1b86ab-37d9-4ff3-a5e3-36b5c4bc286a/text] with body: {}
[debug] &amp#27;[35m[WD Proxy]&amp#27;[39m Got response with status 200: {"sessionId":"2de36614-59d0-4281-8ae4-51a0e8d87207","value":"$120.0"}
&amp#27;[35m[WD Proxy]&amp#27;[39m Replacing sessionId 2de36614-59d0-4281-8ae4-51a0e8d87207 with 4a49ebf9-f511-4590-82b4-eea43983ed2d
&amp#27;[35m[HTTP]&amp#27;[39m &amp#27;[37m<-- GET /wd/hub/session/4a49ebf9-f511-4590-82b4-eea43983ed2d/element/0d1b86ab-37d9-4ff3-a5e3-36b5c4bc286a/text &amp#27;[39m&amp#27;[32m200&amp#27;[39m &amp#27;[90m9 ms - 69&amp#27;[39m
&amp#27;[35m[HTTP]&amp#27;[39m &amp#27;[90m&amp#27;[39m
120.0
280.97 sum of Products
&amp#27;[35m[HTTP]&amp#27;[39m &amp#27;[37m-->&amp#27;[39m &amp#27;[37mGET&amp#27;[39m &amp#27;[37m/wd/hub/session/4a49ebf9-f511-4590-82b4-eea43983ed2d&amp#27;[39m
&amp#27;[35m[HTTP]&amp#27;[39m &amp#27;[90m{}&amp#27;[39m
[debug] &amp#27;[35m[W3C (4a49ebf9)]&amp#27;[39m Calling AppiumDriver.getSession() with args: ["4a49ebf9-f511-4590-82b4-eea43983ed2d"]
[debug] &amp#27;[35m[UiAutomator2]&amp#27;[39m Getting session details from server to mix in
[debug] &amp#27;[35m[WD Proxy]&amp#27;[39m Matched '/' to command name 'getSession'
[debug] &amp#27;[35m[WD Proxy]&amp#27;[39m Proxying [GET /] to [GET http://127.0.0.1:8200/wd/hub/session/2de36614-59d0-4281-8ae4-51a0e8d87207] with body: {}
[debug] &amp#27;[35m[WD Proxy]&amp#27;[39m Got response with status 200: {"sessionId":"2de36614-59d0-4281-8ae4-51a0e8d87207","value":{}}
[debug] &amp#27;[35m[W3C (4a49ebf9)]&amp#27;[39m Responding to client with driver.getSession() result: {"platform":"LINUX","webStorageEnabled":false,"takesScreenshot":true,"javascriptEnabled":true,"databaseEnabled":false,"networkConnectionEnabled":true,"locationContextEnabled":false,"warnings":{},"desired":{"platformName":"android","app":"/Users/kyialbekn/IdeaProjects/AppiumDemo/src/test/resources/General-Store.apk","automationName":"UIAutomator2","deviceName":"Pixel2","newCommandTimeout":600},"platformName":"android","app":"/Users/kyialbekn/IdeaProjects/AppiumDemo/src/test/resources/General-Store.apk","automationName":"UIAutomator2","deviceName":"emulator-5554","newCommandTimeout":600,"deviceUDID":"emulator-5554","appPackage":"com.androidsample.generalstore","deviceApiLevel":28,"platformVersion":"9","deviceScreenSize":"1080x1920","deviceScreenDensity":420,"deviceModel":"AOSP on IA Emulator","deviceManufacturer":"Google","pixelRatio":2.625,"statBarHeight":63,"viewportRect":{"left":0,"top":63,"width":1080,"height":1731}}
&amp#27;[35m[HTTP]&amp#27;[39m &amp#27;[37m<-- GET /wd/hub/session/4a49ebf9-f511-4590-82b4-eea43983ed2d &amp#27;[39m&amp#27;[32m200&amp#27;[39m &amp#27;[90m7 ms - 942&amp#27;[39m
&amp#27;[35m[HTTP]&amp#27;[39m &amp#27;[90m&amp#27;[39m
&amp#27;[35m[HTTP]&amp#27;[39m &amp#27;[37m-->&amp#27;[39m &amp#27;[37mPOST&amp#27;[39m &amp#27;[37m/wd/hub/session/4a49ebf9-f511-4590-82b4-eea43983ed2d/element&amp#27;[39m
&amp#27;[35m[HTTP]&amp#27;[39m &amp#27;[90m{"using":"id","value":"com.androidsample.generalstore:id/totalAmountLbl"}&amp#27;[39m
[debug] &amp#27;[35m[W3C (4a49ebf9)]&amp#27;[39m Calling AppiumDriver.findElement() with args: ["id","com.androidsample.generalstore:id/totalAmountLbl","4a49ebf9-f511-4590-82b4-eea43983ed2d"]
[debug] &amp#27;[35m[BaseDriver]&amp#27;[39m Valid locator strategies for this request: xpath, id, class name, accessibility id, -android uiautomator
[debug] &amp#27;[35m[BaseDriver]&amp#27;[39m Waiting up to 5000 ms for condition
[debug] &amp#27;[35m[WD Proxy]&amp#27;[39m Matched '/element' to command name 'findElement'
[debug] &amp#27;[35m[WD Proxy]&amp#27;[39m Proxying [POST /element] to [POST http://127.0.0.1:8200/wd/hub/session/2de36614-59d0-4281-8ae4-51a0e8d87207/element] with body: {"strategy":"id","selector":"com.androidsample.generalstore:id/totalAmountLbl","context":"","multiple":false}
[debug] &amp#27;[35m[WD Proxy]&amp#27;[39m Got response with status 200: {"sessionId":"2de36614-59d0-4281-8ae4-51a0e8d87207","value":{"ELEMENT":"749a9224-11af-4b65-a9ac-5687b76ed586","element-6066-11e4-a52e-4f735466cecf":"749a9224-11af-4b65-a9ac-5687b76ed586"}}
[debug] &amp#27;[35m[W3C (4a49ebf9)]&amp#27;[39m Responding to client with driver.findElement() result: {"element-6066-11e4-a52e-4f735466cecf":"749a9224-11af-4b65-a9ac-5687b76ed586","ELEMENT":"749a9224-11af-4b65-a9ac-5687b76ed586"}
&amp#27;[35m[HTTP]&amp#27;[39m &amp#27;[37m<-- POST /wd/hub/session/4a49ebf9-f511-4590-82b4-eea43983ed2d/element &amp#27;[39m&amp#27;[32m200&amp#27;[39m &amp#27;[90m25 ms - 137&amp#27;[39m
&amp#27;[35m[HTTP]&amp#27;[39m &amp#27;[90m&amp#27;[39m
&amp#27;[35m[HTTP]&amp#27;[39m &amp#27;[37m-->&amp#27;[39m &amp#27;[37mGET&amp#27;[39m &amp#27;[37m/wd/hub/session/4a49ebf9-f511-4590-82b4-eea43983ed2d/element/749a9224-11af-4b65-a9ac-5687b76ed586/text&amp#27;[39m
&amp#27;[35m[HTTP]&amp#27;[39m &amp#27;[90m{}&amp#27;[39m
&amp#27;[35m[W3C (4a49ebf9)]&amp#27;[39m Driver proxy active, passing request on via HTTP proxy
[debug] &amp#27;[35m[WD Proxy]&amp#27;[39m Matched '/wd/hub/session/4a49ebf9-f511-4590-82b4-eea43983ed2d/element/749a9224-11af-4b65-a9ac-5687b76ed586/text' to command name 'getText'
[debug] &amp#27;[35m[WD Proxy]&amp#27;[39m Proxying [GET /wd/hub/session/4a49ebf9-f511-4590-82b4-eea43983ed2d/element/749a9224-11af-4b65-a9ac-5687b76ed586/text] to [GET http://127.0.0.1:8200/wd/hub/session/2de36614-59d0-4281-8ae4-51a0e8d87207/element/749a9224-11af-4b65-a9ac-5687b76ed586/text] with body: {}
[debug] &amp#27;[35m[WD Proxy]&amp#27;[39m Got response with status 200: {"sessionId":"2de36614-59d0-4281-8ae4-51a0e8d87207","value":"$ 280.97"}
&amp#27;[35m[WD Proxy]&amp#27;[39m Replacing sessionId 2de36614-59d0-4281-8ae4-51a0e8d87207 with 4a49ebf9-f511-4590-82b4-eea43983ed2d
&amp#27;[35m[HTTP]&amp#27;[39m &amp#27;[37m<-- GET /wd/hub/session/4a49ebf9-f511-4590-82b4-eea43983ed2d/element/749a9224-11af-4b65-a9ac-5687b76ed586/text &amp#27;[39m&amp#27;[32m200&amp#27;[39m &amp#27;[90m13 ms - 71&amp#27;[39m
&amp#27;[35m[HTTP]&amp#27;[39m &amp#27;[90m&amp#27;[39m
280.97 Total of Products 
]]></system-out>
    <system-err><![CDATA[Aug 27, 2020 8:34:54 PM io.appium.java_client.remote.AppiumCommandExecutor$1 lambda$0
INFO: Detected dialect: W3C
]]></system-err>
  </testcase>
  <testcase name="apiDemo[hello](1)" classname="ApiDemos" time="30.39">
    <system-out><![CDATA[&amp#27;[35m[Appium]&amp#27;[39m Welcome to Appium v1.17.1
&amp#27;[35m[HTTP]&amp#27;[39m Could not start REST http interface listener. The requested port may already be in use. Please make sure there is no other instance of this server running already.
Fatal Error: listen EADDRINUSE: address already in use 0.0.0.0:4723
    at Server.setupListenHandle [as _listen2] (net.js:1313:16)
    at listenInCluster (net.js:1361:12)
    at doListen (net.js:1498:7)
    at processTicksAndRejections (internal/process/task_queues.js:85:21)
&amp#27;[35m[HTTP]&amp#27;[39m &amp#27;[37m-->&amp#27;[39m &amp#27;[37mGET&amp#27;[39m &amp#27;[37m/wd/hub/status&amp#27;[39m
&amp#27;[35m[HTTP]&amp#27;[39m &amp#27;[90m{}&amp#27;[39m
[debug] &amp#27;[35m[GENERIC]&amp#27;[39m Calling AppiumDriver.getStatus() with args: []
[debug] &amp#27;[35m[GENERIC]&amp#27;[39m Responding to client with driver.getStatus() result: {"build":{"version":"1.17.1"}}
&amp#27;[35m[HTTP]&amp#27;[39m &amp#27;[37m<-- GET /wd/hub/status &amp#27;[39m&amp#27;[32m200&amp#27;[39m &amp#27;[90m1 ms - 68&amp#27;[39m
&amp#27;[35m[HTTP]&amp#27;[39m &amp#27;[90m&amp#27;[39m
&amp#27;[35m[Appium]&amp#27;[39m Welcome to Appium v1.17.1
&amp#27;[35m[HTTP]&amp#27;[39m Could not start REST http interface listener. The requested port may already be in use. Please make sure there is no other instance of this server running already.
Fatal Error: listen EADDRINUSE: address already in use 0.0.0.0:4723
    at Server.setupListenHandle [as _listen2] (net.js:1313:16)
    at listenInCluster (net.js:1361:12)
    at doListen (net.js:1498:7)
    at processTicksAndRejections (internal/process/task_queues.js:85:21)
&amp#27;[35m[HTTP]&amp#27;[39m &amp#27;[37m-->&amp#27;[39m &amp#27;[37mGET&amp#27;[39m &amp#27;[37m/wd/hub/status&amp#27;[39m
&amp#27;[35m[HTTP]&amp#27;[39m &amp#27;[90m{}&amp#27;[39m
[debug] &amp#27;[35m[GENERIC]&amp#27;[39m Calling AppiumDriver.getStatus() with args: []
[debug] &amp#27;[35m[GENERIC]&amp#27;[39m Responding to client with driver.getStatus() result: {"build":{"version":"1.17.1"}}
&amp#27;[35m[HTTP]&amp#27;[39m &amp#27;[37m<-- GET /wd/hub/status &amp#27;[39m&amp#27;[32m200&amp#27;[39m &amp#27;[90m1 ms - 68&amp#27;[39m
&amp#27;[35m[HTTP]&amp#27;[39m &amp#27;[90m&amp#27;[39m
&amp#27;[35m[HTTP]&amp#27;[39m &amp#27;[37m-->&amp#27;[39m &amp#27;[37mPOST&amp#27;[39m &amp#27;[37m/wd/hub/session&amp#27;[39m
&amp#27;[35m[HTTP]&amp#27;[39m &amp#27;[90m{"desiredCapabilities":{"app":"/Users/kyialbekn/IdeaProjects/AppiumDemo/src/test/resources/ApiDemos-debug.apk","automationName":"UIAutomator2","platformName":"Android","deviceName":"Pixel2","newCommandTimeout":600},"capabilities":{"firstMatch":[{"appium:app":"/Users/kyialbekn/IdeaProjects/AppiumDemo/src/test/resources/ApiDemos-debug.apk","appium:automationName":"UIAutomator2","appium:deviceName":"Pixel2","appium:newCommandTimeout":600,"platformName":"android"}]}}&amp#27;[39m
[debug] &amp#27;[35m[W3C]&amp#27;[39m Calling AppiumDriver.createSession() with args: [{"app":"/Users/kyialbekn/IdeaProjects/AppiumDemo/src/test/resources/ApiDemos-debug.apk","automationName":"UIAutomator2","platformName":"Android","deviceName":"Pixel2","newCommandTimeout":600},null,{"firstMatch":[{"appium:app":"/Users/kyialbekn/IdeaProjects/AppiumDemo/src/test/resources/ApiDemos-debug.apk","appium:automationName":"UIAutomator2","appium:deviceName":"Pixel2","appium:newCommandTimeout":600,"platformName":"android"}]}]
[debug] &amp#27;[35m[BaseDriver]&amp#27;[39m Event 'newSessionRequested' logged at 1598578524764 (20:35:24 GMT-0500 (Central Daylight Time))
&amp#27;[35m[Appium]&amp#27;[39m Appium v1.17.1 creating new AndroidUiautomator2Driver (v1.44.2) session
[debug] &amp#27;[35m[BaseDriver]&amp#27;[39m W3C capabilities and MJSONWP desired capabilities were provided
[debug] &amp#27;[35m[BaseDriver]&amp#27;[39m Creating session with W3C capabilities: {
[debug] &amp#27;[35m[BaseDriver]&amp#27;[39m   "alwaysMatch": {
[debug] &amp#27;[35m[BaseDriver]&amp#27;[39m     "platformName": "android",
[debug] &amp#27;[35m[BaseDriver]&amp#27;[39m     "appium:app": "/Users/kyialbekn/IdeaProjects/AppiumDemo/src/test/resources/ApiDemos-debug.apk",
[debug] &amp#27;[35m[BaseDriver]&amp#27;[39m     "appium:automationName": "UIAutomator2",
[debug] &amp#27;[35m[BaseDriver]&amp#27;[39m     "appium:deviceName": "Pixel2",
[debug] &amp#27;[35m[BaseDriver]&amp#27;[39m     "appium:newCommandTimeout": 600
[debug] &amp#27;[35m[BaseDriver]&amp#27;[39m   },
[debug] &amp#27;[35m[BaseDriver]&amp#27;[39m   "firstMatch": [
[debug] &amp#27;[35m[BaseDriver]&amp#27;[39m     {}
[debug] &amp#27;[35m[BaseDriver]&amp#27;[39m   ]
[debug] &amp#27;[35m[BaseDriver]&amp#27;[39m }
&amp#27;[35m[BaseDriver]&amp#27;[39m Session created with session id: 5c8338d3-b1d4-44c6-9beb-8485fce8dd3a
&amp#27;[35m[BaseDriver]&amp#27;[39m Using local app '/Users/kyialbekn/IdeaProjects/AppiumDemo/src/test/resources/ApiDemos-debug.apk'
[debug] &amp#27;[35m[UiAutomator2]&amp#27;[39m Checking whether app is actually present
&amp#27;[35m[ADB]&amp#27;[39m Using 'adb' from '/Users/kyialbekn/Library/Android/sdk/platform-tools/adb'
&amp#27;[35m[AndroidDriver]&amp#27;[39m Retrieving device list
[debug] &amp#27;[35m[ADB]&amp#27;[39m Trying to find a connected android device
[debug] &amp#27;[35m[ADB]&amp#27;[39m Getting connected devices...
[debug] &amp#27;[35m[ADB]&amp#27;[39m Connected devices: [{"udid":"emulator-5554","state":"device"}]
&amp#27;[35m[AndroidDriver]&amp#27;[39m Using device: emulator-5554
&amp#27;[35m[ADB]&amp#27;[39m Using 'adb' from '/Users/kyialbekn/Library/Android/sdk/platform-tools/adb'
[debug] &amp#27;[35m[ADB]&amp#27;[39m Setting device id to emulator-5554
[debug] &amp#27;[35m[ADB]&amp#27;[39m Running '/Users/kyialbekn/Library/Android/sdk/platform-tools/adb -P 5037 -s emulator-5554 shell getprop ro.build.version.sdk'
[debug] &amp#27;[35m[ADB]&amp#27;[39m Current device property 'ro.build.version.sdk': 28
&amp#27;[35m[ADB]&amp#27;[39m Getting device platform version
[debug] &amp#27;[35m[ADB]&amp#27;[39m Running '/Users/kyialbekn/Library/Android/sdk/platform-tools/adb -P 5037 -s emulator-5554 shell getprop ro.build.version.release'
[debug] &amp#27;[35m[ADB]&amp#27;[39m Current device property 'ro.build.version.release': 9
[debug] &amp#27;[35m[ADB]&amp#27;[39m Device API level: 28
&amp#27;[35m[UiAutomator2]&amp#27;[39m Relaxing hidden api policy
[debug] &amp#27;[35m[ADB]&amp#27;[39m Running '/Users/kyialbekn/Library/Android/sdk/platform-tools/adb -P 5037 -s emulator-5554 shell settings put global hidden_api_policy_pre_p_apps 1'
[debug] &amp#27;[35m[ADB]&amp#27;[39m Running '/Users/kyialbekn/Library/Android/sdk/platform-tools/adb -P 5037 -s emulator-5554 shell settings put global hidden_api_policy_p_apps 1'
[debug] &amp#27;[35m[ADB]&amp#27;[39m Running '/Users/kyialbekn/Library/Android/sdk/platform-tools/adb -P 5037 -s emulator-5554 shell settings put global hidden_api_policy 1'
[debug] &amp#27;[35m[AndroidDriver]&amp#27;[39m Parsing package and activity from app manifest
&amp#27;[35m[ADB]&amp#27;[39m Package name: 'io.appium.android.apis'
&amp#27;[35m[ADB]&amp#27;[39m Main activity name: 'ApiDemos'
[debug] &amp#27;[35m[AndroidDriver]&amp#27;[39m Parsed package and activity are: io.appium.android.apis/ApiDemos
[debug] &amp#27;[35m[ADB]&amp#27;[39m Running '/Users/kyialbekn/Library/Android/sdk/platform-tools/adb -P 5037 -s emulator-5554 wait-for-device'
[debug] &amp#27;[35m[ADB]&amp#27;[39m Running '/Users/kyialbekn/Library/Android/sdk/platform-tools/adb -P 5037 -s emulator-5554 shell echo ping'
[debug] &amp#27;[35m[AndroidDriver]&amp#27;[39m Pushing settings apk to device...
[debug] &amp#27;[35m[ADB]&amp#27;[39m Getting install status for io.appium.settings
[debug] &amp#27;[35m[ADB]&amp#27;[39m Running '/Users/kyialbekn/Library/Android/sdk/platform-tools/adb -P 5037 -s emulator-5554 shell dumpsys package io.appium.settings'
[debug] &amp#27;[35m[ADB]&amp#27;[39m 'io.appium.settings' is installed
[debug] &amp#27;[35m[ADB]&amp#27;[39m Getting package info for 'io.appium.settings'
[debug] &amp#27;[35m[ADB]&amp#27;[39m Running '/Users/kyialbekn/Library/Android/sdk/platform-tools/adb -P 5037 -s emulator-5554 shell dumpsys package io.appium.settings'
[debug] &amp#27;[35m[ADB]&amp#27;[39m The version name of the installed 'io.appium.settings' is greater or equal to the application version name ('3.1.0' >= '3.1.0')
[debug] &amp#27;[35m[ADB]&amp#27;[39m There is no need to install/upgrade '/usr/local/lib/node_modules/appium/node_modules/io.appium.settings/apks/settings_apk-debug.apk'
[debug] &amp#27;[35m[ADB]&amp#27;[39m Getting IDs of all 'io.appium.settings' processes
[debug] &amp#27;[35m[ADB]&amp#27;[39m Running '/Users/kyialbekn/Library/Android/sdk/platform-tools/adb -P 5037 -s emulator-5554 shell 'pgrep --help; echo $?''
[debug] &amp#27;[35m[ADB]&amp#27;[39m Running '/Users/kyialbekn/Library/Android/sdk/platform-tools/adb -P 5037 -s emulator-5554 shell pgrep -f io\\.appium\\.settings'
[debug] &amp#27;[35m[AndroidDriver]&amp#27;[39m io.appium.settings is already running. There is no need to reset its permissions.
[debug] &amp#27;[35m[ADB]&amp#27;[39m Running '/Users/kyialbekn/Library/Android/sdk/platform-tools/adb -P 5037 -s emulator-5554 shell appops set io.appium.settings android\:mock_location allow'
[debug] &amp#27;[35m[Logcat]&amp#27;[39m Starting logcat capture
[debug] &amp#27;[35m[UiAutomator2]&amp#27;[39m Forwarding UiAutomator2 Server port 6790 to 8201
[debug] &amp#27;[35m[ADB]&amp#27;[39m Forwarding system: 8201 to device: 6790
[debug] &amp#27;[35m[ADB]&amp#27;[39m Running '/Users/kyialbekn/Library/Android/sdk/platform-tools/adb -P 5037 -s emulator-5554 forward tcp\:8201 tcp\:6790'
[debug] &amp#27;[35m[ADB]&amp#27;[39m Getting install status for io.appium.uiautomator2.server
[debug] &amp#27;[35m[ADB]&amp#27;[39m Running '/Users/kyialbekn/Library/Android/sdk/platform-tools/adb -P 5037 -s emulator-5554 shell dumpsys package io.appium.uiautomator2.server'
[debug] &amp#27;[35m[ADB]&amp#27;[39m 'io.appium.uiautomator2.server' is installed
[debug] &amp#27;[35m[ADB]&amp#27;[39m Getting package info for 'io.appium.uiautomator2.server'
[debug] &amp#27;[35m[ADB]&amp#27;[39m Running '/Users/kyialbekn/Library/Android/sdk/platform-tools/adb -P 5037 -s emulator-5554 shell dumpsys package io.appium.uiautomator2.server'
[debug] &amp#27;[35m[ADB]&amp#27;[39m The version name of the installed 'io.appium.uiautomator2.server' is greater or equal to the application version name ('4.5.5' >= '4.5.5')
[debug] &amp#27;[35m[UiAutomator2]&amp#27;[39m io.appium.uiautomator2.server installation state: sameVersionInstalled
[debug] &amp#27;[35m[ADB]&amp#27;[39m Checking app cert for /usr/local/lib/node_modules/appium/node_modules/appium-uiautomator2-server/apks/appium-uiautomator2-server-v4.5.5.apk
&amp#27;[35m[ADB]&amp#27;[39m Using 'apksigner.jar' from '/Users/kyialbekn/Library/Android/sdk/build-tools/30.0.2/lib/apksigner.jar'
[debug] &amp#27;[35m[ADB]&amp#27;[39m Starting apksigner: /Library/Java/JavaVirtualMachines/jdk1.8.0_251.jdk/Contents/Home/bin/java -Xmx1024M -Xss1m -jar /Users/kyialbekn/Library/Android/sdk/build-tools/30.0.2/lib/apksigner.jar verify --print-certs /usr/local/lib/node_modules/appium/node_modules/appium-uiautomator2-server/apks/appium-uiautomator2-server-v4.5.5.apk
[debug] &amp#27;[35m[ADB]&amp#27;[39m apksigner stdout: Signer #1 certificate DN: EMAILADDRESS=android@android.com, CN=Android, OU=Android, O=Android, L=Mountain View, ST=California, C=US
[debug] &amp#27;[35m[ADB]&amp#27;[39m Signer #1 certificate SHA-256 digest: a40da80a59d170caa950cf15c18c454d47a39b26989d8b640ecd745ba71bf5dc
[debug] &amp#27;[35m[ADB]&amp#27;[39m Signer #1 certificate SHA-1 digest: 61ed377e85d386a8dfee6b864bd85b0bfaa5af81
[debug] &amp#27;[35m[ADB]&amp#27;[39m Signer #1 certificate MD5 digest: e89b158e4bcf988ebd09eb83f5378e87
[debug] &amp#27;[35m[ADB]&amp#27;[39m 
[debug] &amp#27;[35m[ADB]&amp#27;[39m '/usr/local/lib/node_modules/appium/node_modules/appium-uiautomator2-server/apks/appium-uiautomator2-server-v4.5.5.apk' is signed with the default certificate
[debug] &amp#27;[35m[ADB]&amp#27;[39m Getting install status for io.appium.uiautomator2.server.test
[debug] &amp#27;[35m[ADB]&amp#27;[39m Running '/Users/kyialbekn/Library/Android/sdk/platform-tools/adb -P 5037 -s emulator-5554 shell dumpsys package io.appium.uiautomator2.server.test'
[debug] &amp#27;[35m[ADB]&amp#27;[39m 'io.appium.uiautomator2.server.test' is installed
[debug] &amp#27;[35m[ADB]&amp#27;[39m Checking app cert for /usr/local/lib/node_modules/appium/node_modules/appium-uiautomator2-server/apks/appium-uiautomator2-server-debug-androidTest.apk
[debug] &amp#27;[35m[ADB]&amp#27;[39m Starting apksigner: /Library/Java/JavaVirtualMachines/jdk1.8.0_251.jdk/Contents/Home/bin/java -Xmx1024M -Xss1m -jar /Users/kyialbekn/Library/Android/sdk/build-tools/30.0.2/lib/apksigner.jar verify --print-certs /usr/local/lib/node_modules/appium/node_modules/appium-uiautomator2-server/apks/appium-uiautomator2-server-debug-androidTest.apk
[debug] &amp#27;[35m[ADB]&amp#27;[39m apksigner stdout: Signer #1 certificate DN: EMAILADDRESS=android@android.com, CN=Android, OU=Android, O=Android, L=Mountain View, ST=California, C=US
[debug] &amp#27;[35m[ADB]&amp#27;[39m Signer #1 certificate SHA-256 digest: a40da80a59d170caa950cf15c18c454d47a39b26989d8b640ecd745ba71bf5dc
[debug] &amp#27;[35m[ADB]&amp#27;[39m Signer #1 certificate SHA-1 digest: 61ed377e85d386a8dfee6b864bd85b0bfaa5af81
[debug] &amp#27;[35m[ADB]&amp#27;[39m Signer #1 certificate MD5 digest: e89b158e4bcf988ebd09eb83f5378e87
[debug] &amp#27;[35m[ADB]&amp#27;[39m 
[debug] &amp#27;[35m[ADB]&amp#27;[39m '/usr/local/lib/node_modules/appium/node_modules/appium-uiautomator2-server/apks/appium-uiautomator2-server-debug-androidTest.apk' is signed with the default certificate
&amp#27;[35m[UiAutomator2]&amp#27;[39m Server packages are not going to be (re)installed
[debug] &amp#27;[35m[UiAutomator2]&amp#27;[39m Waiting up to 30000ms for services to be available
[debug] &amp#27;[35m[ADB]&amp#27;[39m Running '/Users/kyialbekn/Library/Android/sdk/platform-tools/adb -P 5037 -s emulator-5554 shell pm list instrumentation'
[debug] &amp#27;[35m[UiAutomator2]&amp#27;[39m Instrumentation target 'io.appium.uiautomator2.server.test/androidx.test.runner.AndroidJUnitRunner' is available
[debug] &amp#27;[35m[ADB]&amp#27;[39m Checking app cert for /Users/kyialbekn/IdeaProjects/AppiumDemo/src/test/resources/ApiDemos-debug.apk
[debug] &amp#27;[35m[ADB]&amp#27;[39m Starting apksigner: /Library/Java/JavaVirtualMachines/jdk1.8.0_251.jdk/Contents/Home/bin/java -Xmx1024M -Xss1m -jar /Users/kyialbekn/Library/Android/sdk/build-tools/30.0.2/lib/apksigner.jar verify --print-certs /Users/kyialbekn/IdeaProjects/AppiumDemo/src/test/resources/ApiDemos-debug.apk
[debug] &amp#27;[35m[ADB]&amp#27;[39m apksigner stdout: Signer #1 certificate DN: EMAILADDRESS=android@android.com, CN=Android, OU=Android, O=Android, L=Mountain View, ST=California, C=US
[debug] &amp#27;[35m[ADB]&amp#27;[39m Signer #1 certificate SHA-256 digest: a40da80a59d170caa950cf15c18c454d47a39b26989d8b640ecd745ba71bf5dc
[debug] &amp#27;[35m[ADB]&amp#27;[39m Signer #1 certificate SHA-1 digest: 61ed377e85d386a8dfee6b864bd85b0bfaa5af81
[debug] &amp#27;[35m[ADB]&amp#27;[39m Signer #1 certificate MD5 digest: e89b158e4bcf988ebd09eb83f5378e87
[debug] &amp#27;[35m[ADB]&amp#27;[39m 
[debug] &amp#27;[35m[ADB]&amp#27;[39m '/Users/kyialbekn/IdeaProjects/AppiumDemo/src/test/resources/ApiDemos-debug.apk' is signed with the default certificate
[debug] &amp#27;[35m[ADB]&amp#27;[39m Getting install status for io.appium.android.apis
[debug] &amp#27;[35m[ADB]&amp#27;[39m Running '/Users/kyialbekn/Library/Android/sdk/platform-tools/adb -P 5037 -s emulator-5554 shell dumpsys package io.appium.android.apis'
[debug] &amp#27;[35m[ADB]&amp#27;[39m 'io.appium.android.apis' is installed
[debug] &amp#27;[35m[ADB]&amp#27;[39m Getting package info for 'io.appium.android.apis'
[debug] &amp#27;[35m[ADB]&amp#27;[39m Running '/Users/kyialbekn/Library/Android/sdk/platform-tools/adb -P 5037 -s emulator-5554 shell dumpsys package io.appium.android.apis'
&amp#27;[35m[ADB]&amp#27;[39m Cannot read version codes of '/Users/kyialbekn/IdeaProjects/AppiumDemo/src/test/resources/ApiDemos-debug.apk' and/or 'io.appium.android.apis'
&amp#27;[35m[ADB]&amp#27;[39m Cannot read version names of '/Users/kyialbekn/IdeaProjects/AppiumDemo/src/test/resources/ApiDemos-debug.apk' and/or 'io.appium.android.apis'
[debug] &amp#27;[35m[ADB]&amp#27;[39m The current install state of '/Users/kyialbekn/IdeaProjects/AppiumDemo/src/test/resources/ApiDemos-debug.apk' is unknown. Installing anyway
[debug] &amp#27;[35m[ADB]&amp#27;[39m Running '/Users/kyialbekn/Library/Android/sdk/platform-tools/adb -P 5037 -s emulator-5554 help'
[debug] &amp#27;[35m[ADB]&amp#27;[39m Running '/Users/kyialbekn/Library/Android/sdk/platform-tools/adb -P 5037 -s emulator-5554 features'
&amp#27;[35m[ADB]&amp#27;[39m The application at '/Users/kyialbekn/IdeaProjects/AppiumDemo/src/test/resources/ApiDemos-debug.apk' will not be cached, because the device under test has confirmed the support of streamed installs
[debug] &amp#27;[35m[ADB]&amp#27;[39m Running '/Users/kyialbekn/Library/Android/sdk/platform-tools/adb -P 5037 -s emulator-5554 install -r /Users/kyialbekn/IdeaProjects/AppiumDemo/src/test/resources/ApiDemos-debug.apk'
&amp#27;[35m[ADB]&amp#27;[39m The installation of 'ApiDemos-debug.apk' took 1171ms
[debug] &amp#27;[35m[ADB]&amp#27;[39m Install command stdout: Performing Streamed Install
[debug] &amp#27;[35m[ADB]&amp#27;[39m Success
&amp#27;[35m[AndroidDriver]&amp#27;[39m Performing fast reset on 'io.appium.android.apis'
[debug] &amp#27;[35m[ADB]&amp#27;[39m Getting install status for io.appium.android.apis
[debug] &amp#27;[35m[ADB]&amp#27;[39m Running '/Users/kyialbekn/Library/Android/sdk/platform-tools/adb -P 5037 -s emulator-5554 shell dumpsys package io.appium.android.apis'
[debug] &amp#27;[35m[ADB]&amp#27;[39m 'io.appium.android.apis' is installed
[debug] &amp#27;[35m[ADB]&amp#27;[39m Running '/Users/kyialbekn/Library/Android/sdk/platform-tools/adb -P 5037 -s emulator-5554 shell am force-stop io.appium.android.apis'
[debug] &amp#27;[35m[ADB]&amp#27;[39m Running '/Users/kyialbekn/Library/Android/sdk/platform-tools/adb -P 5037 -s emulator-5554 shell pm clear io.appium.android.apis'
[debug] &amp#27;[35m[AndroidDriver]&amp#27;[39m Performed fast reset on the installed 'io.appium.android.apis' application (stop and clear)
[debug] &amp#27;[35m[UiAutomator2]&amp#27;[39m Performing shallow cleanup of automation leftovers
[debug] &amp#27;[35m[UiAutomator2]&amp#27;[39m The following obsolete sessions are still running: ["2de36614-59d0-4281-8ae4-51a0e8d87207"]
[debug] &amp#27;[35m[UiAutomator2]&amp#27;[39m Cleaning up the obsolete sessions
[debug] &amp#27;[35m[Instrumentation]&amp#27;[39m .
[debug] &amp#27;[35m[ADB]&amp#27;[39m Running '/Users/kyialbekn/Library/Android/sdk/platform-tools/adb -P 5037 -s emulator-5554 shell am force-stop io.appium.uiautomator2.server.test'
&amp#27;[35m[UiAutomator2]&amp#27;[39m Starting UIAutomator2 server 4.5.5
&amp#27;[35m[UiAutomator2]&amp#27;[39m Using UIAutomator2 server from '/usr/local/lib/node_modules/appium/node_modules/appium-uiautomator2-server/apks/appium-uiautomator2-server-v4.5.5.apk' and test from '/usr/local/lib/node_modules/appium/node_modules/appium-uiautomator2-server/apks/appium-uiautomator2-server-debug-androidTest.apk'
&amp#27;[35m[UiAutomator2]&amp#27;[39m Waiting up to 30000ms for UiAutomator2 to be online...
[debug] &amp#27;[35m[ADB]&amp#27;[39m Creating ADB subprocess with args: ["-P",5037,"-s","emulator-5554","shell","am","instrument","-w","io.appium.uiautomator2.server.test/androidx.test.runner.AndroidJUnitRunner"]
[debug] &amp#27;[35m[Instrumentation]&amp#27;[39m INSTRUMENTATION_RESULT: shortMsg=Process crashed.
[debug] &amp#27;[35m[Instrumentation]&amp#27;[39m INSTRUMENTATION_CODE: 0
[debug] &amp#27;[35m[Instrumentation]&amp#27;[39m The process has exited with code 0
[debug] &amp#27;[35m[Instrumentation]&amp#27;[39m io.appium.uiautomator2.server.test.AppiumUiAutomator2Server:
[debug] &amp#27;[35m[WD Proxy]&amp#27;[39m Matched '/status' to command name 'getStatus'
[debug] &amp#27;[35m[WD Proxy]&amp#27;[39m Proxying [GET /status] to [GET http://127.0.0.1:8201/wd/hub/status] with no body
&amp#27;[35m[WD Proxy]&amp#27;[39m Got response with unknown status: {"code":"ECONNRESET"}
[debug] &amp#27;[35m[WD Proxy]&amp#27;[39m Matched '/status' to command name 'getStatus'
[debug] &amp#27;[35m[WD Proxy]&amp#27;[39m Proxying [GET /status] to [GET http://127.0.0.1:8201/wd/hub/status] with no body
[debug] &amp#27;[35m[WD Proxy]&amp#27;[39m Got response with status 200: {"sessionId":"None","value":{"ready":true,"message":"UiAutomator2 Server is ready to accept commands"}}
[debug] &amp#27;[35m[UiAutomator2]&amp#27;[39m The initialization of the instrumentation process took 2087ms
[debug] &amp#27;[35m[WD Proxy]&amp#27;[39m Matched '/session' to command name 'createSession'
[debug] &amp#27;[35m[WD Proxy]&amp#27;[39m Proxying [POST /session] to [POST http://127.0.0.1:8201/wd/hub/session] with body: {"capabilities":{"firstMatch":[{"platform":"LINUX","webStorageEnabled":false,"takesScreenshot":true,"javascriptEnabled":true,"databaseEnabled":false,"networkConnectionEnabled":true,"locationContextEnabled":false,"warnings":{},"desired":{"platformName":"android","app":"/Users/kyialbekn/IdeaProjects/AppiumDemo/src/test/resources/ApiDemos-debug.apk","automationName":"UIAutomator2","deviceName":"Pixel2","newCommandTimeout":600},"platformName":"android","app":"/Users/kyialbekn/IdeaProjects/AppiumDemo/src/test/resources/ApiDemos-debug.apk","automationName":"UIAutomator2","deviceName":"emulator-5554","newCommandTimeout":600,"deviceUDID":"emulator-5554","appPackage":"io.appium.android.apis"}],"alwaysMatch":{}}}
[debug] &amp#27;[35m[WD Proxy]&amp#27;[39m Got response with status 200: {"sessionId":"31c37c75-123c-4f9d-a1b3-bce446752436","value":{"sessionId":"31c37c75-123c-4f9d-a1b3-bce446752436","capabilities":{"firstMatch":[{"platform":"LINUX","webStorageEnabled":false,"takesScreenshot":true,"javascriptEnabled":true,"databaseEnabled":false,"networkConnectionEnabled":true,"locationContextEnabled":false,"warnings":{},"desired":{"platformName":"android","app":"/Users/kyialbekn/IdeaProjects/AppiumDemo/src/test/resources/ApiDemos-debug.apk","automationName":"UIAutomator2","deviceName":"Pixel2","newCommandTimeout":600},"platformName":"android","app":"/Users/kyialbekn/IdeaProjects/AppiumDemo/src/test/resources/ApiDemos-debug.apk","automationName":"UIAutomator2","deviceName":"emulator-5554","newCommandTimeout":600,"deviceUDID":"emulator-5554","appPackage":"io.appium.android.apis"}],"alwaysMatch":{}}}}
&amp#27;[35m[WD Proxy]&amp#27;[39m Determined the downstream protocol as 'W3C'
[debug] &amp#27;[35m[WD Proxy]&amp#27;[39m Proxying [GET /appium/device/info] to [GET http://127.0.0.1:8201/wd/hub/session/31c37c75-123c-4f9d-a1b3-bce446752436/appium/device/info] with no body
[debug] &amp#27;[35m[WD Proxy]&amp#27;[39m Got response with status 200: {"sessionId":"31c37c75-123c-4f9d-a1b3-bce446752436","value":{"androidId":"17deb2603187413a","manufacturer":"Google","model":"AOSP on IA Emulator","brand":"google","apiVersion":"28","platformVersion":"9","carrierName":"Android","realDisplaySize":"1080x1920","displayDensity":420,"networks":[{"type":0,"typeName":"MOBILE","subtype":13,"subtypeName":"LTE","isConnected":true,"detailedState":"CONNECTED","state":"CONNECTED","extraInfo":"epc.tmobile.com","isAvailable":true,"isFailover":false,"isRoaming":false,"capabilities":{"transportTypes":"TRANSPORT_CELLULAR","networkCapabilities":"NET_CAPABILITY_MMS,NET_CAPABILITY_SUPL,NET_CAPABILITY_DUN,NET_CAPABILITY_FOTA,NET_CAPABILITY_IMS,NET_CAPABILITY_CBS,NET_CAPABILITY_IA,NET_CAPABILITY_INTERNET,NET_CAPABILITY_NOT_RESTRICTED,NET_CAPABILITY_TRUSTED,NET_CAPABILITY_NOT_VPN,NET_CAPABILITY_VALIDATED,NET_CAPABILITY_NOT_ROAMING,NET_CAPABILITY_NOT_CONGESTED,NET_CAPABILITY_NOT_SUSPENDED","linkUpstreamBandwidthKbps":51200,"linkDownBandwidthKbps":102400,"signalStrength":-2147483648...
[debug] &amp#27;[35m[ADB]&amp#27;[39m Running '/Users/kyialbekn/Library/Android/sdk/platform-tools/adb -P 5037 -s emulator-5554 shell dumpsys window'
&amp#27;[35m[AndroidDriver]&amp#27;[39m Screen already unlocked, doing nothing
&amp#27;[35m[UiAutomator2]&amp#27;[39m Starting 'io.appium.android.apis/ApiDemos and waiting for 'io.appium.android.apis/ApiDemos'
[debug] &amp#27;[35m[ADB]&amp#27;[39m Running '/Users/kyialbekn/Library/Android/sdk/platform-tools/adb -P 5037 -s emulator-5554 shell am start -W -n io.appium.android.apis/ApiDemos -S -a android.intent.action.MAIN -c android.intent.category.LAUNCHER -f 0x10200000'
[debug] &amp#27;[35m[ADB]&amp#27;[39m We tried to start an activity that doesn't exist, retrying with '.ApiDemos' activity name
[debug] &amp#27;[35m[ADB]&amp#27;[39m Running '/Users/kyialbekn/Library/Android/sdk/platform-tools/adb -P 5037 -s emulator-5554 shell am start -W -n io.appium.android.apis/.ApiDemos -S -a android.intent.action.MAIN -c android.intent.category.LAUNCHER -f 0x10200000'
[debug] &amp#27;[35m[ADB]&amp#27;[39m Waiting up to 20000ms for activity matching pkg: 'io.appium.android.apis' and activity: 'ApiDemos' to be focused
[debug] &amp#27;[35m[ADB]&amp#27;[39m Possible activities, to be checked: 'ApiDemos', 'io.appium.android.apis.ApiDemos'
[debug] &amp#27;[35m[ADB]&amp#27;[39m Getting focused package and activity
[debug] &amp#27;[35m[ADB]&amp#27;[39m Running '/Users/kyialbekn/Library/Android/sdk/platform-tools/adb -P 5037 -s emulator-5554 shell dumpsys window windows'
[debug] &amp#27;[35m[ADB]&amp#27;[39m Found package: 'io.appium.android.apis' and fully qualified activity name : 'io.appium.android.apis.ApiDemos'
[debug] &amp#27;[35m[WD Proxy]&amp#27;[39m Proxying [GET /appium/device/pixel_ratio] to [GET http://127.0.0.1:8201/wd/hub/session/31c37c75-123c-4f9d-a1b3-bce446752436/appium/device/pixel_ratio] with body: {}
[debug] &amp#27;[35m[WD Proxy]&amp#27;[39m Got response with status 200: {"sessionId":"31c37c75-123c-4f9d-a1b3-bce446752436","value":2.625}
[debug] &amp#27;[35m[WD Proxy]&amp#27;[39m Matched '/appium/device/system_bars' to command name 'getSystemBars'
[debug] &amp#27;[35m[WD Proxy]&amp#27;[39m Proxying [GET /appium/device/system_bars] to [GET http://127.0.0.1:8201/wd/hub/session/31c37c75-123c-4f9d-a1b3-bce446752436/appium/device/system_bars] with body: {}
[debug] &amp#27;[35m[WD Proxy]&amp#27;[39m Got response with status 200: {"sessionId":"31c37c75-123c-4f9d-a1b3-bce446752436","value":{"statusBar":63}}
[debug] &amp#27;[35m[WD Proxy]&amp#27;[39m Matched '/window/current/size' to command name 'getWindowSize'
[debug] &amp#27;[35m[WD Proxy]&amp#27;[39m Proxying [GET /window/current/size] to [GET http://127.0.0.1:8201/wd/hub/session/31c37c75-123c-4f9d-a1b3-bce446752436/window/current/size] with body: {}
[debug] &amp#27;[35m[WD Proxy]&amp#27;[39m Got response with status 200: {"sessionId":"31c37c75-123c-4f9d-a1b3-bce446752436","value":{"height":1794,"width":1080}}
&amp#27;[35m[Appium]&amp#27;[39m New AndroidUiautomator2Driver session created successfully, session 5c8338d3-b1d4-44c6-9beb-8485fce8dd3a added to master session list
[debug] &amp#27;[35m[BaseDriver]&amp#27;[39m Event 'newSessionStarted' logged at 1598578533203 (20:35:33 GMT-0500 (Central Daylight Time))
[debug] &amp#27;[35m[W3C (5c8338d3)]&amp#27;[39m Cached the protocol value 'W3C' for the new session 5c8338d3-b1d4-44c6-9beb-8485fce8dd3a
[debug] &amp#27;[35m[W3C (5c8338d3)]&amp#27;[39m Responding to client with driver.createSession() result: {"capabilities":{"platform":"LINUX","webStorageEnabled":false,"takesScreenshot":true,"javascriptEnabled":true,"databaseEnabled":false,"networkConnectionEnabled":true,"locationContextEnabled":false,"warnings":{},"desired":{"platformName":"android","app":"/Users/kyialbekn/IdeaProjects/AppiumDemo/src/test/resources/ApiDemos-debug.apk","automationName":"UIAutomator2","deviceName":"Pixel2","newCommandTimeout":600},"platformName":"android","app":"/Users/kyialbekn/IdeaProjects/AppiumDemo/src/test/resources/ApiDemos-debug.apk","automationName":"UIAutomator2","deviceName":"emulator-5554","newCommandTimeout":600,"deviceUDID":"emulator-5554","appPackage":"io.appium.android.apis","deviceApiLevel":28,"platformVersion":"9","deviceScreenSize":"1080x1920","deviceScreenDensity":420,"deviceModel":"AOSP on IA Emulator","deviceManufacturer":"Google","pixelRatio":2.625,"statBarHeight":63,"viewportRect":{"left":0,"top":63,"width":1080,"height":1731}}}
&amp#27;[35m[HTTP]&amp#27;[39m &amp#27;[37m<-- POST /wd/hub/session &amp#27;[39m&amp#27;[32m200&amp#27;[39m &amp#27;[90m8441 ms - 1004&amp#27;[39m
&amp#27;[35m[HTTP]&amp#27;[39m &amp#27;[90m&amp#27;[39m
&amp#27;[35m[HTTP]&amp#27;[39m &amp#27;[37m-->&amp#27;[39m &amp#27;[37mGET&amp#27;[39m &amp#27;[37m/wd/hub/session/5c8338d3-b1d4-44c6-9beb-8485fce8dd3a&amp#27;[39m
&amp#27;[35m[HTTP]&amp#27;[39m &amp#27;[90m{}&amp#27;[39m
[debug] &amp#27;[35m[W3C (5c8338d3)]&amp#27;[39m Calling AppiumDriver.getSession() with args: ["5c8338d3-b1d4-44c6-9beb-8485fce8dd3a"]
[debug] &amp#27;[35m[UiAutomator2]&amp#27;[39m Getting session details from server to mix in
[debug] &amp#27;[35m[WD Proxy]&amp#27;[39m Matched '/' to command name 'getSession'
[debug] &amp#27;[35m[WD Proxy]&amp#27;[39m Proxying [GET /] to [GET http://127.0.0.1:8201/wd/hub/session/31c37c75-123c-4f9d-a1b3-bce446752436] with body: {}
[debug] &amp#27;[35m[WD Proxy]&amp#27;[39m Got response with status 200: {"sessionId":"31c37c75-123c-4f9d-a1b3-bce446752436","value":{}}
[debug] &amp#27;[35m[W3C (5c8338d3)]&amp#27;[39m Responding to client with driver.getSession() result: {"platform":"LINUX","webStorageEnabled":false,"takesScreenshot":true,"javascriptEnabled":true,"databaseEnabled":false,"networkConnectionEnabled":true,"locationContextEnabled":false,"warnings":{},"desired":{"platformName":"android","app":"/Users/kyialbekn/IdeaProjects/AppiumDemo/src/test/resources/ApiDemos-debug.apk","automationName":"UIAutomator2","deviceName":"Pixel2","newCommandTimeout":600},"platformName":"android","app":"/Users/kyialbekn/IdeaProjects/AppiumDemo/src/test/resources/ApiDemos-debug.apk","automationName":"UIAutomator2","deviceName":"emulator-5554","newCommandTimeout":600,"deviceUDID":"emulator-5554","appPackage":"io.appium.android.apis","deviceApiLevel":28,"platformVersion":"9","deviceScreenSize":"1080x1920","deviceScreenDensity":420,"deviceModel":"AOSP on IA Emulator","deviceManufacturer":"Google","pixelRatio":2.625,"statBarHeight":63,"viewportRect":{"left":0,"top":63,"width":1080,"height":1731}}
&amp#27;[35m[HTTP]&amp#27;[39m &amp#27;[37m<-- GET /wd/hub/session/5c8338d3-b1d4-44c6-9beb-8485fce8dd3a &amp#27;[39m&amp#27;[32m200&amp#27;[39m &amp#27;[90m8 ms - 936&amp#27;[39m
&amp#27;[35m[HTTP]&amp#27;[39m &amp#27;[90m&amp#27;[39m
&amp#27;[35m[HTTP]&amp#27;[39m &amp#27;[37m-->&amp#27;[39m &amp#27;[37mGET&amp#27;[39m &amp#27;[37m/wd/hub/session/5c8338d3-b1d4-44c6-9beb-8485fce8dd3a&amp#27;[39m
&amp#27;[35m[HTTP]&amp#27;[39m &amp#27;[90m{}&amp#27;[39m
[debug] &amp#27;[35m[W3C (5c8338d3)]&amp#27;[39m Calling AppiumDriver.getSession() with args: ["5c8338d3-b1d4-44c6-9beb-8485fce8dd3a"]
[debug] &amp#27;[35m[UiAutomator2]&amp#27;[39m Getting session details from server to mix in
[debug] &amp#27;[35m[WD Proxy]&amp#27;[39m Matched '/' to command name 'getSession'
[debug] &amp#27;[35m[WD Proxy]&amp#27;[39m Proxying [GET /] to [GET http://127.0.0.1:8201/wd/hub/session/31c37c75-123c-4f9d-a1b3-bce446752436] with body: {}
[debug] &amp#27;[35m[WD Proxy]&amp#27;[39m Got response with status 200: {"sessionId":"31c37c75-123c-4f9d-a1b3-bce446752436","value":{}}
[debug] &amp#27;[35m[W3C (5c8338d3)]&amp#27;[39m Responding to client with driver.getSession() result: {"platform":"LINUX","webStorageEnabled":false,"takesScreenshot":true,"javascriptEnabled":true,"databaseEnabled":false,"networkConnectionEnabled":true,"locationContextEnabled":false,"warnings":{},"desired":{"platformName":"android","app":"/Users/kyialbekn/IdeaProjects/AppiumDemo/src/test/resources/ApiDemos-debug.apk","automationName":"UIAutomator2","deviceName":"Pixel2","newCommandTimeout":600},"platformName":"android","app":"/Users/kyialbekn/IdeaProjects/AppiumDemo/src/test/resources/ApiDemos-debug.apk","automationName":"UIAutomator2","deviceName":"emulator-5554","newCommandTimeout":600,"deviceUDID":"emulator-5554","appPackage":"io.appium.android.apis","deviceApiLevel":28,"platformVersion":"9","deviceScreenSize":"1080x1920","deviceScreenDensity":420,"deviceModel":"AOSP on IA Emulator","deviceManufacturer":"Google","pixelRatio":2.625,"statBarHeight":63,"viewportRect":{"left":0,"top":63,"width":1080,"height":1731}}
&amp#27;[35m[HTTP]&amp#27;[39m &amp#27;[37m<-- GET /wd/hub/session/5c8338d3-b1d4-44c6-9beb-8485fce8dd3a &amp#27;[39m&amp#27;[32m200&amp#27;[39m &amp#27;[90m7 ms - 936&amp#27;[39m
&amp#27;[35m[HTTP]&amp#27;[39m &amp#27;[90m&amp#27;[39m
&amp#27;[35m[HTTP]&amp#27;[39m &amp#27;[37m-->&amp#27;[39m &amp#27;[37mPOST&amp#27;[39m &amp#27;[37m/wd/hub/session/5c8338d3-b1d4-44c6-9beb-8485fce8dd3a/timeouts&amp#27;[39m
&amp#27;[35m[HTTP]&amp#27;[39m &amp#27;[90m{"implicit":5000}&amp#27;[39m
[debug] &amp#27;[35m[W3C (5c8338d3)]&amp#27;[39m Calling AppiumDriver.timeouts() with args: [null,null,null,null,5000,"5c8338d3-b1d4-44c6-9beb-8485fce8dd3a"]
[debug] &amp#27;[35m[BaseDriver]&amp#27;[39m W3C timeout argument: {"implicit":5000}}
[debug] &amp#27;[35m[BaseDriver]&amp#27;[39m Set implicit wait to 5000ms
[debug] &amp#27;[35m[W3C (5c8338d3)]&amp#27;[39m Responding to client with driver.timeouts() result: null
&amp#27;[35m[HTTP]&amp#27;[39m &amp#27;[37m<-- POST /wd/hub/session/5c8338d3-b1d4-44c6-9beb-8485fce8dd3a/timeouts &amp#27;[39m&amp#27;[32m200&amp#27;[39m &amp#27;[90m4 ms - 14&amp#27;[39m
&amp#27;[35m[HTTP]&amp#27;[39m &amp#27;[90m&amp#27;[39m
&amp#27;[35m[HTTP]&amp#27;[39m &amp#27;[37m-->&amp#27;[39m &amp#27;[37mPOST&amp#27;[39m &amp#27;[37m/wd/hub/session/5c8338d3-b1d4-44c6-9beb-8485fce8dd3a/element&amp#27;[39m
&amp#27;[35m[HTTP]&amp#27;[39m &amp#27;[90m{"using":"xpath","value":"//android.widget.TextView[@text='Preference']"}&amp#27;[39m
[debug] &amp#27;[35m[W3C (5c8338d3)]&amp#27;[39m Calling AppiumDriver.findElement() with args: ["xpath","//android.widget.TextView[@text='Preference']","5c8338d3-b1d4-44c6-9beb-8485fce8dd3a"]
[debug] &amp#27;[35m[BaseDriver]&amp#27;[39m Valid locator strategies for this request: xpath, id, class name, accessibility id, -android uiautomator
[debug] &amp#27;[35m[BaseDriver]&amp#27;[39m Waiting up to 5000 ms for condition
[debug] &amp#27;[35m[WD Proxy]&amp#27;[39m Matched '/element' to command name 'findElement'
[debug] &amp#27;[35m[WD Proxy]&amp#27;[39m Proxying [POST /element] to [POST http://127.0.0.1:8201/wd/hub/session/31c37c75-123c-4f9d-a1b3-bce446752436/element] with body: {"strategy":"xpath","selector":"//android.widget.TextView[@text='Preference']","context":"","multiple":false}
[debug] &amp#27;[35m[WD Proxy]&amp#27;[39m Got response with status 200: {"sessionId":"31c37c75-123c-4f9d-a1b3-bce446752436","value":{"ELEMENT":"65ca02b1-8e58-4dd3-b7cd-9b951dadf0ca","element-6066-11e4-a52e-4f735466cecf":"65ca02b1-8e58-4dd3-b7cd-9b951dadf0ca"}}
[debug] &amp#27;[35m[W3C (5c8338d3)]&amp#27;[39m Responding to client with driver.findElement() result: {"element-6066-11e4-a52e-4f735466cecf":"65ca02b1-8e58-4dd3-b7cd-9b951dadf0ca","ELEMENT":"65ca02b1-8e58-4dd3-b7cd-9b951dadf0ca"}
&amp#27;[35m[HTTP]&amp#27;[39m &amp#27;[37m<-- POST /wd/hub/session/5c8338d3-b1d4-44c6-9beb-8485fce8dd3a/element &amp#27;[39m&amp#27;[32m200&amp#27;[39m &amp#27;[90m662 ms - 137&amp#27;[39m
&amp#27;[35m[HTTP]&amp#27;[39m &amp#27;[90m&amp#27;[39m
&amp#27;[35m[HTTP]&amp#27;[39m &amp#27;[37m-->&amp#27;[39m &amp#27;[37mPOST&amp#27;[39m &amp#27;[37m/wd/hub/session/5c8338d3-b1d4-44c6-9beb-8485fce8dd3a/element/65ca02b1-8e58-4dd3-b7cd-9b951dadf0ca/click&amp#27;[39m
&amp#27;[35m[HTTP]&amp#27;[39m &amp#27;[90m{"id":"65ca02b1-8e58-4dd3-b7cd-9b951dadf0ca"}&amp#27;[39m
[debug] &amp#27;[35m[W3C (5c8338d3)]&amp#27;[39m Calling AppiumDriver.click() with args: ["65ca02b1-8e58-4dd3-b7cd-9b951dadf0ca","5c8338d3-b1d4-44c6-9beb-8485fce8dd3a"]
[debug] &amp#27;[35m[WD Proxy]&amp#27;[39m Matched '/element/65ca02b1-8e58-4dd3-b7cd-9b951dadf0ca/click' to command name 'click'
[debug] &amp#27;[35m[WD Proxy]&amp#27;[39m Proxying [POST /element/65ca02b1-8e58-4dd3-b7cd-9b951dadf0ca/click] to [POST http://127.0.0.1:8201/wd/hub/session/31c37c75-123c-4f9d-a1b3-bce446752436/element/65ca02b1-8e58-4dd3-b7cd-9b951dadf0ca/click] with body: {"element":"65ca02b1-8e58-4dd3-b7cd-9b951dadf0ca"}
[debug] &amp#27;[35m[WD Proxy]&amp#27;[39m Got response with status 200: {"sessionId":"31c37c75-123c-4f9d-a1b3-bce446752436","value":null}
[debug] &amp#27;[35m[W3C (5c8338d3)]&amp#27;[39m Responding to client with driver.click() result: null
&amp#27;[35m[HTTP]&amp#27;[39m &amp#27;[37m<-- POST /wd/hub/session/5c8338d3-b1d4-44c6-9beb-8485fce8dd3a/element/65ca02b1-8e58-4dd3-b7cd-9b951dadf0ca/click &amp#27;[39m&amp#27;[32m200&amp#27;[39m &amp#27;[90m1177 ms - 14&amp#27;[39m
&amp#27;[35m[HTTP]&amp#27;[39m &amp#27;[90m&amp#27;[39m
&amp#27;[35m[HTTP]&amp#27;[39m &amp#27;[37m-->&amp#27;[39m &amp#27;[37mPOST&amp#27;[39m &amp#27;[37m/wd/hub/session/5c8338d3-b1d4-44c6-9beb-8485fce8dd3a/element&amp#27;[39m
&amp#27;[35m[HTTP]&amp#27;[39m &amp#27;[90m{"using":"xpath","value":"//android.widget.TextView[@text='3. Preference dependencies']"}&amp#27;[39m
[debug] &amp#27;[35m[W3C (5c8338d3)]&amp#27;[39m Calling AppiumDriver.findElement() with args: ["xpath","//android.widget.TextView[@text='3. Preference dependencies']","5c8338d3-b1d4-44c6-9beb-8485fce8dd3a"]
[debug] &amp#27;[35m[BaseDriver]&amp#27;[39m Valid locator strategies for this request: xpath, id, class name, accessibility id, -android uiautomator
[debug] &amp#27;[35m[BaseDriver]&amp#27;[39m Waiting up to 5000 ms for condition
[debug] &amp#27;[35m[WD Proxy]&amp#27;[39m Matched '/element' to command name 'findElement'
[debug] &amp#27;[35m[WD Proxy]&amp#27;[39m Proxying [POST /element] to [POST http://127.0.0.1:8201/wd/hub/session/31c37c75-123c-4f9d-a1b3-bce446752436/element] with body: {"strategy":"xpath","selector":"//android.widget.TextView[@text='3. Preference dependencies']","context":"","multiple":false}
[debug] &amp#27;[35m[WD Proxy]&amp#27;[39m Got response with status 200: {"sessionId":"31c37c75-123c-4f9d-a1b3-bce446752436","value":{"ELEMENT":"a813a370-7a82-4375-8af5-aaff321c2d86","element-6066-11e4-a52e-4f735466cecf":"a813a370-7a82-4375-8af5-aaff321c2d86"}}
[debug] &amp#27;[35m[W3C (5c8338d3)]&amp#27;[39m Responding to client with driver.findElement() result: {"element-6066-11e4-a52e-4f735466cecf":"a813a370-7a82-4375-8af5-aaff321c2d86","ELEMENT":"a813a370-7a82-4375-8af5-aaff321c2d86"}
&amp#27;[35m[HTTP]&amp#27;[39m &amp#27;[37m<-- POST /wd/hub/session/5c8338d3-b1d4-44c6-9beb-8485fce8dd3a/element &amp#27;[39m&amp#27;[32m200&amp#27;[39m &amp#27;[90m151 ms - 137&amp#27;[39m
&amp#27;[35m[HTTP]&amp#27;[39m &amp#27;[90m&amp#27;[39m
&amp#27;[35m[HTTP]&amp#27;[39m &amp#27;[37m-->&amp#27;[39m &amp#27;[37mPOST&amp#27;[39m &amp#27;[37m/wd/hub/session/5c8338d3-b1d4-44c6-9beb-8485fce8dd3a/element/a813a370-7a82-4375-8af5-aaff321c2d86/click&amp#27;[39m
&amp#27;[35m[HTTP]&amp#27;[39m &amp#27;[90m{"id":"a813a370-7a82-4375-8af5-aaff321c2d86"}&amp#27;[39m
[debug] &amp#27;[35m[W3C (5c8338d3)]&amp#27;[39m Calling AppiumDriver.click() with args: ["a813a370-7a82-4375-8af5-aaff321c2d86","5c8338d3-b1d4-44c6-9beb-8485fce8dd3a"]
[debug] &amp#27;[35m[WD Proxy]&amp#27;[39m Matched '/element/a813a370-7a82-4375-8af5-aaff321c2d86/click' to command name 'click'
[debug] &amp#27;[35m[WD Proxy]&amp#27;[39m Proxying [POST /element/a813a370-7a82-4375-8af5-aaff321c2d86/click] to [POST http://127.0.0.1:8201/wd/hub/session/31c37c75-123c-4f9d-a1b3-bce446752436/element/a813a370-7a82-4375-8af5-aaff321c2d86/click] with body: {"element":"a813a370-7a82-4375-8af5-aaff321c2d86"}
[debug] &amp#27;[35m[WD Proxy]&amp#27;[39m Got response with status 200: {"sessionId":"31c37c75-123c-4f9d-a1b3-bce446752436","value":null}
[debug] &amp#27;[35m[W3C (5c8338d3)]&amp#27;[39m Responding to client with driver.click() result: null
&amp#27;[35m[HTTP]&amp#27;[39m &amp#27;[37m<-- POST /wd/hub/session/5c8338d3-b1d4-44c6-9beb-8485fce8dd3a/element/a813a370-7a82-4375-8af5-aaff321c2d86/click &amp#27;[39m&amp#27;[32m200&amp#27;[39m &amp#27;[90m915 ms - 14&amp#27;[39m
&amp#27;[35m[HTTP]&amp#27;[39m &amp#27;[90m&amp#27;[39m
&amp#27;[35m[HTTP]&amp#27;[39m &amp#27;[37m-->&amp#27;[39m &amp#27;[37mPOST&amp#27;[39m &amp#27;[37m/wd/hub/session/5c8338d3-b1d4-44c6-9beb-8485fce8dd3a/element&amp#27;[39m
&amp#27;[35m[HTTP]&amp#27;[39m &amp#27;[90m{"using":"id","value":"android:id/checkbox"}&amp#27;[39m
[debug] &amp#27;[35m[W3C (5c8338d3)]&amp#27;[39m Calling AppiumDriver.findElement() with args: ["id","android:id/checkbox","5c8338d3-b1d4-44c6-9beb-8485fce8dd3a"]
[debug] &amp#27;[35m[BaseDriver]&amp#27;[39m Valid locator strategies for this request: xpath, id, class name, accessibility id, -android uiautomator
[debug] &amp#27;[35m[BaseDriver]&amp#27;[39m Waiting up to 5000 ms for condition
[debug] &amp#27;[35m[WD Proxy]&amp#27;[39m Matched '/element' to command name 'findElement'
[debug] &amp#27;[35m[WD Proxy]&amp#27;[39m Proxying [POST /element] to [POST http://127.0.0.1:8201/wd/hub/session/31c37c75-123c-4f9d-a1b3-bce446752436/element] with body: {"strategy":"id","selector":"android:id/checkbox","context":"","multiple":false}
[debug] &amp#27;[35m[WD Proxy]&amp#27;[39m Got response with status 200: {"sessionId":"31c37c75-123c-4f9d-a1b3-bce446752436","value":{"ELEMENT":"4e24ab7e-674b-46cb-934d-001ee24c8b73","element-6066-11e4-a52e-4f735466cecf":"4e24ab7e-674b-46cb-934d-001ee24c8b73"}}
[debug] &amp#27;[35m[W3C (5c8338d3)]&amp#27;[39m Responding to client with driver.findElement() result: {"element-6066-11e4-a52e-4f735466cecf":"4e24ab7e-674b-46cb-934d-001ee24c8b73","ELEMENT":"4e24ab7e-674b-46cb-934d-001ee24c8b73"}
&amp#27;[35m[HTTP]&amp#27;[39m &amp#27;[37m<-- POST /wd/hub/session/5c8338d3-b1d4-44c6-9beb-8485fce8dd3a/element &amp#27;[39m&amp#27;[32m200&amp#27;[39m &amp#27;[90m25 ms - 137&amp#27;[39m
&amp#27;[35m[HTTP]&amp#27;[39m &amp#27;[90m&amp#27;[39m
&amp#27;[35m[HTTP]&amp#27;[39m &amp#27;[37m-->&amp#27;[39m &amp#27;[37mPOST&amp#27;[39m &amp#27;[37m/wd/hub/session/5c8338d3-b1d4-44c6-9beb-8485fce8dd3a/element/4e24ab7e-674b-46cb-934d-001ee24c8b73/click&amp#27;[39m
&amp#27;[35m[HTTP]&amp#27;[39m &amp#27;[90m{"id":"4e24ab7e-674b-46cb-934d-001ee24c8b73"}&amp#27;[39m
[debug] &amp#27;[35m[W3C (5c8338d3)]&amp#27;[39m Calling AppiumDriver.click() with args: ["4e24ab7e-674b-46cb-934d-001ee24c8b73","5c8338d3-b1d4-44c6-9beb-8485fce8dd3a"]
[debug] &amp#27;[35m[WD Proxy]&amp#27;[39m Matched '/element/4e24ab7e-674b-46cb-934d-001ee24c8b73/click' to command name 'click'
[debug] &amp#27;[35m[WD Proxy]&amp#27;[39m Proxying [POST /element/4e24ab7e-674b-46cb-934d-001ee24c8b73/click] to [POST http://127.0.0.1:8201/wd/hub/session/31c37c75-123c-4f9d-a1b3-bce446752436/element/4e24ab7e-674b-46cb-934d-001ee24c8b73/click] with body: {"element":"4e24ab7e-674b-46cb-934d-001ee24c8b73"}
[debug] &amp#27;[35m[WD Proxy]&amp#27;[39m Got response with status 200: {"sessionId":"31c37c75-123c-4f9d-a1b3-bce446752436","value":null}
[debug] &amp#27;[35m[W3C (5c8338d3)]&amp#27;[39m Responding to client with driver.click() result: null
&amp#27;[35m[HTTP]&amp#27;[39m &amp#27;[37m<-- POST /wd/hub/session/5c8338d3-b1d4-44c6-9beb-8485fce8dd3a/element/4e24ab7e-674b-46cb-934d-001ee24c8b73/click &amp#27;[39m&amp#27;[32m200&amp#27;[39m &amp#27;[90m691 ms - 14&amp#27;[39m
&amp#27;[35m[HTTP]&amp#27;[39m &amp#27;[90m&amp#27;[39m
&amp#27;[35m[HTTP]&amp#27;[39m &amp#27;[37m-->&amp#27;[39m &amp#27;[37mPOST&amp#27;[39m &amp#27;[37m/wd/hub/session/5c8338d3-b1d4-44c6-9beb-8485fce8dd3a/element&amp#27;[39m
&amp#27;[35m[HTTP]&amp#27;[39m &amp#27;[90m{"using":"xpath","value":"(//android.widget.RelativeLayout)[2]"}&amp#27;[39m
[debug] &amp#27;[35m[W3C (5c8338d3)]&amp#27;[39m Calling AppiumDriver.findElement() with args: ["xpath","(//android.widget.RelativeLayout)[2]","5c8338d3-b1d4-44c6-9beb-8485fce8dd3a"]
[debug] &amp#27;[35m[BaseDriver]&amp#27;[39m Valid locator strategies for this request: xpath, id, class name, accessibility id, -android uiautomator
[debug] &amp#27;[35m[BaseDriver]&amp#27;[39m Waiting up to 5000 ms for condition
[debug] &amp#27;[35m[WD Proxy]&amp#27;[39m Matched '/element' to command name 'findElement'
[debug] &amp#27;[35m[WD Proxy]&amp#27;[39m Proxying [POST /element] to [POST http://127.0.0.1:8201/wd/hub/session/31c37c75-123c-4f9d-a1b3-bce446752436/element] with body: {"strategy":"xpath","selector":"(//android.widget.RelativeLayout)[2]","context":"","multiple":false}
[debug] &amp#27;[35m[WD Proxy]&amp#27;[39m Got response with status 200: {"sessionId":"31c37c75-123c-4f9d-a1b3-bce446752436","value":{"ELEMENT":"81c79c87-85f9-4b81-b11d-b881cc12b52d","element-6066-11e4-a52e-4f735466cecf":"81c79c87-85f9-4b81-b11d-b881cc12b52d"}}
[debug] &amp#27;[35m[W3C (5c8338d3)]&amp#27;[39m Responding to client with driver.findElement() result: {"element-6066-11e4-a52e-4f735466cecf":"81c79c87-85f9-4b81-b11d-b881cc12b52d","ELEMENT":"81c79c87-85f9-4b81-b11d-b881cc12b52d"}
&amp#27;[35m[HTTP]&amp#27;[39m &amp#27;[37m<-- POST /wd/hub/session/5c8338d3-b1d4-44c6-9beb-8485fce8dd3a/element &amp#27;[39m&amp#27;[32m200&amp#27;[39m &amp#27;[90m92 ms - 137&amp#27;[39m
&amp#27;[35m[HTTP]&amp#27;[39m &amp#27;[90m&amp#27;[39m
&amp#27;[35m[HTTP]&amp#27;[39m &amp#27;[37m-->&amp#27;[39m &amp#27;[37mPOST&amp#27;[39m &amp#27;[37m/wd/hub/session/5c8338d3-b1d4-44c6-9beb-8485fce8dd3a/element/81c79c87-85f9-4b81-b11d-b881cc12b52d/click&amp#27;[39m
&amp#27;[35m[HTTP]&amp#27;[39m &amp#27;[90m{"id":"81c79c87-85f9-4b81-b11d-b881cc12b52d"}&amp#27;[39m
[debug] &amp#27;[35m[W3C (5c8338d3)]&amp#27;[39m Calling AppiumDriver.click() with args: ["81c79c87-85f9-4b81-b11d-b881cc12b52d","5c8338d3-b1d4-44c6-9beb-8485fce8dd3a"]
[debug] &amp#27;[35m[WD Proxy]&amp#27;[39m Matched '/element/81c79c87-85f9-4b81-b11d-b881cc12b52d/click' to command name 'click'
[debug] &amp#27;[35m[WD Proxy]&amp#27;[39m Proxying [POST /element/81c79c87-85f9-4b81-b11d-b881cc12b52d/click] to [POST http://127.0.0.1:8201/wd/hub/session/31c37c75-123c-4f9d-a1b3-bce446752436/element/81c79c87-85f9-4b81-b11d-b881cc12b52d/click] with body: {"element":"81c79c87-85f9-4b81-b11d-b881cc12b52d"}
[debug] &amp#27;[35m[WD Proxy]&amp#27;[39m Got response with status 200: {"sessionId":"31c37c75-123c-4f9d-a1b3-bce446752436","value":null}
[debug] &amp#27;[35m[W3C (5c8338d3)]&amp#27;[39m Responding to client with driver.click() result: null
&amp#27;[35m[HTTP]&amp#27;[39m &amp#27;[37m<-- POST /wd/hub/session/5c8338d3-b1d4-44c6-9beb-8485fce8dd3a/element/81c79c87-85f9-4b81-b11d-b881cc12b52d/click &amp#27;[39m&amp#27;[32m200&amp#27;[39m &amp#27;[90m1114 ms - 14&amp#27;[39m
&amp#27;[35m[HTTP]&amp#27;[39m &amp#27;[90m&amp#27;[39m
&amp#27;[35m[HTTP]&amp#27;[39m &amp#27;[37m-->&amp#27;[39m &amp#27;[37mPOST&amp#27;[39m &amp#27;[37m/wd/hub/session/5c8338d3-b1d4-44c6-9beb-8485fce8dd3a/element&amp#27;[39m
&amp#27;[35m[HTTP]&amp#27;[39m &amp#27;[90m{"using":"class name","value":"android.widget.EditText"}&amp#27;[39m
[debug] &amp#27;[35m[W3C (5c8338d3)]&amp#27;[39m Calling AppiumDriver.findElement() with args: ["class name","android.widget.EditText","5c8338d3-b1d4-44c6-9beb-8485fce8dd3a"]
[debug] &amp#27;[35m[BaseDriver]&amp#27;[39m Valid locator strategies for this request: xpath, id, class name, accessibility id, -android uiautomator
[debug] &amp#27;[35m[BaseDriver]&amp#27;[39m Waiting up to 5000 ms for condition
[debug] &amp#27;[35m[WD Proxy]&amp#27;[39m Matched '/element' to command name 'findElement'
[debug] &amp#27;[35m[WD Proxy]&amp#27;[39m Proxying [POST /element] to [POST http://127.0.0.1:8201/wd/hub/session/31c37c75-123c-4f9d-a1b3-bce446752436/element] with body: {"strategy":"class name","selector":"android.widget.EditText","context":"","multiple":false}
[debug] &amp#27;[35m[WD Proxy]&amp#27;[39m Got response with status 200: {"sessionId":"31c37c75-123c-4f9d-a1b3-bce446752436","value":{"ELEMENT":"7242bd24-d1f3-41d0-9b72-46f16de17e03","element-6066-11e4-a52e-4f735466cecf":"7242bd24-d1f3-41d0-9b72-46f16de17e03"}}
[debug] &amp#27;[35m[W3C (5c8338d3)]&amp#27;[39m Responding to client with driver.findElement() result: {"element-6066-11e4-a52e-4f735466cecf":"7242bd24-d1f3-41d0-9b72-46f16de17e03","ELEMENT":"7242bd24-d1f3-41d0-9b72-46f16de17e03"}
&amp#27;[35m[HTTP]&amp#27;[39m &amp#27;[37m<-- POST /wd/hub/session/5c8338d3-b1d4-44c6-9beb-8485fce8dd3a/element &amp#27;[39m&amp#27;[32m200&amp#27;[39m &amp#27;[90m21 ms - 137&amp#27;[39m
&amp#27;[35m[HTTP]&amp#27;[39m &amp#27;[90m&amp#27;[39m
&amp#27;[35m[HTTP]&amp#27;[39m &amp#27;[37m-->&amp#27;[39m &amp#27;[37mPOST&amp#27;[39m &amp#27;[37m/wd/hub/session/5c8338d3-b1d4-44c6-9beb-8485fce8dd3a/element/7242bd24-d1f3-41d0-9b72-46f16de17e03/value&amp#27;[39m
&amp#27;[35m[HTTP]&amp#27;[39m &amp#27;[90m{"id":"7242bd24-d1f3-41d0-9b72-46f16de17e03","text":"hello","value":["h","e","l","l","o"]}&amp#27;[39m
[debug] &amp#27;[35m[W3C (5c8338d3)]&amp#27;[39m Calling AppiumDriver.setValue() with args: [["h","e","l","l","o"],"7242bd24-d1f3-41d0-9b72-46f16de17e03","5c8338d3-b1d4-44c6-9beb-8485fce8dd3a"]
[debug] &amp#27;[35m[WD Proxy]&amp#27;[39m Matched '/element/7242bd24-d1f3-41d0-9b72-46f16de17e03/value' to command name 'setValue'
[debug] &amp#27;[35m[Protocol Converter]&amp#27;[39m Added 'value' property ["h","e","l","l","o"] to 'setValue' request body
[debug] &amp#27;[35m[WD Proxy]&amp#27;[39m Proxying [POST /element/7242bd24-d1f3-41d0-9b72-46f16de17e03/value] to [POST http://127.0.0.1:8201/wd/hub/session/31c37c75-123c-4f9d-a1b3-bce446752436/element/7242bd24-d1f3-41d0-9b72-46f16de17e03/value] with body: {"elementId":"7242bd24-d1f3-41d0-9b72-46f16de17e03","text":"hello","replace":false,"value":["h","e","l","l","o"]}
[debug] &amp#27;[35m[WD Proxy]&amp#27;[39m Got response with status 200: {"sessionId":"31c37c75-123c-4f9d-a1b3-bce446752436","value":null}
[debug] &amp#27;[35m[W3C (5c8338d3)]&amp#27;[39m Responding to client with driver.setValue() result: null
&amp#27;[35m[HTTP]&amp#27;[39m &amp#27;[37m<-- POST /wd/hub/session/5c8338d3-b1d4-44c6-9beb-8485fce8dd3a/element/7242bd24-d1f3-41d0-9b72-46f16de17e03/value &amp#27;[39m&amp#27;[32m200&amp#27;[39m &amp#27;[90m31 ms - 14&amp#27;[39m
&amp#27;[35m[HTTP]&amp#27;[39m &amp#27;[90m&amp#27;[39m
&amp#27;[35m[HTTP]&amp#27;[39m &amp#27;[37m-->&amp#27;[39m &amp#27;[37mPOST&amp#27;[39m &amp#27;[37m/wd/hub/session/5c8338d3-b1d4-44c6-9beb-8485fce8dd3a/elements&amp#27;[39m
&amp#27;[35m[HTTP]&amp#27;[39m &amp#27;[90m{"using":"class name","value":"android.widget.Button"}&amp#27;[39m
[debug] &amp#27;[35m[W3C (5c8338d3)]&amp#27;[39m Calling AppiumDriver.findElements() with args: ["class name","android.widget.Button","5c8338d3-b1d4-44c6-9beb-8485fce8dd3a"]
[debug] &amp#27;[35m[BaseDriver]&amp#27;[39m Valid locator strategies for this request: xpath, id, class name, accessibility id, -android uiautomator
[debug] &amp#27;[35m[BaseDriver]&amp#27;[39m Waiting up to 5000 ms for condition
[debug] &amp#27;[35m[WD Proxy]&amp#27;[39m Matched '/elements' to command name 'findElements'
[debug] &amp#27;[35m[WD Proxy]&amp#27;[39m Proxying [POST /elements] to [POST http://127.0.0.1:8201/wd/hub/session/31c37c75-123c-4f9d-a1b3-bce446752436/elements] with body: {"strategy":"class name","selector":"android.widget.Button","context":"","multiple":true}
[debug] &amp#27;[35m[WD Proxy]&amp#27;[39m Got response with status 200: {"sessionId":"31c37c75-123c-4f9d-a1b3-bce446752436","value":[{"ELEMENT":"af20bd9f-7bd6-4d61-a929-cfd01fdd96ef","element-6066-11e4-a52e-4f735466cecf":"af20bd9f-7bd6-4d61-a929-cfd01fdd96ef"},{"ELEMENT":"cedd95bf-1c2b-48a0-b6be-eee504ce34f6","element-6066-11e4-a52e-4f735466cecf":"cedd95bf-1c2b-48a0-b6be-eee504ce34f6"}]}
[debug] &amp#27;[35m[W3C (5c8338d3)]&amp#27;[39m Responding to client with driver.findElements() result: [{"element-6066-11e4-a52e-4f735466cecf":"af20bd9f-7bd6-4d61-a929-cfd01fdd96ef","ELEMENT":"af20bd9f-7bd6-4d61-a929-cfd01fdd96ef"},{"element-6066-11e4-a52e-4f735466cecf":"cedd95bf-1c2b-48a0-b6be-eee504ce34f6","ELEMENT":"cedd95bf-1c2b-48a0-b6be-eee504ce34f6"}]
&amp#27;[35m[HTTP]&amp#27;[39m &amp#27;[37m<-- POST /wd/hub/session/5c8338d3-b1d4-44c6-9beb-8485fce8dd3a/elements &amp#27;[39m&amp#27;[32m200&amp#27;[39m &amp#27;[90m604 ms - 267&amp#27;[39m
&amp#27;[35m[HTTP]&amp#27;[39m &amp#27;[90m&amp#27;[39m
&amp#27;[35m[HTTP]&amp#27;[39m &amp#27;[37m-->&amp#27;[39m &amp#27;[37mPOST&amp#27;[39m &amp#27;[37m/wd/hub/session/5c8338d3-b1d4-44c6-9beb-8485fce8dd3a/element/cedd95bf-1c2b-48a0-b6be-eee504ce34f6/click&amp#27;[39m
&amp#27;[35m[HTTP]&amp#27;[39m &amp#27;[90m{"id":"cedd95bf-1c2b-48a0-b6be-eee504ce34f6"}&amp#27;[39m
[debug] &amp#27;[35m[W3C (5c8338d3)]&amp#27;[39m Calling AppiumDriver.click() with args: ["cedd95bf-1c2b-48a0-b6be-eee504ce34f6","5c8338d3-b1d4-44c6-9beb-8485fce8dd3a"]
[debug] &amp#27;[35m[WD Proxy]&amp#27;[39m Matched '/element/cedd95bf-1c2b-48a0-b6be-eee504ce34f6/click' to command name 'click'
[debug] &amp#27;[35m[WD Proxy]&amp#27;[39m Proxying [POST /element/cedd95bf-1c2b-48a0-b6be-eee504ce34f6/click] to [POST http://127.0.0.1:8201/wd/hub/session/31c37c75-123c-4f9d-a1b3-bce446752436/element/cedd95bf-1c2b-48a0-b6be-eee504ce34f6/click] with body: {"element":"cedd95bf-1c2b-48a0-b6be-eee504ce34f6"}
[debug] &amp#27;[35m[WD Proxy]&amp#27;[39m Got response with status 200: {"sessionId":"31c37c75-123c-4f9d-a1b3-bce446752436","value":null}
[debug] &amp#27;[35m[W3C (5c8338d3)]&amp#27;[39m Responding to client with driver.click() result: null
&amp#27;[35m[HTTP]&amp#27;[39m &amp#27;[37m<-- POST /wd/hub/session/5c8338d3-b1d4-44c6-9beb-8485fce8dd3a/element/cedd95bf-1c2b-48a0-b6be-eee504ce34f6/click &amp#27;[39m&amp#27;[32m200&amp#27;[39m &amp#27;[90m51 ms - 14&amp#27;[39m
&amp#27;[35m[HTTP]&amp#27;[39m &amp#27;[90m&amp#27;[39m
]]></system-out>
    <system-err><![CDATA[Aug 27, 2020 8:35:33 PM io.appium.java_client.remote.AppiumCommandExecutor$1 lambda$0
INFO: Detected dialect: W3C
]]></system-err>
  </testcase>
  <testcase name="apiDemo[12345](2)" classname="ApiDemos" time="28.507">
    <system-out><![CDATA[&amp#27;[35m[Appium]&amp#27;[39m Welcome to Appium v1.17.1
&amp#27;[35m[HTTP]&amp#27;[39m Could not start REST http interface listener. The requested port may already be in use. Please make sure there is no other instance of this server running already.
Fatal Error: listen EADDRINUSE: address already in use 0.0.0.0:4723
    at Server.setupListenHandle [as _listen2] (net.js:1313:16)
    at listenInCluster (net.js:1361:12)
    at doListen (net.js:1498:7)
    at processTicksAndRejections (internal/process/task_queues.js:85:21)
&amp#27;[35m[HTTP]&amp#27;[39m &amp#27;[37m-->&amp#27;[39m &amp#27;[37mGET&amp#27;[39m &amp#27;[37m/wd/hub/status&amp#27;[39m
&amp#27;[35m[HTTP]&amp#27;[39m &amp#27;[90m{}&amp#27;[39m
[debug] &amp#27;[35m[GENERIC]&amp#27;[39m Calling AppiumDriver.getStatus() with args: []
[debug] &amp#27;[35m[GENERIC]&amp#27;[39m Responding to client with driver.getStatus() result: {"build":{"version":"1.17.1"}}
&amp#27;[35m[HTTP]&amp#27;[39m &amp#27;[37m<-- GET /wd/hub/status &amp#27;[39m&amp#27;[32m200&amp#27;[39m &amp#27;[90m1 ms - 68&amp#27;[39m
&amp#27;[35m[HTTP]&amp#27;[39m &amp#27;[90m&amp#27;[39m
&amp#27;[35m[Appium]&amp#27;[39m Welcome to Appium v1.17.1
&amp#27;[35m[HTTP]&amp#27;[39m Could not start REST http interface listener. The requested port may already be in use. Please make sure there is no other instance of this server running already.
Fatal Error: listen EADDRINUSE: address already in use 0.0.0.0:4723
    at Server.setupListenHandle [as _listen2] (net.js:1313:16)
    at listenInCluster (net.js:1361:12)
    at doListen (net.js:1498:7)
    at processTicksAndRejections (internal/process/task_queues.js:85:21)
&amp#27;[35m[HTTP]&amp#27;[39m &amp#27;[37m-->&amp#27;[39m &amp#27;[37mGET&amp#27;[39m &amp#27;[37m/wd/hub/status&amp#27;[39m
&amp#27;[35m[HTTP]&amp#27;[39m &amp#27;[90m{}&amp#27;[39m
[debug] &amp#27;[35m[GENERIC]&amp#27;[39m Calling AppiumDriver.getStatus() with args: []
[debug] &amp#27;[35m[GENERIC]&amp#27;[39m Responding to client with driver.getStatus() result: {"build":{"version":"1.17.1"}}
&amp#27;[35m[HTTP]&amp#27;[39m &amp#27;[37m<-- GET /wd/hub/status &amp#27;[39m&amp#27;[32m200&amp#27;[39m &amp#27;[90m1 ms - 68&amp#27;[39m
&amp#27;[35m[HTTP]&amp#27;[39m &amp#27;[90m&amp#27;[39m
&amp#27;[35m[HTTP]&amp#27;[39m &amp#27;[37m-->&amp#27;[39m &amp#27;[37mPOST&amp#27;[39m &amp#27;[37m/wd/hub/session&amp#27;[39m
&amp#27;[35m[HTTP]&amp#27;[39m &amp#27;[90m{"desiredCapabilities":{"app":"/Users/kyialbekn/IdeaProjects/AppiumDemo/src/test/resources/ApiDemos-debug.apk","automationName":"UIAutomator2","platformName":"Android","deviceName":"Pixel2","newCommandTimeout":600},"capabilities":{"firstMatch":[{"appium:app":"/Users/kyialbekn/IdeaProjects/AppiumDemo/src/test/resources/ApiDemos-debug.apk","appium:automationName":"UIAutomator2","appium:deviceName":"Pixel2","appium:newCommandTimeout":600,"platformName":"android"}]}}&amp#27;[39m
[debug] &amp#27;[35m[W3C]&amp#27;[39m Calling AppiumDriver.createSession() with args: [{"app":"/Users/kyialbekn/IdeaProjects/AppiumDemo/src/test/resources/ApiDemos-debug.apk","automationName":"UIAutomator2","platformName":"Android","deviceName":"Pixel2","newCommandTimeout":600},null,{"firstMatch":[{"appium:app":"/Users/kyialbekn/IdeaProjects/AppiumDemo/src/test/resources/ApiDemos-debug.apk","appium:automationName":"UIAutomator2","appium:deviceName":"Pixel2","appium:newCommandTimeout":600,"platformName":"android"}]}]
[debug] &amp#27;[35m[BaseDriver]&amp#27;[39m Event 'newSessionRequested' logged at 1598578555165 (20:35:55 GMT-0500 (Central Daylight Time))
&amp#27;[35m[Appium]&amp#27;[39m Appium v1.17.1 creating new AndroidUiautomator2Driver (v1.44.2) session
[debug] &amp#27;[35m[BaseDriver]&amp#27;[39m W3C capabilities and MJSONWP desired capabilities were provided
[debug] &amp#27;[35m[BaseDriver]&amp#27;[39m Creating session with W3C capabilities: {
[debug] &amp#27;[35m[BaseDriver]&amp#27;[39m   "alwaysMatch": {
[debug] &amp#27;[35m[BaseDriver]&amp#27;[39m     "platformName": "android",
[debug] &amp#27;[35m[BaseDriver]&amp#27;[39m     "appium:app": "/Users/kyialbekn/IdeaProjects/AppiumDemo/src/test/resources/ApiDemos-debug.apk",
[debug] &amp#27;[35m[BaseDriver]&amp#27;[39m     "appium:automationName": "UIAutomator2",
[debug] &amp#27;[35m[BaseDriver]&amp#27;[39m     "appium:deviceName": "Pixel2",
[debug] &amp#27;[35m[BaseDriver]&amp#27;[39m     "appium:newCommandTimeout": 600
[debug] &amp#27;[35m[BaseDriver]&amp#27;[39m   },
[debug] &amp#27;[35m[BaseDriver]&amp#27;[39m   "firstMatch": [
[debug] &amp#27;[35m[BaseDriver]&amp#27;[39m     {}
[debug] &amp#27;[35m[BaseDriver]&amp#27;[39m   ]
[debug] &amp#27;[35m[BaseDriver]&amp#27;[39m }
&amp#27;[35m[BaseDriver]&amp#27;[39m Session created with session id: 9d46968d-eb78-4d67-9e3f-aec2a476caeb
&amp#27;[35m[BaseDriver]&amp#27;[39m Using local app '/Users/kyialbekn/IdeaProjects/AppiumDemo/src/test/resources/ApiDemos-debug.apk'
[debug] &amp#27;[35m[UiAutomator2]&amp#27;[39m Checking whether app is actually present
&amp#27;[35m[ADB]&amp#27;[39m Using 'adb' from '/Users/kyialbekn/Library/Android/sdk/platform-tools/adb'
&amp#27;[35m[AndroidDriver]&amp#27;[39m Retrieving device list
[debug] &amp#27;[35m[ADB]&amp#27;[39m Trying to find a connected android device
[debug] &amp#27;[35m[ADB]&amp#27;[39m Getting connected devices...
[debug] &amp#27;[35m[ADB]&amp#27;[39m Connected devices: [{"udid":"emulator-5554","state":"device"}]
&amp#27;[35m[AndroidDriver]&amp#27;[39m Using device: emulator-5554
&amp#27;[35m[ADB]&amp#27;[39m Using 'adb' from '/Users/kyialbekn/Library/Android/sdk/platform-tools/adb'
[debug] &amp#27;[35m[ADB]&amp#27;[39m Setting device id to emulator-5554
[debug] &amp#27;[35m[ADB]&amp#27;[39m Running '/Users/kyialbekn/Library/Android/sdk/platform-tools/adb -P 5037 -s emulator-5554 shell getprop ro.build.version.sdk'
[debug] &amp#27;[35m[ADB]&amp#27;[39m Current device property 'ro.build.version.sdk': 28
&amp#27;[35m[ADB]&amp#27;[39m Getting device platform version
[debug] &amp#27;[35m[ADB]&amp#27;[39m Running '/Users/kyialbekn/Library/Android/sdk/platform-tools/adb -P 5037 -s emulator-5554 shell getprop ro.build.version.release'
[debug] &amp#27;[35m[ADB]&amp#27;[39m Current device property 'ro.build.version.release': 9
[debug] &amp#27;[35m[ADB]&amp#27;[39m Device API level: 28
&amp#27;[35m[UiAutomator2]&amp#27;[39m Relaxing hidden api policy
[debug] &amp#27;[35m[ADB]&amp#27;[39m Running '/Users/kyialbekn/Library/Android/sdk/platform-tools/adb -P 5037 -s emulator-5554 shell settings put global hidden_api_policy_pre_p_apps 1'
[debug] &amp#27;[35m[ADB]&amp#27;[39m Running '/Users/kyialbekn/Library/Android/sdk/platform-tools/adb -P 5037 -s emulator-5554 shell settings put global hidden_api_policy_p_apps 1'
[debug] &amp#27;[35m[ADB]&amp#27;[39m Running '/Users/kyialbekn/Library/Android/sdk/platform-tools/adb -P 5037 -s emulator-5554 shell settings put global hidden_api_policy 1'
[debug] &amp#27;[35m[AndroidDriver]&amp#27;[39m Parsing package and activity from app manifest
&amp#27;[35m[ADB]&amp#27;[39m Package name: 'io.appium.android.apis'
&amp#27;[35m[ADB]&amp#27;[39m Main activity name: 'ApiDemos'
[debug] &amp#27;[35m[AndroidDriver]&amp#27;[39m Parsed package and activity are: io.appium.android.apis/ApiDemos
[debug] &amp#27;[35m[ADB]&amp#27;[39m Running '/Users/kyialbekn/Library/Android/sdk/platform-tools/adb -P 5037 -s emulator-5554 wait-for-device'
[debug] &amp#27;[35m[ADB]&amp#27;[39m Running '/Users/kyialbekn/Library/Android/sdk/platform-tools/adb -P 5037 -s emulator-5554 shell echo ping'
[debug] &amp#27;[35m[AndroidDriver]&amp#27;[39m Pushing settings apk to device...
[debug] &amp#27;[35m[ADB]&amp#27;[39m Getting install status for io.appium.settings
[debug] &amp#27;[35m[ADB]&amp#27;[39m Running '/Users/kyialbekn/Library/Android/sdk/platform-tools/adb -P 5037 -s emulator-5554 shell dumpsys package io.appium.settings'
[debug] &amp#27;[35m[ADB]&amp#27;[39m 'io.appium.settings' is installed
[debug] &amp#27;[35m[ADB]&amp#27;[39m Getting package info for 'io.appium.settings'
[debug] &amp#27;[35m[ADB]&amp#27;[39m Running '/Users/kyialbekn/Library/Android/sdk/platform-tools/adb -P 5037 -s emulator-5554 shell dumpsys package io.appium.settings'
[debug] &amp#27;[35m[ADB]&amp#27;[39m The version name of the installed 'io.appium.settings' is greater or equal to the application version name ('3.1.0' >= '3.1.0')
[debug] &amp#27;[35m[ADB]&amp#27;[39m There is no need to install/upgrade '/usr/local/lib/node_modules/appium/node_modules/io.appium.settings/apks/settings_apk-debug.apk'
[debug] &amp#27;[35m[ADB]&amp#27;[39m Getting IDs of all 'io.appium.settings' processes
[debug] &amp#27;[35m[ADB]&amp#27;[39m Running '/Users/kyialbekn/Library/Android/sdk/platform-tools/adb -P 5037 -s emulator-5554 shell 'pgrep --help; echo $?''
[debug] &amp#27;[35m[ADB]&amp#27;[39m Running '/Users/kyialbekn/Library/Android/sdk/platform-tools/adb -P 5037 -s emulator-5554 shell pgrep -f io\\.appium\\.settings'
[debug] &amp#27;[35m[AndroidDriver]&amp#27;[39m io.appium.settings is already running. There is no need to reset its permissions.
[debug] &amp#27;[35m[ADB]&amp#27;[39m Running '/Users/kyialbekn/Library/Android/sdk/platform-tools/adb -P 5037 -s emulator-5554 shell appops set io.appium.settings android\:mock_location allow'
[debug] &amp#27;[35m[Logcat]&amp#27;[39m Starting logcat capture
[debug] &amp#27;[35m[UiAutomator2]&amp#27;[39m Forwarding UiAutomator2 Server port 6790 to 8202
[debug] &amp#27;[35m[ADB]&amp#27;[39m Forwarding system: 8202 to device: 6790
[debug] &amp#27;[35m[ADB]&amp#27;[39m Running '/Users/kyialbekn/Library/Android/sdk/platform-tools/adb -P 5037 -s emulator-5554 forward tcp\:8202 tcp\:6790'
[debug] &amp#27;[35m[ADB]&amp#27;[39m Getting install status for io.appium.uiautomator2.server
[debug] &amp#27;[35m[ADB]&amp#27;[39m Running '/Users/kyialbekn/Library/Android/sdk/platform-tools/adb -P 5037 -s emulator-5554 shell dumpsys package io.appium.uiautomator2.server'
[debug] &amp#27;[35m[ADB]&amp#27;[39m 'io.appium.uiautomator2.server' is installed
[debug] &amp#27;[35m[ADB]&amp#27;[39m Getting package info for 'io.appium.uiautomator2.server'
[debug] &amp#27;[35m[ADB]&amp#27;[39m Running '/Users/kyialbekn/Library/Android/sdk/platform-tools/adb -P 5037 -s emulator-5554 shell dumpsys package io.appium.uiautomator2.server'
[debug] &amp#27;[35m[ADB]&amp#27;[39m The version name of the installed 'io.appium.uiautomator2.server' is greater or equal to the application version name ('4.5.5' >= '4.5.5')
[debug] &amp#27;[35m[UiAutomator2]&amp#27;[39m io.appium.uiautomator2.server installation state: sameVersionInstalled
[debug] &amp#27;[35m[ADB]&amp#27;[39m Checking app cert for /usr/local/lib/node_modules/appium/node_modules/appium-uiautomator2-server/apks/appium-uiautomator2-server-v4.5.5.apk
&amp#27;[35m[ADB]&amp#27;[39m Using 'apksigner.jar' from '/Users/kyialbekn/Library/Android/sdk/build-tools/30.0.2/lib/apksigner.jar'
[debug] &amp#27;[35m[ADB]&amp#27;[39m Starting apksigner: /Library/Java/JavaVirtualMachines/jdk1.8.0_251.jdk/Contents/Home/bin/java -Xmx1024M -Xss1m -jar /Users/kyialbekn/Library/Android/sdk/build-tools/30.0.2/lib/apksigner.jar verify --print-certs /usr/local/lib/node_modules/appium/node_modules/appium-uiautomator2-server/apks/appium-uiautomator2-server-v4.5.5.apk
[debug] &amp#27;[35m[ADB]&amp#27;[39m apksigner stdout: Signer #1 certificate DN: EMAILADDRESS=android@android.com, CN=Android, OU=Android, O=Android, L=Mountain View, ST=California, C=US
[debug] &amp#27;[35m[ADB]&amp#27;[39m Signer #1 certificate SHA-256 digest: a40da80a59d170caa950cf15c18c454d47a39b26989d8b640ecd745ba71bf5dc
[debug] &amp#27;[35m[ADB]&amp#27;[39m Signer #1 certificate SHA-1 digest: 61ed377e85d386a8dfee6b864bd85b0bfaa5af81
[debug] &amp#27;[35m[ADB]&amp#27;[39m Signer #1 certificate MD5 digest: e89b158e4bcf988ebd09eb83f5378e87
[debug] &amp#27;[35m[ADB]&amp#27;[39m 
[debug] &amp#27;[35m[ADB]&amp#27;[39m '/usr/local/lib/node_modules/appium/node_modules/appium-uiautomator2-server/apks/appium-uiautomator2-server-v4.5.5.apk' is signed with the default certificate
[debug] &amp#27;[35m[ADB]&amp#27;[39m Getting install status for io.appium.uiautomator2.server.test
[debug] &amp#27;[35m[ADB]&amp#27;[39m Running '/Users/kyialbekn/Library/Android/sdk/platform-tools/adb -P 5037 -s emulator-5554 shell dumpsys package io.appium.uiautomator2.server.test'
[debug] &amp#27;[35m[ADB]&amp#27;[39m 'io.appium.uiautomator2.server.test' is installed
[debug] &amp#27;[35m[ADB]&amp#27;[39m Checking app cert for /usr/local/lib/node_modules/appium/node_modules/appium-uiautomator2-server/apks/appium-uiautomator2-server-debug-androidTest.apk
[debug] &amp#27;[35m[ADB]&amp#27;[39m Starting apksigner: /Library/Java/JavaVirtualMachines/jdk1.8.0_251.jdk/Contents/Home/bin/java -Xmx1024M -Xss1m -jar /Users/kyialbekn/Library/Android/sdk/build-tools/30.0.2/lib/apksigner.jar verify --print-certs /usr/local/lib/node_modules/appium/node_modules/appium-uiautomator2-server/apks/appium-uiautomator2-server-debug-androidTest.apk
[debug] &amp#27;[35m[ADB]&amp#27;[39m apksigner stdout: Signer #1 certificate DN: EMAILADDRESS=android@android.com, CN=Android, OU=Android, O=Android, L=Mountain View, ST=California, C=US
[debug] &amp#27;[35m[ADB]&amp#27;[39m Signer #1 certificate SHA-256 digest: a40da80a59d170caa950cf15c18c454d47a39b26989d8b640ecd745ba71bf5dc
[debug] &amp#27;[35m[ADB]&amp#27;[39m Signer #1 certificate SHA-1 digest: 61ed377e85d386a8dfee6b864bd85b0bfaa5af81
[debug] &amp#27;[35m[ADB]&amp#27;[39m Signer #1 certificate MD5 digest: e89b158e4bcf988ebd09eb83f5378e87
[debug] &amp#27;[35m[ADB]&amp#27;[39m 
[debug] &amp#27;[35m[ADB]&amp#27;[39m '/usr/local/lib/node_modules/appium/node_modules/appium-uiautomator2-server/apks/appium-uiautomator2-server-debug-androidTest.apk' is signed with the default certificate
&amp#27;[35m[UiAutomator2]&amp#27;[39m Server packages are not going to be (re)installed
[debug] &amp#27;[35m[UiAutomator2]&amp#27;[39m Waiting up to 30000ms for services to be available
[debug] &amp#27;[35m[ADB]&amp#27;[39m Running '/Users/kyialbekn/Library/Android/sdk/platform-tools/adb -P 5037 -s emulator-5554 shell pm list instrumentation'
[debug] &amp#27;[35m[UiAutomator2]&amp#27;[39m Instrumentation target 'io.appium.uiautomator2.server.test/androidx.test.runner.AndroidJUnitRunner' is available
[debug] &amp#27;[35m[ADB]&amp#27;[39m Checking app cert for /Users/kyialbekn/IdeaProjects/AppiumDemo/src/test/resources/ApiDemos-debug.apk
[debug] &amp#27;[35m[ADB]&amp#27;[39m Starting apksigner: /Library/Java/JavaVirtualMachines/jdk1.8.0_251.jdk/Contents/Home/bin/java -Xmx1024M -Xss1m -jar /Users/kyialbekn/Library/Android/sdk/build-tools/30.0.2/lib/apksigner.jar verify --print-certs /Users/kyialbekn/IdeaProjects/AppiumDemo/src/test/resources/ApiDemos-debug.apk
[debug] &amp#27;[35m[ADB]&amp#27;[39m apksigner stdout: Signer #1 certificate DN: EMAILADDRESS=android@android.com, CN=Android, OU=Android, O=Android, L=Mountain View, ST=California, C=US
[debug] &amp#27;[35m[ADB]&amp#27;[39m Signer #1 certificate SHA-256 digest: a40da80a59d170caa950cf15c18c454d47a39b26989d8b640ecd745ba71bf5dc
[debug] &amp#27;[35m[ADB]&amp#27;[39m Signer #1 certificate SHA-1 digest: 61ed377e85d386a8dfee6b864bd85b0bfaa5af81
[debug] &amp#27;[35m[ADB]&amp#27;[39m Signer #1 certificate MD5 digest: e89b158e4bcf988ebd09eb83f5378e87
[debug] &amp#27;[35m[ADB]&amp#27;[39m 
[debug] &amp#27;[35m[ADB]&amp#27;[39m '/Users/kyialbekn/IdeaProjects/AppiumDemo/src/test/resources/ApiDemos-debug.apk' is signed with the default certificate
[debug] &amp#27;[35m[ADB]&amp#27;[39m Getting install status for io.appium.android.apis
[debug] &amp#27;[35m[ADB]&amp#27;[39m Running '/Users/kyialbekn/Library/Android/sdk/platform-tools/adb -P 5037 -s emulator-5554 shell dumpsys package io.appium.android.apis'
[debug] &amp#27;[35m[ADB]&amp#27;[39m 'io.appium.android.apis' is installed
[debug] &amp#27;[35m[ADB]&amp#27;[39m Getting package info for 'io.appium.android.apis'
[debug] &amp#27;[35m[ADB]&amp#27;[39m Running '/Users/kyialbekn/Library/Android/sdk/platform-tools/adb -P 5037 -s emulator-5554 shell dumpsys package io.appium.android.apis'
&amp#27;[35m[ADB]&amp#27;[39m Cannot read version codes of '/Users/kyialbekn/IdeaProjects/AppiumDemo/src/test/resources/ApiDemos-debug.apk' and/or 'io.appium.android.apis'
&amp#27;[35m[ADB]&amp#27;[39m Cannot read version names of '/Users/kyialbekn/IdeaProjects/AppiumDemo/src/test/resources/ApiDemos-debug.apk' and/or 'io.appium.android.apis'
[debug] &amp#27;[35m[ADB]&amp#27;[39m The current install state of '/Users/kyialbekn/IdeaProjects/AppiumDemo/src/test/resources/ApiDemos-debug.apk' is unknown. Installing anyway
[debug] &amp#27;[35m[ADB]&amp#27;[39m Running '/Users/kyialbekn/Library/Android/sdk/platform-tools/adb -P 5037 -s emulator-5554 features'
&amp#27;[35m[ADB]&amp#27;[39m The application at '/Users/kyialbekn/IdeaProjects/AppiumDemo/src/test/resources/ApiDemos-debug.apk' will not be cached, because the device under test has confirmed the support of streamed installs
[debug] &amp#27;[35m[ADB]&amp#27;[39m Running '/Users/kyialbekn/Library/Android/sdk/platform-tools/adb -P 5037 -s emulator-5554 install -r /Users/kyialbekn/IdeaProjects/AppiumDemo/src/test/resources/ApiDemos-debug.apk'
&amp#27;[35m[ADB]&amp#27;[39m The installation of 'ApiDemos-debug.apk' took 554ms
[debug] &amp#27;[35m[ADB]&amp#27;[39m Install command stdout: Performing Streamed Install
[debug] &amp#27;[35m[ADB]&amp#27;[39m Success
&amp#27;[35m[AndroidDriver]&amp#27;[39m Performing fast reset on 'io.appium.android.apis'
[debug] &amp#27;[35m[ADB]&amp#27;[39m Getting install status for io.appium.android.apis
[debug] &amp#27;[35m[ADB]&amp#27;[39m Running '/Users/kyialbekn/Library/Android/sdk/platform-tools/adb -P 5037 -s emulator-5554 shell dumpsys package io.appium.android.apis'
[debug] &amp#27;[35m[ADB]&amp#27;[39m 'io.appium.android.apis' is installed
[debug] &amp#27;[35m[ADB]&amp#27;[39m Running '/Users/kyialbekn/Library/Android/sdk/platform-tools/adb -P 5037 -s emulator-5554 shell am force-stop io.appium.android.apis'
[debug] &amp#27;[35m[ADB]&amp#27;[39m Running '/Users/kyialbekn/Library/Android/sdk/platform-tools/adb -P 5037 -s emulator-5554 shell pm clear io.appium.android.apis'
[debug] &amp#27;[35m[AndroidDriver]&amp#27;[39m Performed fast reset on the installed 'io.appium.android.apis' application (stop and clear)
[debug] &amp#27;[35m[UiAutomator2]&amp#27;[39m Performing shallow cleanup of automation leftovers
[debug] &amp#27;[35m[UiAutomator2]&amp#27;[39m The following obsolete sessions are still running: ["31c37c75-123c-4f9d-a1b3-bce446752436"]
[debug] &amp#27;[35m[UiAutomator2]&amp#27;[39m Cleaning up the obsolete sessions
[debug] &amp#27;[35m[Instrumentation]&amp#27;[39m .
[debug] &amp#27;[35m[ADB]&amp#27;[39m Running '/Users/kyialbekn/Library/Android/sdk/platform-tools/adb -P 5037 -s emulator-5554 shell am force-stop io.appium.uiautomator2.server.test'
&amp#27;[35m[UiAutomator2]&amp#27;[39m Starting UIAutomator2 server 4.5.5
&amp#27;[35m[UiAutomator2]&amp#27;[39m Using UIAutomator2 server from '/usr/local/lib/node_modules/appium/node_modules/appium-uiautomator2-server/apks/appium-uiautomator2-server-v4.5.5.apk' and test from '/usr/local/lib/node_modules/appium/node_modules/appium-uiautomator2-server/apks/appium-uiautomator2-server-debug-androidTest.apk'
&amp#27;[35m[UiAutomator2]&amp#27;[39m Waiting up to 30000ms for UiAutomator2 to be online...
[debug] &amp#27;[35m[ADB]&amp#27;[39m Creating ADB subprocess with args: ["-P",5037,"-s","emulator-5554","shell","am","instrument","-w","io.appium.uiautomator2.server.test/androidx.test.runner.AndroidJUnitRunner"]
[debug] &amp#27;[35m[Instrumentation]&amp#27;[39m INSTRUMENTATION_RESULT: shortMsg=Process crashed.
[debug] &amp#27;[35m[Instrumentation]&amp#27;[39m INSTRUMENTATION_CODE: 0
[debug] &amp#27;[35m[Instrumentation]&amp#27;[39m The process has exited with code 0
[debug] &amp#27;[35m[Instrumentation]&amp#27;[39m io.appium.uiautomator2.server.test.AppiumUiAutomator2Server:
[debug] &amp#27;[35m[WD Proxy]&amp#27;[39m Matched '/status' to command name 'getStatus'
[debug] &amp#27;[35m[WD Proxy]&amp#27;[39m Proxying [GET /status] to [GET http://127.0.0.1:8202/wd/hub/status] with no body
&amp#27;[35m[WD Proxy]&amp#27;[39m Got response with unknown status: {"code":"ECONNRESET"}
[debug] &amp#27;[35m[WD Proxy]&amp#27;[39m Matched '/status' to command name 'getStatus'
[debug] &amp#27;[35m[WD Proxy]&amp#27;[39m Proxying [GET /status] to [GET http://127.0.0.1:8202/wd/hub/status] with no body
[debug] &amp#27;[35m[WD Proxy]&amp#27;[39m Got response with status 200: {"sessionId":"None","value":{"ready":true,"message":"UiAutomator2 Server is ready to accept commands"}}
[debug] &amp#27;[35m[UiAutomator2]&amp#27;[39m The initialization of the instrumentation process took 2091ms
[debug] &amp#27;[35m[WD Proxy]&amp#27;[39m Matched '/session' to command name 'createSession'
[debug] &amp#27;[35m[WD Proxy]&amp#27;[39m Proxying [POST /session] to [POST http://127.0.0.1:8202/wd/hub/session] with body: {"capabilities":{"firstMatch":[{"platform":"LINUX","webStorageEnabled":false,"takesScreenshot":true,"javascriptEnabled":true,"databaseEnabled":false,"networkConnectionEnabled":true,"locationContextEnabled":false,"warnings":{},"desired":{"platformName":"android","app":"/Users/kyialbekn/IdeaProjects/AppiumDemo/src/test/resources/ApiDemos-debug.apk","automationName":"UIAutomator2","deviceName":"Pixel2","newCommandTimeout":600},"platformName":"android","app":"/Users/kyialbekn/IdeaProjects/AppiumDemo/src/test/resources/ApiDemos-debug.apk","automationName":"UIAutomator2","deviceName":"emulator-5554","newCommandTimeout":600,"deviceUDID":"emulator-5554","appPackage":"io.appium.android.apis"}],"alwaysMatch":{}}}
[debug] &amp#27;[35m[WD Proxy]&amp#27;[39m Got response with status 200: {"sessionId":"d9d380e6-18d3-4c43-a2aa-1f3c8ce5f625","value":{"sessionId":"d9d380e6-18d3-4c43-a2aa-1f3c8ce5f625","capabilities":{"firstMatch":[{"platform":"LINUX","webStorageEnabled":false,"takesScreenshot":true,"javascriptEnabled":true,"databaseEnabled":false,"networkConnectionEnabled":true,"locationContextEnabled":false,"warnings":{},"desired":{"platformName":"android","app":"/Users/kyialbekn/IdeaProjects/AppiumDemo/src/test/resources/ApiDemos-debug.apk","automationName":"UIAutomator2","deviceName":"Pixel2","newCommandTimeout":600},"platformName":"android","app":"/Users/kyialbekn/IdeaProjects/AppiumDemo/src/test/resources/ApiDemos-debug.apk","automationName":"UIAutomator2","deviceName":"emulator-5554","newCommandTimeout":600,"deviceUDID":"emulator-5554","appPackage":"io.appium.android.apis"}],"alwaysMatch":{}}}}
&amp#27;[35m[WD Proxy]&amp#27;[39m Determined the downstream protocol as 'W3C'
[debug] &amp#27;[35m[WD Proxy]&amp#27;[39m Proxying [GET /appium/device/info] to [GET http://127.0.0.1:8202/wd/hub/session/d9d380e6-18d3-4c43-a2aa-1f3c8ce5f625/appium/device/info] with no body
[debug] &amp#27;[35m[WD Proxy]&amp#27;[39m Got response with status 200: {"sessionId":"d9d380e6-18d3-4c43-a2aa-1f3c8ce5f625","value":{"androidId":"17deb2603187413a","manufacturer":"Google","model":"AOSP on IA Emulator","brand":"google","apiVersion":"28","platformVersion":"9","carrierName":"Android","realDisplaySize":"1080x1920","displayDensity":420,"networks":[{"type":0,"typeName":"MOBILE","subtype":13,"subtypeName":"LTE","isConnected":true,"detailedState":"CONNECTED","state":"CONNECTED","extraInfo":"epc.tmobile.com","isAvailable":true,"isFailover":false,"isRoaming":false,"capabilities":{"transportTypes":"TRANSPORT_CELLULAR","networkCapabilities":"NET_CAPABILITY_MMS,NET_CAPABILITY_SUPL,NET_CAPABILITY_DUN,NET_CAPABILITY_FOTA,NET_CAPABILITY_IMS,NET_CAPABILITY_CBS,NET_CAPABILITY_IA,NET_CAPABILITY_INTERNET,NET_CAPABILITY_NOT_RESTRICTED,NET_CAPABILITY_TRUSTED,NET_CAPABILITY_NOT_VPN,NET_CAPABILITY_VALIDATED,NET_CAPABILITY_NOT_ROAMING,NET_CAPABILITY_NOT_CONGESTED,NET_CAPABILITY_NOT_SUSPENDED","linkUpstreamBandwidthKbps":51200,"linkDownBandwidthKbps":102400,"signalStrength":-2147483648...
[debug] &amp#27;[35m[ADB]&amp#27;[39m Running '/Users/kyialbekn/Library/Android/sdk/platform-tools/adb -P 5037 -s emulator-5554 shell dumpsys window'
&amp#27;[35m[AndroidDriver]&amp#27;[39m Screen already unlocked, doing nothing
&amp#27;[35m[UiAutomator2]&amp#27;[39m Starting 'io.appium.android.apis/ApiDemos and waiting for 'io.appium.android.apis/ApiDemos'
[debug] &amp#27;[35m[ADB]&amp#27;[39m Running '/Users/kyialbekn/Library/Android/sdk/platform-tools/adb -P 5037 -s emulator-5554 shell am start -W -n io.appium.android.apis/ApiDemos -S -a android.intent.action.MAIN -c android.intent.category.LAUNCHER -f 0x10200000'
[debug] &amp#27;[35m[ADB]&amp#27;[39m We tried to start an activity that doesn't exist, retrying with '.ApiDemos' activity name
[debug] &amp#27;[35m[ADB]&amp#27;[39m Running '/Users/kyialbekn/Library/Android/sdk/platform-tools/adb -P 5037 -s emulator-5554 shell am start -W -n io.appium.android.apis/.ApiDemos -S -a android.intent.action.MAIN -c android.intent.category.LAUNCHER -f 0x10200000'
[debug] &amp#27;[35m[ADB]&amp#27;[39m Waiting up to 20000ms for activity matching pkg: 'io.appium.android.apis' and activity: 'ApiDemos' to be focused
[debug] &amp#27;[35m[ADB]&amp#27;[39m Possible activities, to be checked: 'ApiDemos', 'io.appium.android.apis.ApiDemos'
[debug] &amp#27;[35m[ADB]&amp#27;[39m Getting focused package and activity
[debug] &amp#27;[35m[ADB]&amp#27;[39m Running '/Users/kyialbekn/Library/Android/sdk/platform-tools/adb -P 5037 -s emulator-5554 shell dumpsys window windows'
[debug] &amp#27;[35m[ADB]&amp#27;[39m Found package: 'io.appium.android.apis' and fully qualified activity name : 'io.appium.android.apis.ApiDemos'
[debug] &amp#27;[35m[WD Proxy]&amp#27;[39m Proxying [GET /appium/device/pixel_ratio] to [GET http://127.0.0.1:8202/wd/hub/session/d9d380e6-18d3-4c43-a2aa-1f3c8ce5f625/appium/device/pixel_ratio] with body: {}
[debug] &amp#27;[35m[WD Proxy]&amp#27;[39m Got response with status 200: {"sessionId":"d9d380e6-18d3-4c43-a2aa-1f3c8ce5f625","value":2.625}
[debug] &amp#27;[35m[WD Proxy]&amp#27;[39m Matched '/appium/device/system_bars' to command name 'getSystemBars'
[debug] &amp#27;[35m[WD Proxy]&amp#27;[39m Proxying [GET /appium/device/system_bars] to [GET http://127.0.0.1:8202/wd/hub/session/d9d380e6-18d3-4c43-a2aa-1f3c8ce5f625/appium/device/system_bars] with body: {}
[debug] &amp#27;[35m[WD Proxy]&amp#27;[39m Got response with status 200: {"sessionId":"d9d380e6-18d3-4c43-a2aa-1f3c8ce5f625","value":{"statusBar":63}}
[debug] &amp#27;[35m[WD Proxy]&amp#27;[39m Matched '/window/current/size' to command name 'getWindowSize'
[debug] &amp#27;[35m[WD Proxy]&amp#27;[39m Proxying [GET /window/current/size] to [GET http://127.0.0.1:8202/wd/hub/session/d9d380e6-18d3-4c43-a2aa-1f3c8ce5f625/window/current/size] with body: {}
[debug] &amp#27;[35m[WD Proxy]&amp#27;[39m Got response with status 200: {"sessionId":"d9d380e6-18d3-4c43-a2aa-1f3c8ce5f625","value":{"height":1794,"width":1080}}
&amp#27;[35m[Appium]&amp#27;[39m New AndroidUiautomator2Driver session created successfully, session 9d46968d-eb78-4d67-9e3f-aec2a476caeb added to master session list
[debug] &amp#27;[35m[BaseDriver]&amp#27;[39m Event 'newSessionStarted' logged at 1598578562081 (20:36:02 GMT-0500 (Central Daylight Time))
[debug] &amp#27;[35m[W3C (9d46968d)]&amp#27;[39m Cached the protocol value 'W3C' for the new session 9d46968d-eb78-4d67-9e3f-aec2a476caeb
[debug] &amp#27;[35m[W3C (9d46968d)]&amp#27;[39m Responding to client with driver.createSession() result: {"capabilities":{"platform":"LINUX","webStorageEnabled":false,"takesScreenshot":true,"javascriptEnabled":true,"databaseEnabled":false,"networkConnectionEnabled":true,"locationContextEnabled":false,"warnings":{},"desired":{"platformName":"android","app":"/Users/kyialbekn/IdeaProjects/AppiumDemo/src/test/resources/ApiDemos-debug.apk","automationName":"UIAutomator2","deviceName":"Pixel2","newCommandTimeout":600},"platformName":"android","app":"/Users/kyialbekn/IdeaProjects/AppiumDemo/src/test/resources/ApiDemos-debug.apk","automationName":"UIAutomator2","deviceName":"emulator-5554","newCommandTimeout":600,"deviceUDID":"emulator-5554","appPackage":"io.appium.android.apis","deviceApiLevel":28,"platformVersion":"9","deviceScreenSize":"1080x1920","deviceScreenDensity":420,"deviceModel":"AOSP on IA Emulator","deviceManufacturer":"Google","pixelRatio":2.625,"statBarHeight":63,"viewportRect":{"left":0,"top":63,"width":1080,"height":1731}}}
&amp#27;[35m[HTTP]&amp#27;[39m &amp#27;[37m<-- POST /wd/hub/session &amp#27;[39m&amp#27;[32m200&amp#27;[39m &amp#27;[90m6917 ms - 1004&amp#27;[39m
&amp#27;[35m[HTTP]&amp#27;[39m &amp#27;[90m&amp#27;[39m
&amp#27;[35m[HTTP]&amp#27;[39m &amp#27;[37m-->&amp#27;[39m &amp#27;[37mGET&amp#27;[39m &amp#27;[37m/wd/hub/session/9d46968d-eb78-4d67-9e3f-aec2a476caeb&amp#27;[39m
&amp#27;[35m[HTTP]&amp#27;[39m &amp#27;[90m{}&amp#27;[39m
[debug] &amp#27;[35m[W3C (9d46968d)]&amp#27;[39m Calling AppiumDriver.getSession() with args: ["9d46968d-eb78-4d67-9e3f-aec2a476caeb"]
[debug] &amp#27;[35m[UiAutomator2]&amp#27;[39m Getting session details from server to mix in
[debug] &amp#27;[35m[WD Proxy]&amp#27;[39m Matched '/' to command name 'getSession'
[debug] &amp#27;[35m[WD Proxy]&amp#27;[39m Proxying [GET /] to [GET http://127.0.0.1:8202/wd/hub/session/d9d380e6-18d3-4c43-a2aa-1f3c8ce5f625] with body: {}
[debug] &amp#27;[35m[WD Proxy]&amp#27;[39m Got response with status 200: {"sessionId":"d9d380e6-18d3-4c43-a2aa-1f3c8ce5f625","value":{}}
[debug] &amp#27;[35m[W3C (9d46968d)]&amp#27;[39m Responding to client with driver.getSession() result: {"platform":"LINUX","webStorageEnabled":false,"takesScreenshot":true,"javascriptEnabled":true,"databaseEnabled":false,"networkConnectionEnabled":true,"locationContextEnabled":false,"warnings":{},"desired":{"platformName":"android","app":"/Users/kyialbekn/IdeaProjects/AppiumDemo/src/test/resources/ApiDemos-debug.apk","automationName":"UIAutomator2","deviceName":"Pixel2","newCommandTimeout":600},"platformName":"android","app":"/Users/kyialbekn/IdeaProjects/AppiumDemo/src/test/resources/ApiDemos-debug.apk","automationName":"UIAutomator2","deviceName":"emulator-5554","newCommandTimeout":600,"deviceUDID":"emulator-5554","appPackage":"io.appium.android.apis","deviceApiLevel":28,"platformVersion":"9","deviceScreenSize":"1080x1920","deviceScreenDensity":420,"deviceModel":"AOSP on IA Emulator","deviceManufacturer":"Google","pixelRatio":2.625,"statBarHeight":63,"viewportRect":{"left":0,"top":63,"width":1080,"height":1731}}
&amp#27;[35m[HTTP]&amp#27;[39m &amp#27;[37m<-- GET /wd/hub/session/9d46968d-eb78-4d67-9e3f-aec2a476caeb &amp#27;[39m&amp#27;[32m200&amp#27;[39m &amp#27;[90m8 ms - 936&amp#27;[39m
&amp#27;[35m[HTTP]&amp#27;[39m &amp#27;[90m&amp#27;[39m
&amp#27;[35m[HTTP]&amp#27;[39m &amp#27;[37m-->&amp#27;[39m &amp#27;[37mGET&amp#27;[39m &amp#27;[37m/wd/hub/session/9d46968d-eb78-4d67-9e3f-aec2a476caeb&amp#27;[39m
&amp#27;[35m[HTTP]&amp#27;[39m &amp#27;[90m{}&amp#27;[39m
[debug] &amp#27;[35m[W3C (9d46968d)]&amp#27;[39m Calling AppiumDriver.getSession() with args: ["9d46968d-eb78-4d67-9e3f-aec2a476caeb"]
[debug] &amp#27;[35m[UiAutomator2]&amp#27;[39m Getting session details from server to mix in
[debug] &amp#27;[35m[WD Proxy]&amp#27;[39m Matched '/' to command name 'getSession'
[debug] &amp#27;[35m[WD Proxy]&amp#27;[39m Proxying [GET /] to [GET http://127.0.0.1:8202/wd/hub/session/d9d380e6-18d3-4c43-a2aa-1f3c8ce5f625] with body: {}
[debug] &amp#27;[35m[WD Proxy]&amp#27;[39m Got response with status 200: {"sessionId":"d9d380e6-18d3-4c43-a2aa-1f3c8ce5f625","value":{}}
[debug] &amp#27;[35m[W3C (9d46968d)]&amp#27;[39m Responding to client with driver.getSession() result: {"platform":"LINUX","webStorageEnabled":false,"takesScreenshot":true,"javascriptEnabled":true,"databaseEnabled":false,"networkConnectionEnabled":true,"locationContextEnabled":false,"warnings":{},"desired":{"platformName":"android","app":"/Users/kyialbekn/IdeaProjects/AppiumDemo/src/test/resources/ApiDemos-debug.apk","automationName":"UIAutomator2","deviceName":"Pixel2","newCommandTimeout":600},"platformName":"android","app":"/Users/kyialbekn/IdeaProjects/AppiumDemo/src/test/resources/ApiDemos-debug.apk","automationName":"UIAutomator2","deviceName":"emulator-5554","newCommandTimeout":600,"deviceUDID":"emulator-5554","appPackage":"io.appium.android.apis","deviceApiLevel":28,"platformVersion":"9","deviceScreenSize":"1080x1920","deviceScreenDensity":420,"deviceModel":"AOSP on IA Emulator","deviceManufacturer":"Google","pixelRatio":2.625,"statBarHeight":63,"viewportRect":{"left":0,"top":63,"width":1080,"height":1731}}
&amp#27;[35m[HTTP]&amp#27;[39m &amp#27;[37m<-- GET /wd/hub/session/9d46968d-eb78-4d67-9e3f-aec2a476caeb &amp#27;[39m&amp#27;[32m200&amp#27;[39m &amp#27;[90m9 ms - 936&amp#27;[39m
&amp#27;[35m[HTTP]&amp#27;[39m &amp#27;[90m&amp#27;[39m
&amp#27;[35m[HTTP]&amp#27;[39m &amp#27;[37m-->&amp#27;[39m &amp#27;[37mPOST&amp#27;[39m &amp#27;[37m/wd/hub/session/9d46968d-eb78-4d67-9e3f-aec2a476caeb/timeouts&amp#27;[39m
&amp#27;[35m[HTTP]&amp#27;[39m &amp#27;[90m{"implicit":5000}&amp#27;[39m
[debug] &amp#27;[35m[W3C (9d46968d)]&amp#27;[39m Calling AppiumDriver.timeouts() with args: [null,null,null,null,5000,"9d46968d-eb78-4d67-9e3f-aec2a476caeb"]
[debug] &amp#27;[35m[BaseDriver]&amp#27;[39m W3C timeout argument: {"implicit":5000}}
[debug] &amp#27;[35m[BaseDriver]&amp#27;[39m Set implicit wait to 5000ms
[debug] &amp#27;[35m[W3C (9d46968d)]&amp#27;[39m Responding to client with driver.timeouts() result: null
&amp#27;[35m[HTTP]&amp#27;[39m &amp#27;[37m<-- POST /wd/hub/session/9d46968d-eb78-4d67-9e3f-aec2a476caeb/timeouts &amp#27;[39m&amp#27;[32m200&amp#27;[39m &amp#27;[90m1 ms - 14&amp#27;[39m
&amp#27;[35m[HTTP]&amp#27;[39m &amp#27;[90m&amp#27;[39m
&amp#27;[35m[HTTP]&amp#27;[39m &amp#27;[37m-->&amp#27;[39m &amp#27;[37mPOST&amp#27;[39m &amp#27;[37m/wd/hub/session/9d46968d-eb78-4d67-9e3f-aec2a476caeb/element&amp#27;[39m
&amp#27;[35m[HTTP]&amp#27;[39m &amp#27;[90m{"using":"xpath","value":"//android.widget.TextView[@text='Preference']"}&amp#27;[39m
[debug] &amp#27;[35m[W3C (9d46968d)]&amp#27;[39m Calling AppiumDriver.findElement() with args: ["xpath","//android.widget.TextView[@text='Preference']","9d46968d-eb78-4d67-9e3f-aec2a476caeb"]
[debug] &amp#27;[35m[BaseDriver]&amp#27;[39m Valid locator strategies for this request: xpath, id, class name, accessibility id, -android uiautomator
[debug] &amp#27;[35m[BaseDriver]&amp#27;[39m Waiting up to 5000 ms for condition
[debug] &amp#27;[35m[WD Proxy]&amp#27;[39m Matched '/element' to command name 'findElement'
[debug] &amp#27;[35m[WD Proxy]&amp#27;[39m Proxying [POST /element] to [POST http://127.0.0.1:8202/wd/hub/session/d9d380e6-18d3-4c43-a2aa-1f3c8ce5f625/element] with body: {"strategy":"xpath","selector":"//android.widget.TextView[@text='Preference']","context":"","multiple":false}
[debug] &amp#27;[35m[WD Proxy]&amp#27;[39m Got response with status 200: {"sessionId":"d9d380e6-18d3-4c43-a2aa-1f3c8ce5f625","value":{"ELEMENT":"4973fbb3-cd74-4370-a1d1-126399b98aa4","element-6066-11e4-a52e-4f735466cecf":"4973fbb3-cd74-4370-a1d1-126399b98aa4"}}
[debug] &amp#27;[35m[W3C (9d46968d)]&amp#27;[39m Responding to client with driver.findElement() result: {"element-6066-11e4-a52e-4f735466cecf":"4973fbb3-cd74-4370-a1d1-126399b98aa4","ELEMENT":"4973fbb3-cd74-4370-a1d1-126399b98aa4"}
&amp#27;[35m[HTTP]&amp#27;[39m &amp#27;[37m<-- POST /wd/hub/session/9d46968d-eb78-4d67-9e3f-aec2a476caeb/element &amp#27;[39m&amp#27;[32m200&amp#27;[39m &amp#27;[90m609 ms - 137&amp#27;[39m
&amp#27;[35m[HTTP]&amp#27;[39m &amp#27;[90m&amp#27;[39m
&amp#27;[35m[HTTP]&amp#27;[39m &amp#27;[37m-->&amp#27;[39m &amp#27;[37mPOST&amp#27;[39m &amp#27;[37m/wd/hub/session/9d46968d-eb78-4d67-9e3f-aec2a476caeb/element/4973fbb3-cd74-4370-a1d1-126399b98aa4/click&amp#27;[39m
&amp#27;[35m[HTTP]&amp#27;[39m &amp#27;[90m{"id":"4973fbb3-cd74-4370-a1d1-126399b98aa4"}&amp#27;[39m
[debug] &amp#27;[35m[W3C (9d46968d)]&amp#27;[39m Calling AppiumDriver.click() with args: ["4973fbb3-cd74-4370-a1d1-126399b98aa4","9d46968d-eb78-4d67-9e3f-aec2a476caeb"]
[debug] &amp#27;[35m[WD Proxy]&amp#27;[39m Matched '/element/4973fbb3-cd74-4370-a1d1-126399b98aa4/click' to command name 'click'
[debug] &amp#27;[35m[WD Proxy]&amp#27;[39m Proxying [POST /element/4973fbb3-cd74-4370-a1d1-126399b98aa4/click] to [POST http://127.0.0.1:8202/wd/hub/session/d9d380e6-18d3-4c43-a2aa-1f3c8ce5f625/element/4973fbb3-cd74-4370-a1d1-126399b98aa4/click] with body: {"element":"4973fbb3-cd74-4370-a1d1-126399b98aa4"}
[debug] &amp#27;[35m[WD Proxy]&amp#27;[39m Got response with status 200: {"sessionId":"d9d380e6-18d3-4c43-a2aa-1f3c8ce5f625","value":null}
[debug] &amp#27;[35m[W3C (9d46968d)]&amp#27;[39m Responding to client with driver.click() result: null
&amp#27;[35m[HTTP]&amp#27;[39m &amp#27;[37m<-- POST /wd/hub/session/9d46968d-eb78-4d67-9e3f-aec2a476caeb/element/4973fbb3-cd74-4370-a1d1-126399b98aa4/click &amp#27;[39m&amp#27;[32m200&amp#27;[39m &amp#27;[90m957 ms - 14&amp#27;[39m
&amp#27;[35m[HTTP]&amp#27;[39m &amp#27;[90m&amp#27;[39m
&amp#27;[35m[HTTP]&amp#27;[39m &amp#27;[37m-->&amp#27;[39m &amp#27;[37mPOST&amp#27;[39m &amp#27;[37m/wd/hub/session/9d46968d-eb78-4d67-9e3f-aec2a476caeb/element&amp#27;[39m
&amp#27;[35m[HTTP]&amp#27;[39m &amp#27;[90m{"using":"xpath","value":"//android.widget.TextView[@text='3. Preference dependencies']"}&amp#27;[39m
[debug] &amp#27;[35m[W3C (9d46968d)]&amp#27;[39m Calling AppiumDriver.findElement() with args: ["xpath","//android.widget.TextView[@text='3. Preference dependencies']","9d46968d-eb78-4d67-9e3f-aec2a476caeb"]
[debug] &amp#27;[35m[BaseDriver]&amp#27;[39m Valid locator strategies for this request: xpath, id, class name, accessibility id, -android uiautomator
[debug] &amp#27;[35m[BaseDriver]&amp#27;[39m Waiting up to 5000 ms for condition
[debug] &amp#27;[35m[WD Proxy]&amp#27;[39m Matched '/element' to command name 'findElement'
[debug] &amp#27;[35m[WD Proxy]&amp#27;[39m Proxying [POST /element] to [POST http://127.0.0.1:8202/wd/hub/session/d9d380e6-18d3-4c43-a2aa-1f3c8ce5f625/element] with body: {"strategy":"xpath","selector":"//android.widget.TextView[@text='3. Preference dependencies']","context":"","multiple":false}
[debug] &amp#27;[35m[WD Proxy]&amp#27;[39m Got response with status 200: {"sessionId":"d9d380e6-18d3-4c43-a2aa-1f3c8ce5f625","value":{"ELEMENT":"6416ba46-bbc6-41eb-9e1c-aaf82f82a854","element-6066-11e4-a52e-4f735466cecf":"6416ba46-bbc6-41eb-9e1c-aaf82f82a854"}}
[debug] &amp#27;[35m[W3C (9d46968d)]&amp#27;[39m Responding to client with driver.findElement() result: {"element-6066-11e4-a52e-4f735466cecf":"6416ba46-bbc6-41eb-9e1c-aaf82f82a854","ELEMENT":"6416ba46-bbc6-41eb-9e1c-aaf82f82a854"}
&amp#27;[35m[HTTP]&amp#27;[39m &amp#27;[37m<-- POST /wd/hub/session/9d46968d-eb78-4d67-9e3f-aec2a476caeb/element &amp#27;[39m&amp#27;[32m200&amp#27;[39m &amp#27;[90m197 ms - 137&amp#27;[39m
&amp#27;[35m[HTTP]&amp#27;[39m &amp#27;[90m&amp#27;[39m
&amp#27;[35m[HTTP]&amp#27;[39m &amp#27;[37m-->&amp#27;[39m &amp#27;[37mPOST&amp#27;[39m &amp#27;[37m/wd/hub/session/9d46968d-eb78-4d67-9e3f-aec2a476caeb/element/6416ba46-bbc6-41eb-9e1c-aaf82f82a854/click&amp#27;[39m
&amp#27;[35m[HTTP]&amp#27;[39m &amp#27;[90m{"id":"6416ba46-bbc6-41eb-9e1c-aaf82f82a854"}&amp#27;[39m
[debug] &amp#27;[35m[W3C (9d46968d)]&amp#27;[39m Calling AppiumDriver.click() with args: ["6416ba46-bbc6-41eb-9e1c-aaf82f82a854","9d46968d-eb78-4d67-9e3f-aec2a476caeb"]
[debug] &amp#27;[35m[WD Proxy]&amp#27;[39m Matched '/element/6416ba46-bbc6-41eb-9e1c-aaf82f82a854/click' to command name 'click'
[debug] &amp#27;[35m[WD Proxy]&amp#27;[39m Proxying [POST /element/6416ba46-bbc6-41eb-9e1c-aaf82f82a854/click] to [POST http://127.0.0.1:8202/wd/hub/session/d9d380e6-18d3-4c43-a2aa-1f3c8ce5f625/element/6416ba46-bbc6-41eb-9e1c-aaf82f82a854/click] with body: {"element":"6416ba46-bbc6-41eb-9e1c-aaf82f82a854"}
[debug] &amp#27;[35m[WD Proxy]&amp#27;[39m Got response with status 200: {"sessionId":"d9d380e6-18d3-4c43-a2aa-1f3c8ce5f625","value":null}
[debug] &amp#27;[35m[W3C (9d46968d)]&amp#27;[39m Responding to client with driver.click() result: null
&amp#27;[35m[HTTP]&amp#27;[39m &amp#27;[37m<-- POST /wd/hub/session/9d46968d-eb78-4d67-9e3f-aec2a476caeb/element/6416ba46-bbc6-41eb-9e1c-aaf82f82a854/click &amp#27;[39m&amp#27;[32m200&amp#27;[39m &amp#27;[90m987 ms - 14&amp#27;[39m
&amp#27;[35m[HTTP]&amp#27;[39m &amp#27;[90m&amp#27;[39m
&amp#27;[35m[HTTP]&amp#27;[39m &amp#27;[37m-->&amp#27;[39m &amp#27;[37mPOST&amp#27;[39m &amp#27;[37m/wd/hub/session/9d46968d-eb78-4d67-9e3f-aec2a476caeb/element&amp#27;[39m
&amp#27;[35m[HTTP]&amp#27;[39m &amp#27;[90m{"using":"id","value":"android:id/checkbox"}&amp#27;[39m
[debug] &amp#27;[35m[W3C (9d46968d)]&amp#27;[39m Calling AppiumDriver.findElement() with args: ["id","android:id/checkbox","9d46968d-eb78-4d67-9e3f-aec2a476caeb"]
[debug] &amp#27;[35m[BaseDriver]&amp#27;[39m Valid locator strategies for this request: xpath, id, class name, accessibility id, -android uiautomator
[debug] &amp#27;[35m[BaseDriver]&amp#27;[39m Waiting up to 5000 ms for condition
[debug] &amp#27;[35m[WD Proxy]&amp#27;[39m Matched '/element' to command name 'findElement'
[debug] &amp#27;[35m[WD Proxy]&amp#27;[39m Proxying [POST /element] to [POST http://127.0.0.1:8202/wd/hub/session/d9d380e6-18d3-4c43-a2aa-1f3c8ce5f625/element] with body: {"strategy":"id","selector":"android:id/checkbox","context":"","multiple":false}
[debug] &amp#27;[35m[WD Proxy]&amp#27;[39m Got response with status 200: {"sessionId":"d9d380e6-18d3-4c43-a2aa-1f3c8ce5f625","value":{"ELEMENT":"356c477d-3b2a-427c-b6d0-4dfacc159767","element-6066-11e4-a52e-4f735466cecf":"356c477d-3b2a-427c-b6d0-4dfacc159767"}}
[debug] &amp#27;[35m[W3C (9d46968d)]&amp#27;[39m Responding to client with driver.findElement() result: {"element-6066-11e4-a52e-4f735466cecf":"356c477d-3b2a-427c-b6d0-4dfacc159767","ELEMENT":"356c477d-3b2a-427c-b6d0-4dfacc159767"}
&amp#27;[35m[HTTP]&amp#27;[39m &amp#27;[37m<-- POST /wd/hub/session/9d46968d-eb78-4d67-9e3f-aec2a476caeb/element &amp#27;[39m&amp#27;[32m200&amp#27;[39m &amp#27;[90m39 ms - 137&amp#27;[39m
&amp#27;[35m[HTTP]&amp#27;[39m &amp#27;[90m&amp#27;[39m
&amp#27;[35m[HTTP]&amp#27;[39m &amp#27;[37m-->&amp#27;[39m &amp#27;[37mPOST&amp#27;[39m &amp#27;[37m/wd/hub/session/9d46968d-eb78-4d67-9e3f-aec2a476caeb/element/356c477d-3b2a-427c-b6d0-4dfacc159767/click&amp#27;[39m
&amp#27;[35m[HTTP]&amp#27;[39m &amp#27;[90m{"id":"356c477d-3b2a-427c-b6d0-4dfacc159767"}&amp#27;[39m
[debug] &amp#27;[35m[W3C (9d46968d)]&amp#27;[39m Calling AppiumDriver.click() with args: ["356c477d-3b2a-427c-b6d0-4dfacc159767","9d46968d-eb78-4d67-9e3f-aec2a476caeb"]
[debug] &amp#27;[35m[WD Proxy]&amp#27;[39m Matched '/element/356c477d-3b2a-427c-b6d0-4dfacc159767/click' to command name 'click'
[debug] &amp#27;[35m[WD Proxy]&amp#27;[39m Proxying [POST /element/356c477d-3b2a-427c-b6d0-4dfacc159767/click] to [POST http://127.0.0.1:8202/wd/hub/session/d9d380e6-18d3-4c43-a2aa-1f3c8ce5f625/element/356c477d-3b2a-427c-b6d0-4dfacc159767/click] with body: {"element":"356c477d-3b2a-427c-b6d0-4dfacc159767"}
[debug] &amp#27;[35m[WD Proxy]&amp#27;[39m Got response with status 200: {"sessionId":"d9d380e6-18d3-4c43-a2aa-1f3c8ce5f625","value":null}
[debug] &amp#27;[35m[W3C (9d46968d)]&amp#27;[39m Responding to client with driver.click() result: null
&amp#27;[35m[HTTP]&amp#27;[39m &amp#27;[37m<-- POST /wd/hub/session/9d46968d-eb78-4d67-9e3f-aec2a476caeb/element/356c477d-3b2a-427c-b6d0-4dfacc159767/click &amp#27;[39m&amp#27;[32m200&amp#27;[39m &amp#27;[90m698 ms - 14&amp#27;[39m
&amp#27;[35m[HTTP]&amp#27;[39m &amp#27;[90m&amp#27;[39m
&amp#27;[35m[HTTP]&amp#27;[39m &amp#27;[37m-->&amp#27;[39m &amp#27;[37mPOST&amp#27;[39m &amp#27;[37m/wd/hub/session/9d46968d-eb78-4d67-9e3f-aec2a476caeb/element&amp#27;[39m
&amp#27;[35m[HTTP]&amp#27;[39m &amp#27;[90m{"using":"xpath","value":"(//android.widget.RelativeLayout)[2]"}&amp#27;[39m
[debug] &amp#27;[35m[W3C (9d46968d)]&amp#27;[39m Calling AppiumDriver.findElement() with args: ["xpath","(//android.widget.RelativeLayout)[2]","9d46968d-eb78-4d67-9e3f-aec2a476caeb"]
[debug] &amp#27;[35m[BaseDriver]&amp#27;[39m Valid locator strategies for this request: xpath, id, class name, accessibility id, -android uiautomator
[debug] &amp#27;[35m[BaseDriver]&amp#27;[39m Waiting up to 5000 ms for condition
[debug] &amp#27;[35m[WD Proxy]&amp#27;[39m Matched '/element' to command name 'findElement'
[debug] &amp#27;[35m[WD Proxy]&amp#27;[39m Proxying [POST /element] to [POST http://127.0.0.1:8202/wd/hub/session/d9d380e6-18d3-4c43-a2aa-1f3c8ce5f625/element] with body: {"strategy":"xpath","selector":"(//android.widget.RelativeLayout)[2]","context":"","multiple":false}
[debug] &amp#27;[35m[WD Proxy]&amp#27;[39m Got response with status 200: {"sessionId":"d9d380e6-18d3-4c43-a2aa-1f3c8ce5f625","value":{"ELEMENT":"313df07a-4a19-41d0-9854-1e86986e2178","element-6066-11e4-a52e-4f735466cecf":"313df07a-4a19-41d0-9854-1e86986e2178"}}
[debug] &amp#27;[35m[W3C (9d46968d)]&amp#27;[39m Responding to client with driver.findElement() result: {"element-6066-11e4-a52e-4f735466cecf":"313df07a-4a19-41d0-9854-1e86986e2178","ELEMENT":"313df07a-4a19-41d0-9854-1e86986e2178"}
&amp#27;[35m[HTTP]&amp#27;[39m &amp#27;[37m<-- POST /wd/hub/session/9d46968d-eb78-4d67-9e3f-aec2a476caeb/element &amp#27;[39m&amp#27;[32m200&amp#27;[39m &amp#27;[90m88 ms - 137&amp#27;[39m
&amp#27;[35m[HTTP]&amp#27;[39m &amp#27;[90m&amp#27;[39m
&amp#27;[35m[HTTP]&amp#27;[39m &amp#27;[37m-->&amp#27;[39m &amp#27;[37mPOST&amp#27;[39m &amp#27;[37m/wd/hub/session/9d46968d-eb78-4d67-9e3f-aec2a476caeb/element/313df07a-4a19-41d0-9854-1e86986e2178/click&amp#27;[39m
&amp#27;[35m[HTTP]&amp#27;[39m &amp#27;[90m{"id":"313df07a-4a19-41d0-9854-1e86986e2178"}&amp#27;[39m
[debug] &amp#27;[35m[W3C (9d46968d)]&amp#27;[39m Calling AppiumDriver.click() with args: ["313df07a-4a19-41d0-9854-1e86986e2178","9d46968d-eb78-4d67-9e3f-aec2a476caeb"]
[debug] &amp#27;[35m[WD Proxy]&amp#27;[39m Matched '/element/313df07a-4a19-41d0-9854-1e86986e2178/click' to command name 'click'
[debug] &amp#27;[35m[WD Proxy]&amp#27;[39m Proxying [POST /element/313df07a-4a19-41d0-9854-1e86986e2178/click] to [POST http://127.0.0.1:8202/wd/hub/session/d9d380e6-18d3-4c43-a2aa-1f3c8ce5f625/element/313df07a-4a19-41d0-9854-1e86986e2178/click] with body: {"element":"313df07a-4a19-41d0-9854-1e86986e2178"}
[debug] &amp#27;[35m[WD Proxy]&amp#27;[39m Got response with status 200: {"sessionId":"d9d380e6-18d3-4c43-a2aa-1f3c8ce5f625","value":null}
[debug] &amp#27;[35m[W3C (9d46968d)]&amp#27;[39m Responding to client with driver.click() result: null
&amp#27;[35m[HTTP]&amp#27;[39m &amp#27;[37m<-- POST /wd/hub/session/9d46968d-eb78-4d67-9e3f-aec2a476caeb/element/313df07a-4a19-41d0-9854-1e86986e2178/click &amp#27;[39m&amp#27;[32m200&amp#27;[39m &amp#27;[90m923 ms - 14&amp#27;[39m
&amp#27;[35m[HTTP]&amp#27;[39m &amp#27;[90m&amp#27;[39m
&amp#27;[35m[HTTP]&amp#27;[39m &amp#27;[37m-->&amp#27;[39m &amp#27;[37mPOST&amp#27;[39m &amp#27;[37m/wd/hub/session/9d46968d-eb78-4d67-9e3f-aec2a476caeb/element&amp#27;[39m
&amp#27;[35m[HTTP]&amp#27;[39m &amp#27;[90m{"using":"class name","value":"android.widget.EditText"}&amp#27;[39m
[debug] &amp#27;[35m[W3C (9d46968d)]&amp#27;[39m Calling AppiumDriver.findElement() with args: ["class name","android.widget.EditText","9d46968d-eb78-4d67-9e3f-aec2a476caeb"]
[debug] &amp#27;[35m[BaseDriver]&amp#27;[39m Valid locator strategies for this request: xpath, id, class name, accessibility id, -android uiautomator
[debug] &amp#27;[35m[BaseDriver]&amp#27;[39m Waiting up to 5000 ms for condition
[debug] &amp#27;[35m[WD Proxy]&amp#27;[39m Matched '/element' to command name 'findElement'
[debug] &amp#27;[35m[WD Proxy]&amp#27;[39m Proxying [POST /element] to [POST http://127.0.0.1:8202/wd/hub/session/d9d380e6-18d3-4c43-a2aa-1f3c8ce5f625/element] with body: {"strategy":"class name","selector":"android.widget.EditText","context":"","multiple":false}
[debug] &amp#27;[35m[WD Proxy]&amp#27;[39m Got response with status 200: {"sessionId":"d9d380e6-18d3-4c43-a2aa-1f3c8ce5f625","value":{"ELEMENT":"bf909024-2e3b-4d54-8747-4d31da7f1992","element-6066-11e4-a52e-4f735466cecf":"bf909024-2e3b-4d54-8747-4d31da7f1992"}}
[debug] &amp#27;[35m[W3C (9d46968d)]&amp#27;[39m Responding to client with driver.findElement() result: {"element-6066-11e4-a52e-4f735466cecf":"bf909024-2e3b-4d54-8747-4d31da7f1992","ELEMENT":"bf909024-2e3b-4d54-8747-4d31da7f1992"}
&amp#27;[35m[HTTP]&amp#27;[39m &amp#27;[37m<-- POST /wd/hub/session/9d46968d-eb78-4d67-9e3f-aec2a476caeb/element &amp#27;[39m&amp#27;[32m200&amp#27;[39m &amp#27;[90m22 ms - 137&amp#27;[39m
&amp#27;[35m[HTTP]&amp#27;[39m &amp#27;[90m&amp#27;[39m
&amp#27;[35m[HTTP]&amp#27;[39m &amp#27;[37m-->&amp#27;[39m &amp#27;[37mPOST&amp#27;[39m &amp#27;[37m/wd/hub/session/9d46968d-eb78-4d67-9e3f-aec2a476caeb/element/bf909024-2e3b-4d54-8747-4d31da7f1992/value&amp#27;[39m
&amp#27;[35m[HTTP]&amp#27;[39m &amp#27;[90m{"id":"bf909024-2e3b-4d54-8747-4d31da7f1992","text":"12345","value":["1","2","3","4","5"]}&amp#27;[39m
[debug] &amp#27;[35m[W3C (9d46968d)]&amp#27;[39m Calling AppiumDriver.setValue() with args: [["1","2","3","4","5"],"bf909024-2e3b-4d54-8747-4d31da7f1992","9d46968d-eb78-4d67-9e3f-aec2a476caeb"]
[debug] &amp#27;[35m[WD Proxy]&amp#27;[39m Matched '/element/bf909024-2e3b-4d54-8747-4d31da7f1992/value' to command name 'setValue'
[debug] &amp#27;[35m[Protocol Converter]&amp#27;[39m Added 'value' property ["1","2","3","4","5"] to 'setValue' request body
[debug] &amp#27;[35m[WD Proxy]&amp#27;[39m Proxying [POST /element/bf909024-2e3b-4d54-8747-4d31da7f1992/value] to [POST http://127.0.0.1:8202/wd/hub/session/d9d380e6-18d3-4c43-a2aa-1f3c8ce5f625/element/bf909024-2e3b-4d54-8747-4d31da7f1992/value] with body: {"elementId":"bf909024-2e3b-4d54-8747-4d31da7f1992","text":"12345","replace":false,"value":["1","2","3","4","5"]}
[debug] &amp#27;[35m[WD Proxy]&amp#27;[39m Got response with status 200: {"sessionId":"d9d380e6-18d3-4c43-a2aa-1f3c8ce5f625","value":null}
[debug] &amp#27;[35m[W3C (9d46968d)]&amp#27;[39m Responding to client with driver.setValue() result: null
&amp#27;[35m[HTTP]&amp#27;[39m &amp#27;[37m<-- POST /wd/hub/session/9d46968d-eb78-4d67-9e3f-aec2a476caeb/element/bf909024-2e3b-4d54-8747-4d31da7f1992/value &amp#27;[39m&amp#27;[32m200&amp#27;[39m &amp#27;[90m30 ms - 14&amp#27;[39m
&amp#27;[35m[HTTP]&amp#27;[39m &amp#27;[90m&amp#27;[39m
&amp#27;[35m[HTTP]&amp#27;[39m &amp#27;[37m-->&amp#27;[39m &amp#27;[37mPOST&amp#27;[39m &amp#27;[37m/wd/hub/session/9d46968d-eb78-4d67-9e3f-aec2a476caeb/elements&amp#27;[39m
&amp#27;[35m[HTTP]&amp#27;[39m &amp#27;[90m{"using":"class name","value":"android.widget.Button"}&amp#27;[39m
[debug] &amp#27;[35m[W3C (9d46968d)]&amp#27;[39m Calling AppiumDriver.findElements() with args: ["class name","android.widget.Button","9d46968d-eb78-4d67-9e3f-aec2a476caeb"]
[debug] &amp#27;[35m[BaseDriver]&amp#27;[39m Valid locator strategies for this request: xpath, id, class name, accessibility id, -android uiautomator
[debug] &amp#27;[35m[BaseDriver]&amp#27;[39m Waiting up to 5000 ms for condition
[debug] &amp#27;[35m[WD Proxy]&amp#27;[39m Matched '/elements' to command name 'findElements'
[debug] &amp#27;[35m[WD Proxy]&amp#27;[39m Proxying [POST /elements] to [POST http://127.0.0.1:8202/wd/hub/session/d9d380e6-18d3-4c43-a2aa-1f3c8ce5f625/elements] with body: {"strategy":"class name","selector":"android.widget.Button","context":"","multiple":true}
[debug] &amp#27;[35m[WD Proxy]&amp#27;[39m Got response with status 200: {"sessionId":"d9d380e6-18d3-4c43-a2aa-1f3c8ce5f625","value":[{"ELEMENT":"5fc48477-cfd2-4580-bd2a-ce442fa9b3f5","element-6066-11e4-a52e-4f735466cecf":"5fc48477-cfd2-4580-bd2a-ce442fa9b3f5"},{"ELEMENT":"385a286f-b810-47c8-ac73-3e1232384719","element-6066-11e4-a52e-4f735466cecf":"385a286f-b810-47c8-ac73-3e1232384719"}]}
[debug] &amp#27;[35m[W3C (9d46968d)]&amp#27;[39m Responding to client with driver.findElements() result: [{"element-6066-11e4-a52e-4f735466cecf":"5fc48477-cfd2-4580-bd2a-ce442fa9b3f5","ELEMENT":"5fc48477-cfd2-4580-bd2a-ce442fa9b3f5"},{"element-6066-11e4-a52e-4f735466cecf":"385a286f-b810-47c8-ac73-3e1232384719","ELEMENT":"385a286f-b810-47c8-ac73-3e1232384719"}]
&amp#27;[35m[HTTP]&amp#27;[39m &amp#27;[37m<-- POST /wd/hub/session/9d46968d-eb78-4d67-9e3f-aec2a476caeb/elements &amp#27;[39m&amp#27;[32m200&amp#27;[39m &amp#27;[90m601 ms - 267&amp#27;[39m
&amp#27;[35m[HTTP]&amp#27;[39m &amp#27;[90m&amp#27;[39m
&amp#27;[35m[HTTP]&amp#27;[39m &amp#27;[37m-->&amp#27;[39m &amp#27;[37mPOST&amp#27;[39m &amp#27;[37m/wd/hub/session/9d46968d-eb78-4d67-9e3f-aec2a476caeb/element/385a286f-b810-47c8-ac73-3e1232384719/click&amp#27;[39m
&amp#27;[35m[HTTP]&amp#27;[39m &amp#27;[90m{"id":"385a286f-b810-47c8-ac73-3e1232384719"}&amp#27;[39m
[debug] &amp#27;[35m[W3C (9d46968d)]&amp#27;[39m Calling AppiumDriver.click() with args: ["385a286f-b810-47c8-ac73-3e1232384719","9d46968d-eb78-4d67-9e3f-aec2a476caeb"]
[debug] &amp#27;[35m[WD Proxy]&amp#27;[39m Matched '/element/385a286f-b810-47c8-ac73-3e1232384719/click' to command name 'click'
[debug] &amp#27;[35m[WD Proxy]&amp#27;[39m Proxying [POST /element/385a286f-b810-47c8-ac73-3e1232384719/click] to [POST http://127.0.0.1:8202/wd/hub/session/d9d380e6-18d3-4c43-a2aa-1f3c8ce5f625/element/385a286f-b810-47c8-ac73-3e1232384719/click] with body: {"element":"385a286f-b810-47c8-ac73-3e1232384719"}
[debug] &amp#27;[35m[WD Proxy]&amp#27;[39m Got response with status 200: {"sessionId":"d9d380e6-18d3-4c43-a2aa-1f3c8ce5f625","value":null}
[debug] &amp#27;[35m[W3C (9d46968d)]&amp#27;[39m Responding to client with driver.click() result: null
&amp#27;[35m[HTTP]&amp#27;[39m &amp#27;[37m<-- POST /wd/hub/session/9d46968d-eb78-4d67-9e3f-aec2a476caeb/element/385a286f-b810-47c8-ac73-3e1232384719/click &amp#27;[39m&amp#27;[32m200&amp#27;[39m &amp#27;[90m19 ms - 14&amp#27;[39m
&amp#27;[35m[HTTP]&amp#27;[39m &amp#27;[90m&amp#27;[39m
]]></system-out>
    <system-err><![CDATA[Aug 27, 2020 8:36:02 PM io.appium.java_client.remote.AppiumCommandExecutor$1 lambda$0
INFO: Detected dialect: W3C
]]></system-err>
  </testcase>
</testsuite>