<?xml version="1.0" encoding="UTF-8"?>
<!-- Generated by org.testng.reporters.JUnitReportReporter -->
<testsuite skipped="0" hostname="MacBook-Pro.local" name="ecommerce.Ecommerce_tc_4" tests="1" failures="0" timestamp="28 Aug 2020 01:36:17 GMT" time="45.228" errors="0">
  <testcase name="totalValidation" time="45.228" classname="ecommerce.Ecommerce_tc_4"/>
</testsuite> <!-- ecommerce.Ecommerce_tc_4 -->
