<?xml version="1.0" encoding="UTF-8"?>
<!-- Generated by org.testng.reporters.JUnitReportReporter -->
<testsuite skipped="0" hostname="MacBook-Pro.local" name="ApiDemos" tests="2" failures="0" timestamp="28 Aug 2020 01:36:12 GMT" time="58.899" errors="0">
  <testcase name="apiDemo" time="30.393" classname="ApiDemos"/>
  <testcase name="apiDemo" time="28.506" classname="ApiDemos"/>
</testsuite> <!-- ApiDemos -->
